<?xml version="1.0" encoding="UTF-8"?>
<coverage generated="1782968410819" clover="3.2.0">
  <project timestamp="1782968410820" name="All files">
    <metrics statements="945" coveredstatements="411" conditionals="368" coveredconditionals="68" methods="359" coveredmethods="163" elements="1672" coveredelements="642" complexity="0" loc="945" ncloc="945" packages="10" files="66" classes="66"/>
    <package name="__tests__">
      <metrics statements="89" coveredstatements="89" conditionals="34" coveredconditionals="31" methods="27" coveredmethods="27"/>
      <file name="factories.ts" path="D:\DEV\nuwe-gym\src\__tests__\factories.ts">
        <metrics statements="89" coveredstatements="89" conditionals="34" coveredconditionals="31" methods="27" coveredmethods="27"/>
        <line num="23" count="23" type="stmt"/>
        <line num="28" count="134" type="stmt"/>
        <line num="33" count="134" type="cond" truecount="2" falsecount="0"/>
        <line num="34" count="16" type="stmt"/>
        <line num="47" count="16" type="stmt"/>
        <line num="53" count="89" type="stmt"/>
        <line num="65" count="89" type="stmt"/>
        <line num="69" count="89" type="stmt"/>
        <line num="75" count="24" type="stmt"/>
        <line num="84" count="24" type="stmt"/>
        <line num="92" count="28" type="stmt"/>
        <line num="93" count="28" type="stmt"/>
        <line num="94" count="28" type="stmt"/>
        <line num="95" count="28" type="stmt"/>
        <line num="110" count="28" type="stmt"/>
        <line num="114" count="28" type="stmt"/>
        <line num="121" count="17" type="stmt"/>
        <line num="122" count="17" type="stmt"/>
        <line num="132" count="17" type="stmt"/>
        <line num="138" count="7" type="stmt"/>
        <line num="145" count="7" type="stmt"/>
        <line num="153" count="23" type="stmt"/>
        <line num="154" count="23" type="stmt"/>
        <line num="155" count="23" type="stmt"/>
        <line num="158" count="56" type="cond" truecount="2" falsecount="0"/>
        <line num="159" count="47" type="stmt"/>
        <line num="164" count="47" type="cond" truecount="1" falsecount="1"/>
        <line num="166" count="9" type="stmt"/>
        <line num="170" count="9" type="stmt"/>
        <line num="171" count="9" type="stmt"/>
        <line num="175" count="7" type="cond" truecount="2" falsecount="0"/>
        <line num="176" count="5" type="stmt"/>
        <line num="181" count="5" type="cond" truecount="1" falsecount="1"/>
        <line num="183" count="2" type="stmt"/>
        <line num="184" count="2" type="stmt"/>
        <line num="185" count="2" type="stmt"/>
        <line num="189" count="6" type="cond" truecount="2" falsecount="0"/>
        <line num="190" count="3" type="stmt"/>
        <line num="195" count="3" type="cond" truecount="1" falsecount="1"/>
        <line num="197" count="3" type="stmt"/>
        <line num="201" count="3" type="stmt"/>
        <line num="202" count="3" type="stmt"/>
        <line num="208" count="56" type="stmt"/>
        <line num="209" count="56" type="stmt"/>
        <line num="219" count="55" type="stmt"/>
        <line num="225" count="31" type="stmt"/>
        <line num="235" count="31" type="stmt"/>
        <line num="242" count="7" type="stmt"/>
        <line num="243" count="7" type="stmt"/>
        <line num="244" count="8" type="stmt"/>
        <line num="246" count="7" type="stmt"/>
        <line num="258" count="7" type="stmt"/>
        <line num="259" count="8" type="stmt"/>
        <line num="260" count="8" type="stmt"/>
        <line num="269" count="7" type="stmt"/>
        <line num="276" count="34" type="stmt"/>
        <line num="277" count="34" type="stmt"/>
        <line num="285" count="36" type="stmt"/>
        <line num="294" count="36" type="stmt"/>
        <line num="302" count="34" type="stmt"/>
        <line num="303" count="34" type="stmt"/>
        <line num="309" count="5" type="stmt"/>
        <line num="319" count="5" type="stmt"/>
        <line num="326" count="5" type="stmt"/>
        <line num="336" count="5" type="stmt"/>
        <line num="342" count="6" type="stmt"/>
        <line num="343" count="6" type="stmt"/>
        <line num="353" count="6" type="stmt"/>
        <line num="360" count="8" type="stmt"/>
        <line num="372" count="8" type="stmt"/>
        <line num="380" count="7" type="stmt"/>
        <line num="381" count="7" type="stmt"/>
        <line num="392" count="7" type="stmt"/>
        <line num="398" count="51" type="stmt"/>
        <line num="408" count="51" type="stmt"/>
        <line num="416" count="6" type="stmt"/>
        <line num="417" count="6" type="stmt"/>
        <line num="418" count="6" type="stmt"/>
        <line num="419" count="6" type="stmt"/>
        <line num="420" count="6" type="stmt"/>
        <line num="431" count="6" type="stmt"/>
        <line num="437" count="9" type="stmt"/>
        <line num="438" count="9" type="stmt"/>
        <line num="447" count="9" type="stmt"/>
        <line num="451" count="22" type="stmt"/>
        <line num="465" count="22" type="stmt"/>
        <line num="478" count="22" type="stmt"/>
        <line num="479" count="22" type="stmt"/>
        <line num="480" count="22" type="stmt"/>
      </file>
    </package>
    <package name="features.invoices">
      <metrics statements="108" coveredstatements="7" conditionals="54" coveredconditionals="0" methods="17" coveredmethods="0"/>
      <file name="server.ts" path="D:\DEV\nuwe-gym\src\features\invoices\server.ts">
        <metrics statements="108" coveredstatements="7" conditionals="54" coveredconditionals="0" methods="17" coveredmethods="0"/>
        <line num="24" count="0" type="stmt"/>
        <line num="27" count="0" type="stmt"/>
        <line num="28" count="0" type="stmt"/>
        <line num="37" count="0" type="stmt"/>
        <line num="38" count="0" type="cond" truecount="0" falsecount="2"/>
        <line num="39" count="0" type="stmt"/>
        <line num="40" count="0" type="stmt"/>
        <line num="45" count="0" type="stmt"/>
        <line num="52" count="0" type="stmt"/>
        <line num="55" count="0" type="stmt"/>
        <line num="62" count="0" type="stmt"/>
        <line num="63" count="0" type="cond" truecount="0" falsecount="2"/>
        <line num="68" count="1" type="stmt"/>
        <line num="75" count="1" type="stmt"/>
        <line num="76" count="0" type="stmt"/>
        <line num="78" count="0" type="stmt"/>
        <line num="81" count="0" type="stmt"/>
        <line num="87" count="0" type="cond" truecount="0" falsecount="2"/>
        <line num="89" count="0" type="stmt"/>
        <line num="90" count="0" type="stmt"/>
        <line num="91" count="0" type="stmt"/>
        <line num="92" count="0" type="stmt"/>
        <line num="93" count="0" type="stmt"/>
        <line num="94" count="0" type="stmt"/>
        <line num="96" count="0" type="cond" truecount="0" falsecount="2"/>
        <line num="97" count="0" type="stmt"/>
        <line num="101" count="0" type="cond" truecount="0" falsecount="2"/>
        <line num="103" count="0" type="stmt"/>
        <line num="104" count="0" type="stmt"/>
        <line num="105" count="0" type="stmt"/>
        <line num="106" count="0" type="stmt"/>
        <line num="107" count="0" type="cond" truecount="0" falsecount="3"/>
        <line num="108" count="0" type="cond" truecount="0" falsecount="2"/>
        <line num="110" count="0" type="stmt"/>
        <line num="117" count="0" type="cond" truecount="0" falsecount="2"/>
        <line num="119" count="0" type="stmt"/>
        <line num="120" count="0" type="stmt"/>
        <line num="121" count="0" type="stmt"/>
        <line num="122" count="0" type="cond" truecount="0" falsecount="2"/>
        <line num="123" count="0" type="cond" truecount="0" falsecount="2"/>
        <line num="126" count="0" type="stmt"/>
        <line num="127" count="0" type="stmt"/>
        <line num="129" count="0" type="stmt"/>
        <line num="131" count="0" type="stmt"/>
        <line num="149" count="0" type="stmt"/>
        <line num="157" count="0" type="stmt"/>
        <line num="162" count="1" type="stmt"/>
        <line num="166" count="1" type="stmt"/>
        <line num="167" count="0" type="stmt"/>
        <line num="169" count="0" type="stmt"/>
        <line num="170" count="0" type="stmt"/>
        <line num="183" count="1" type="stmt"/>
        <line num="184" count="0" type="stmt"/>
        <line num="186" count="0" type="stmt"/>
        <line num="187" count="0" type="stmt"/>
        <line num="196" count="0" type="cond" truecount="0" falsecount="2"/>
        <line num="199" count="0" type="stmt"/>
        <line num="200" count="0" type="cond" truecount="0" falsecount="2"/>
        <line num="201" count="0" type="stmt"/>
        <line num="209" count="0" type="stmt"/>
        <line num="211" count="0" type="stmt"/>
        <line num="217" count="0" type="stmt"/>
        <line num="220" count="0" type="stmt"/>
        <line num="225" count="1" type="stmt"/>
        <line num="226" count="0" type="stmt"/>
        <line num="228" count="0" type="stmt"/>
        <line num="229" count="0" type="stmt"/>
        <line num="234" count="0" type="stmt"/>
        <line num="241" count="0" type="stmt"/>
        <line num="251" count="0" type="stmt"/>
        <line num="253" count="0" type="stmt"/>
        <line num="259" count="0" type="cond" truecount="0" falsecount="2"/>
        <line num="261" count="0" type="stmt"/>
        <line num="263" count="0" type="stmt"/>
        <line num="264" count="0" type="stmt"/>
        <line num="265" count="0" type="stmt"/>
        <line num="266" count="0" type="stmt"/>
        <line num="267" count="0" type="stmt"/>
        <line num="268" count="0" type="stmt"/>
        <line num="270" count="0" type="cond" truecount="0" falsecount="2"/>
        <line num="271" count="0" type="stmt"/>
        <line num="275" count="0" type="cond" truecount="0" falsecount="2"/>
        <line num="276" count="0" type="stmt"/>
        <line num="277" count="0" type="stmt"/>
        <line num="278" count="0" type="stmt"/>
        <line num="279" count="0" type="stmt"/>
        <line num="280" count="0" type="cond" truecount="0" falsecount="3"/>
        <line num="281" count="0" type="cond" truecount="0" falsecount="2"/>
        <line num="283" count="0" type="stmt"/>
        <line num="287" count="0" type="cond" truecount="0" falsecount="2"/>
        <line num="288" count="0" type="stmt"/>
        <line num="289" count="0" type="stmt"/>
        <line num="290" count="0" type="stmt"/>
        <line num="291" count="0" type="cond" truecount="0" falsecount="2"/>
        <line num="292" count="0" type="cond" truecount="0" falsecount="2"/>
        <line num="295" count="0" type="stmt"/>
        <line num="296" count="0" type="stmt"/>
        <line num="298" count="0" type="stmt"/>
        <line num="315" count="0" type="stmt"/>
        <line num="321" count="1" type="stmt"/>
        <line num="323" count="0" type="stmt"/>
        <line num="324" count="0" type="stmt"/>
        <line num="325" count="0" type="stmt"/>
        <line num="326" count="0" type="stmt"/>
        <line num="327" count="0" type="stmt"/>
        <line num="328" count="0" type="stmt"/>
        <line num="329" count="0" type="stmt"/>
        <line num="330" count="0" type="stmt"/>
      </file>
    </package>
    <package name="features.loyalty">
      <metrics statements="139" coveredstatements="13" conditionals="103" coveredconditionals="0" methods="33" coveredmethods="0"/>
      <file name="server.ts" path="D:\DEV\nuwe-gym\src\features\loyalty\server.ts">
        <metrics statements="139" coveredstatements="13" conditionals="103" coveredconditionals="0" methods="33" coveredmethods="0"/>
        <line num="22" count="1" type="stmt"/>
        <line num="32" count="0" type="stmt"/>
        <line num="33" count="0" type="stmt"/>
        <line num="34" count="0" type="stmt"/>
        <line num="35" count="0" type="cond" truecount="0" falsecount="2"/>
        <line num="37" count="0" type="cond" truecount="0" falsecount="2"/>
        <line num="47" count="0" type="stmt"/>
        <line num="53" count="0" type="cond" truecount="0" falsecount="2"/>
        <line num="54" count="0" type="stmt"/>
        <line num="59" count="0" type="stmt"/>
        <line num="64" count="0" type="stmt"/>
        <line num="68" count="0" type="stmt"/>
        <line num="75" count="0" type="stmt"/>
        <line num="78" count="0" type="stmt"/>
        <line num="83" count="0" type="stmt"/>
        <line num="85" count="0" type="cond" truecount="0" falsecount="2"/>
        <line num="86" count="0" type="stmt"/>
        <line num="90" count="0" type="cond" truecount="0" falsecount="2"/>
        <line num="93" count="0" type="cond" truecount="0" falsecount="2"/>
        <line num="94" count="0" type="stmt"/>
        <line num="99" count="0" type="stmt"/>
        <line num="100" count="0" type="stmt"/>
        <line num="104" count="0" type="stmt"/>
        <line num="105" count="0" type="cond" truecount="0" falsecount="2"/>
        <line num="106" count="0" type="stmt"/>
        <line num="108" count="0" type="stmt"/>
        <line num="109" count="0" type="stmt"/>
        <line num="110" count="0" type="stmt"/>
        <line num="116" count="0" type="stmt"/>
        <line num="127" count="0" type="stmt"/>
        <line num="129" count="0" type="stmt"/>
        <line num="139" count="0" type="cond" truecount="0" falsecount="2"/>
        <line num="141" count="0" type="stmt"/>
        <line num="142" count="0" type="cond" truecount="0" falsecount="2"/>
        <line num="144" count="0" type="stmt"/>
        <line num="154" count="0" type="cond" truecount="0" falsecount="2"/>
        <line num="155" count="0" type="stmt"/>
        <line num="158" count="0" type="stmt"/>
        <line num="161" count="0" type="stmt"/>
        <line num="163" count="0" type="cond" truecount="0" falsecount="2"/>
        <line num="164" count="0" type="stmt"/>
        <line num="175" count="0" type="stmt"/>
        <line num="185" count="0" type="cond" truecount="0" falsecount="4"/>
        <line num="186" count="0" type="stmt"/>
        <line num="197" count="0" type="cond" truecount="0" falsecount="4"/>
        <line num="198" count="0" type="stmt"/>
        <line num="199" count="0" type="stmt"/>
        <line num="209" count="0" type="stmt"/>
        <line num="211" count="0" type="stmt"/>
        <line num="212" count="0" type="stmt"/>
        <line num="213" count="0" type="cond" truecount="0" falsecount="2"/>
        <line num="216" count="0" type="stmt"/>
        <line num="223" count="0" type="cond" truecount="0" falsecount="2"/>
        <line num="225" count="0" type="stmt"/>
        <line num="226" count="0" type="cond" truecount="0" falsecount="3"/>
        <line num="228" count="0" type="stmt"/>
        <line num="232" count="0" type="cond" truecount="0" falsecount="2"/>
        <line num="233" count="0" type="stmt"/>
        <line num="235" count="0" type="stmt"/>
        <line num="239" count="0" type="cond" truecount="0" falsecount="2"/>
        <line num="240" count="0" type="stmt"/>
        <line num="242" count="0" type="stmt"/>
        <line num="246" count="0" type="cond" truecount="0" falsecount="2"/>
        <line num="247" count="0" type="stmt"/>
        <line num="250" count="0" type="cond" truecount="0" falsecount="2"/>
        <line num="251" count="0" type="stmt"/>
        <line num="252" count="0" type="cond" truecount="0" falsecount="2"/>
        <line num="253" count="0" type="stmt"/>
        <line num="262" count="1" type="stmt"/>
        <line num="264" count="1" type="stmt"/>
        <line num="265" count="0" type="stmt"/>
        <line num="267" count="0" type="stmt"/>
        <line num="268" count="0" type="stmt"/>
        <line num="274" count="0" type="cond" truecount="0" falsecount="2"/>
        <line num="275" count="0" type="stmt"/>
        <line num="276" count="0" type="stmt"/>
        <line num="284" count="0" type="stmt"/>
        <line num="293" count="0" type="stmt"/>
        <line num="299" count="0" type="stmt"/>
        <line num="303" count="0" type="cond" truecount="0" falsecount="2"/>
        <line num="307" count="0" type="stmt"/>
        <line num="312" count="0" type="stmt"/>
        <line num="317" count="0" type="stmt"/>
        <line num="319" count="0" type="stmt"/>
        <line num="323" count="0" type="stmt"/>
        <line num="325" count="0" type="cond" truecount="0" falsecount="2"/>
        <line num="333" count="1" type="stmt"/>
        <line num="339" count="1" type="stmt"/>
        <line num="340" count="0" type="stmt"/>
        <line num="342" count="0" type="stmt"/>
        <line num="343" count="0" type="stmt"/>
        <line num="349" count="0" type="cond" truecount="0" falsecount="2"/>
        <line num="350" count="0" type="cond" truecount="0" falsecount="2"/>
        <line num="351" count="0" type="stmt"/>
        <line num="352" count="0" type="stmt"/>
        <line num="356" count="0" type="stmt"/>
        <line num="361" count="0" type="stmt"/>
        <line num="366" count="1" type="stmt"/>
        <line num="367" count="0" type="stmt"/>
        <line num="369" count="0" type="stmt"/>
        <line num="370" count="0" type="stmt"/>
        <line num="375" count="0" type="stmt"/>
        <line num="376" count="0" type="cond" truecount="0" falsecount="2"/>
        <line num="377" count="0" type="cond" truecount="0" falsecount="2"/>
        <line num="378" count="0" type="stmt"/>
        <line num="379" count="0" type="stmt"/>
        <line num="380" count="0" type="stmt"/>
        <line num="385" count="1" type="stmt"/>
        <line num="387" count="0" type="stmt"/>
        <line num="388" count="0" type="stmt"/>
        <line num="391" count="1" type="stmt"/>
        <line num="401" count="1" type="stmt"/>
        <line num="402" count="0" type="stmt"/>
        <line num="404" count="0" type="stmt"/>
        <line num="405" count="0" type="stmt"/>
        <line num="414" count="0" type="stmt"/>
        <line num="418" count="0" type="stmt"/>
        <line num="421" count="1" type="stmt"/>
        <line num="423" count="1" type="stmt"/>
        <line num="424" count="0" type="stmt"/>
        <line num="426" count="0" type="stmt"/>
        <line num="427" count="0" type="stmt"/>
        <line num="429" count="0" type="stmt"/>
        <line num="434" count="0" type="stmt"/>
        <line num="438" count="1" type="stmt"/>
        <line num="440" count="1" type="stmt"/>
        <line num="441" count="0" type="stmt"/>
        <line num="443" count="0" type="stmt"/>
        <line num="444" count="0" type="stmt"/>
        <line num="449" count="0" type="stmt"/>
        <line num="450" count="0" type="cond" truecount="0" falsecount="2"/>
        <line num="451" count="0" type="cond" truecount="0" falsecount="2"/>
        <line num="452" count="0" type="cond" truecount="0" falsecount="4"/>
        <line num="453" count="0" type="cond" truecount="0" falsecount="4"/>
        <line num="454" count="0" type="cond" truecount="0" falsecount="2"/>
        <line num="455" count="0" type="cond" truecount="0" falsecount="2"/>
        <line num="458" count="0" type="stmt"/>
        <line num="463" count="0" type="stmt"/>
        <line num="464" count="0" type="stmt"/>
      </file>
    </package>
    <package name="features.members">
      <metrics statements="73" coveredstatements="34" conditionals="52" coveredconditionals="16" methods="24" coveredmethods="10"/>
      <file name="branch-access-server.ts" path="D:\DEV\nuwe-gym\src\features\members\branch-access-server.ts">
        <metrics statements="38" coveredstatements="25" conditionals="16" coveredconditionals="11" methods="14" coveredmethods="8"/>
        <line num="14" count="1" type="stmt"/>
        <line num="18" count="1" type="stmt"/>
        <line num="19" count="0" type="stmt"/>
        <line num="21" count="0" type="stmt"/>
        <line num="22" count="0" type="stmt"/>
        <line num="30" count="1" type="stmt"/>
        <line num="35" count="1" type="stmt"/>
        <line num="36" count="0" type="stmt"/>
        <line num="38" count="0" type="stmt"/>
        <line num="40" count="0" type="stmt"/>
        <line num="42" count="0" type="stmt"/>
        <line num="47" count="0" type="cond" truecount="0" falsecount="2"/>
        <line num="48" count="0" type="stmt"/>
        <line num="49" count="0" type="stmt"/>
        <line num="57" count="0" type="stmt"/>
        <line num="62" count="0" type="stmt"/>
        <line num="70" count="0" type="stmt"/>
        <line num="79" count="6" type="stmt"/>
        <line num="83" count="6" type="cond" truecount="2" falsecount="0"/>
        <line num="86" count="5" type="cond" truecount="2" falsecount="0"/>
        <line num="89" count="4" type="stmt"/>
        <line num="90" count="4" type="cond" truecount="2" falsecount="0"/>
        <line num="94" count="4" type="cond" truecount="2" falsecount="0"/>
        <line num="97" count="3" type="cond" truecount="2" falsecount="0"/>
        <line num="98" count="1" type="stmt"/>
        <line num="103" count="1" type="cond" truecount="1" falsecount="1"/>
        <line num="106" count="2" type="stmt"/>
        <line num="113" count="8" type="stmt"/>
        <line num="119" count="8" type="stmt"/>
        <line num="125" count="8" type="stmt"/>
        <line num="131" count="8" type="stmt"/>
        <line num="134" count="8" type="stmt"/>
        <line num="135" count="8" type="stmt"/>
        <line num="137" count="8" type="stmt"/>
        <line num="138" count="3" type="stmt"/>
        <line num="139" count="4" type="stmt"/>
        <line num="140" count="2" type="stmt"/>
        <line num="143" count="8" type="stmt"/>
      </file>
      <file name="members.repository.ts" path="D:\DEV\nuwe-gym\src\features\members\members.repository.ts">
        <metrics statements="35" coveredstatements="9" conditionals="36" coveredconditionals="5" methods="10" coveredmethods="2"/>
        <line num="19" count="8" type="stmt"/>
        <line num="20" count="8" type="cond" truecount="1" falsecount="1"/>
        <line num="21" count="0" type="stmt"/>
        <line num="29" count="8" type="cond" truecount="2" falsecount="0"/>
        <line num="31" count="7" type="stmt"/>
        <line num="37" count="7" type="stmt"/>
        <line num="41" count="7" type="stmt"/>
        <line num="53" count="8" type="cond" truecount="2" falsecount="0"/>
        <line num="55" count="8" type="stmt"/>
        <line num="61" count="8" type="stmt"/>
        <line num="71" count="0" type="stmt"/>
        <line num="78" count="0" type="stmt"/>
        <line num="104" count="0" type="stmt"/>
        <line num="105" count="0" type="stmt"/>
        <line num="107" count="0" type="stmt"/>
        <line num="108" count="0" type="cond" truecount="0" falsecount="2"/>
        <line num="109" count="0" type="stmt"/>
        <line num="114" count="0" type="stmt"/>
        <line num="115" count="0" type="cond" truecount="0" falsecount="2"/>
        <line num="118" count="0" type="stmt"/>
        <line num="139" count="0" type="stmt"/>
        <line num="148" count="0" type="stmt"/>
        <line num="169" count="0" type="stmt"/>
        <line num="173" count="0" type="stmt"/>
        <line num="174" count="0" type="stmt"/>
        <line num="175" count="0" type="stmt"/>
        <line num="176" count="0" type="stmt"/>
        <line num="177" count="0" type="stmt"/>
        <line num="178" count="0" type="stmt"/>
        <line num="179" count="0" type="stmt"/>
        <line num="180" count="0" type="stmt"/>
        <line num="181" count="0" type="stmt"/>
        <line num="183" count="0" type="stmt"/>
        <line num="187" count="0" type="stmt"/>
        <line num="192" count="0" type="stmt"/>
      </file>
    </package>
    <package name="features.sales">
      <metrics statements="147" coveredstatements="11" conditionals="78" coveredconditionals="4" methods="27" coveredmethods="1"/>
      <file name="server.ts" path="D:\DEV\nuwe-gym\src\features\sales\server.ts">
        <metrics statements="147" coveredstatements="11" conditionals="78" coveredconditionals="4" methods="27" coveredmethods="1"/>
        <line num="33" count="0" type="stmt"/>
        <line num="34" count="0" type="stmt"/>
        <line num="43" count="0" type="stmt"/>
        <line num="53" count="0" type="stmt"/>
        <line num="54" count="0" type="stmt"/>
        <line num="56" count="0" type="stmt"/>
        <line num="57" count="0" type="cond" truecount="0" falsecount="2"/>
        <line num="58" count="0" type="stmt"/>
        <line num="59" count="0" type="stmt"/>
        <line num="61" count="0" type="stmt"/>
        <line num="62" count="0" type="stmt"/>
        <line num="63" count="0" type="stmt"/>
        <line num="64" count="0" type="stmt"/>
        <line num="65" count="0" type="stmt"/>
        <line num="67" count="0" type="stmt"/>
        <line num="79" count="0" type="cond" truecount="0" falsecount="2"/>
        <line num="80" count="0" type="stmt"/>
        <line num="87" count="0" type="stmt"/>
        <line num="106" count="0" type="stmt"/>
        <line num="111" count="0" type="stmt"/>
        <line num="112" count="0" type="cond" truecount="0" falsecount="2"/>
        <line num="113" count="0" type="cond" truecount="0" falsecount="2"/>
        <line num="115" count="0" type="stmt"/>
        <line num="125" count="0" type="stmt"/>
        <line num="136" count="0" type="stmt"/>
        <line num="154" count="0" type="stmt"/>
        <line num="164" count="0" type="stmt"/>
        <line num="179" count="0" type="stmt"/>
        <line num="194" count="0" type="stmt"/>
        <line num="209" count="0" type="stmt"/>
        <line num="220" count="0" type="stmt"/>
        <line num="221" count="0" type="stmt"/>
        <line num="222" count="0" type="stmt"/>
        <line num="228" count="0" type="stmt"/>
        <line num="229" count="0" type="stmt"/>
        <line num="230" count="0" type="stmt"/>
        <line num="231" count="0" type="stmt"/>
        <line num="237" count="0" type="stmt"/>
        <line num="268" count="0" type="stmt"/>
        <line num="270" count="0" type="stmt"/>
        <line num="271" count="0" type="stmt"/>
        <line num="281" count="0" type="stmt"/>
        <line num="284" count="0" type="stmt"/>
        <line num="289" count="0" type="stmt"/>
        <line num="290" count="0" type="stmt"/>
        <line num="291" count="0" type="stmt"/>
        <line num="292" count="0" type="cond" truecount="0" falsecount="2"/>
        <line num="294" count="0" type="stmt"/>
        <line num="297" count="0" type="stmt"/>
        <line num="298" count="0" type="stmt"/>
        <line num="300" count="0" type="stmt"/>
        <line num="301" count="0" type="stmt"/>
        <line num="302" count="0" type="stmt"/>
        <line num="303" count="0" type="stmt"/>
        <line num="304" count="0" type="stmt"/>
        <line num="305" count="0" type="stmt"/>
        <line num="307" count="0" type="stmt"/>
        <line num="308" count="0" type="stmt"/>
        <line num="309" count="0" type="stmt"/>
        <line num="310" count="0" type="stmt"/>
        <line num="312" count="0" type="stmt"/>
        <line num="313" count="0" type="stmt"/>
        <line num="314" count="0" type="stmt"/>
        <line num="316" count="0" type="cond" truecount="0" falsecount="2"/>
        <line num="317" count="0" type="cond" truecount="0" falsecount="2"/>
        <line num="319" count="0" type="stmt"/>
        <line num="320" count="0" type="stmt"/>
        <line num="321" count="0" type="stmt"/>
        <line num="322" count="0" type="stmt"/>
        <line num="324" count="0" type="stmt"/>
        <line num="334" count="0" type="stmt"/>
        <line num="348" count="9" type="cond" truecount="2" falsecount="0"/>
        <line num="349" count="2" type="cond" truecount="2" falsecount="0"/>
        <line num="350" count="1" type="stmt"/>
        <line num="355" count="1" type="stmt"/>
        <line num="359" count="1" type="stmt"/>
        <line num="360" count="0" type="stmt"/>
        <line num="362" count="0" type="stmt"/>
        <line num="364" count="0" type="stmt"/>
        <line num="365" count="0" type="stmt"/>
        <line num="374" count="0" type="stmt"/>
        <line num="383" count="0" type="stmt"/>
        <line num="395" count="1" type="stmt"/>
        <line num="399" count="1" type="stmt"/>
        <line num="400" count="0" type="stmt"/>
        <line num="402" count="0" type="stmt"/>
        <line num="403" count="0" type="stmt"/>
        <line num="421" count="1" type="stmt"/>
        <line num="425" count="1" type="stmt"/>
        <line num="426" count="0" type="stmt"/>
        <line num="428" count="0" type="stmt"/>
        <line num="430" count="0" type="stmt"/>
        <line num="431" count="0" type="stmt"/>
        <line num="433" count="0" type="cond" truecount="0" falsecount="2"/>
        <line num="436" count="0" type="cond" truecount="0" falsecount="2"/>
        <line num="440" count="0" type="stmt"/>
        <line num="445" count="0" type="stmt"/>
        <line num="450" count="0" type="stmt"/>
        <line num="459" count="1" type="stmt"/>
        <line num="474" count="1" type="stmt"/>
        <line num="475" count="0" type="stmt"/>
        <line num="477" count="0" type="stmt"/>
        <line num="481" count="0" type="stmt"/>
        <line num="482" count="0" type="stmt"/>
        <line num="491" count="0" type="cond" truecount="0" falsecount="2"/>
        <line num="492" count="0" type="stmt"/>
        <line num="495" count="0" type="stmt"/>
        <line num="497" count="0" type="stmt"/>
        <line num="498" count="0" type="stmt"/>
        <line num="499" count="0" type="stmt"/>
        <line num="502" count="0" type="stmt"/>
        <line num="503" count="0" type="cond" truecount="0" falsecount="2"/>
        <line num="504" count="0" type="cond" truecount="0" falsecount="2"/>
        <line num="506" count="0" type="stmt"/>
        <line num="523" count="0" type="stmt"/>
        <line num="524" count="0" type="stmt"/>
        <line num="527" count="0" type="cond" truecount="0" falsecount="2"/>
        <line num="533" count="0" type="stmt"/>
        <line num="536" count="0" type="stmt"/>
        <line num="537" count="0" type="stmt"/>
        <line num="538" count="0" type="cond" truecount="0" falsecount="4"/>
        <line num="539" count="0" type="stmt"/>
        <line num="548" count="0" type="stmt"/>
        <line num="551" count="0" type="stmt"/>
        <line num="552" count="0" type="stmt"/>
        <line num="554" count="0" type="stmt"/>
        <line num="562" count="0" type="stmt"/>
        <line num="564" count="0" type="cond" truecount="0" falsecount="2"/>
        <line num="565" count="0" type="stmt"/>
        <line num="568" count="0" type="stmt"/>
        <line num="569" count="0" type="cond" truecount="0" falsecount="2"/>
        <line num="570" count="0" type="stmt"/>
        <line num="571" count="0" type="cond" truecount="0" falsecount="2"/>
        <line num="572" count="0" type="stmt"/>
        <line num="577" count="0" type="cond" truecount="0" falsecount="2"/>
        <line num="578" count="0" type="cond" truecount="0" falsecount="2"/>
        <line num="579" count="0" type="stmt"/>
        <line num="584" count="0" type="stmt"/>
        <line num="591" count="0" type="stmt"/>
        <line num="607" count="0" type="stmt"/>
        <line num="620" count="0" type="stmt"/>
        <line num="630" count="0" type="stmt"/>
        <line num="633" count="0" type="stmt"/>
        <line num="642" count="0" type="cond" truecount="0" falsecount="2"/>
        <line num="643" count="0" type="stmt"/>
        <line num="647" count="0" type="stmt"/>
        <line num="649" count="0" type="stmt"/>
      </file>
    </package>
    <package name="shared.components">
      <metrics statements="2" coveredstatements="2" conditionals="6" coveredconditionals="5" methods="2" coveredmethods="2"/>
      <file name="page-header.tsx" path="D:\DEV\nuwe-gym\src\shared\components\page-header.tsx">
        <metrics statements="1" coveredstatements="1" conditionals="2" coveredconditionals="2" methods="1" coveredmethods="1"/>
        <line num="19" count="5" type="stmt"/>
      </file>
      <file name="search-input.tsx" path="D:\DEV\nuwe-gym\src\shared\components\search-input.tsx">
        <metrics statements="1" coveredstatements="1" conditionals="4" coveredconditionals="3" methods="1" coveredmethods="1"/>
        <line num="20" count="5" type="stmt"/>
      </file>
    </package>
    <package name="shared.components.ui">
      <metrics statements="1" coveredstatements="1" conditionals="0" coveredconditionals="0" methods="1" coveredmethods="1"/>
      <file name="input.tsx" path="D:\DEV\nuwe-gym\src\shared\components\ui\input.tsx">
        <metrics statements="1" coveredstatements="1" conditionals="0" coveredconditionals="0" methods="1" coveredmethods="1"/>
        <line num="6" count="5" type="stmt"/>
      </file>
    </package>
    <package name="shared.db">
      <metrics statements="6" coveredstatements="5" conditionals="2" coveredconditionals="1" methods="0" coveredmethods="0"/>
      <file name="index.ts" path="D:\DEV\nuwe-gym\src\shared\db\index.ts">
        <metrics statements="6" coveredstatements="5" conditionals="2" coveredconditionals="1" methods="0" coveredmethods="0"/>
        <line num="5" count="23" type="stmt"/>
        <line num="6" count="23" type="stmt"/>
        <line num="7" count="23" type="cond" truecount="1" falsecount="1"/>
        <line num="8" count="0" type="stmt"/>
        <line num="9" count="23" type="stmt"/>
        <line num="10" count="23" type="stmt"/>
      </file>
    </package>
    <package name="shared.db.schema">
      <metrics statements="316" coveredstatements="218" conditionals="0" coveredconditionals="0" methods="214" coveredmethods="116"/>
      <file name="audit-logs.ts" path="D:\DEV\nuwe-gym\src\shared\db\schema\audit-logs.ts">
        <metrics statements="3" coveredstatements="3" conditionals="0" coveredconditionals="0" methods="0" coveredmethods="0"/>
        <line num="10" count="23" type="stmt"/>
        <line num="23" count="23" type="stmt"/>
        <line num="48" count="23" type="stmt"/>
      </file>
      <file name="auth.ts" path="D:\DEV\nuwe-gym\src\shared\db\schema\auth.ts">
        <metrics statements="7" coveredstatements="4" conditionals="0" coveredconditionals="0" methods="3" coveredmethods="0"/>
        <line num="4" count="23" type="stmt"/>
        <line num="14" count="0" type="stmt"/>
        <line num="22" count="23" type="stmt"/>
        <line num="32" count="0" type="stmt"/>
        <line num="35" count="23" type="stmt"/>
        <line num="41" count="0" type="stmt"/>
        <line num="53" count="23" type="stmt"/>
      </file>
      <file name="branches.ts" path="D:\DEV\nuwe-gym\src\shared\db\schema\branches.ts">
        <metrics statements="5" coveredstatements="3" conditionals="0" coveredconditionals="0" methods="3" coveredmethods="1"/>
        <line num="11" count="23" type="stmt"/>
        <line num="25" count="23" type="stmt"/>
        <line num="28" count="23" type="stmt"/>
        <line num="32" count="0" type="stmt"/>
        <line num="35" count="0" type="stmt"/>
      </file>
      <file name="cash-register.ts" path="D:\DEV\nuwe-gym\src\shared\db\schema\cash-register.ts">
        <metrics statements="5" coveredstatements="2" conditionals="0" coveredconditionals="0" methods="3" coveredmethods="0"/>
        <line num="10" count="23" type="stmt"/>
        <line num="14" count="0" type="stmt"/>
        <line num="15" count="0" type="stmt"/>
        <line num="36" count="23" type="stmt"/>
        <line num="40" count="0" type="stmt"/>
      </file>
      <file name="check-ins.ts" path="D:\DEV\nuwe-gym\src\shared\db\schema\check-ins.ts">
        <metrics statements="4" coveredstatements="2" conditionals="0" coveredconditionals="0" methods="3" coveredmethods="1"/>
        <line num="6" count="23" type="stmt"/>
        <line num="12" count="0" type="stmt"/>
        <line num="16" count="0" type="stmt"/>
        <line num="21" count="23" type="stmt"/>
      </file>
      <file name="class-waitlist.ts" path="D:\DEV\nuwe-gym\src\shared\db\schema\class-waitlist.ts">
        <metrics statements="4" coveredstatements="2" conditionals="0" coveredconditionals="0" methods="3" coveredmethods="1"/>
        <line num="10" count="23" type="stmt"/>
        <line num="16" count="0" type="stmt"/>
        <line num="19" count="0" type="stmt"/>
        <line num="22" count="23" type="stmt"/>
      </file>
      <file name="classes.ts" path="D:\DEV\nuwe-gym\src\shared\db\schema\classes.ts">
        <metrics statements="9" coveredstatements="6" conditionals="0" coveredconditionals="0" methods="6" coveredmethods="3"/>
        <line num="13" count="23" type="stmt"/>
        <line num="24" count="1" type="stmt"/>
        <line num="27" count="23" type="stmt"/>
        <line num="33" count="0" type="stmt"/>
        <line num="40" count="23" type="stmt"/>
        <line num="43" count="23" type="stmt"/>
        <line num="49" count="0" type="stmt"/>
        <line num="52" count="0" type="stmt"/>
        <line num="56" count="23" type="stmt"/>
      </file>
      <file name="corporate-accounts.ts" path="D:\DEV\nuwe-gym\src\shared\db\schema\corporate-accounts.ts">
        <metrics statements="3" coveredstatements="1" conditionals="0" coveredconditionals="0" methods="2" coveredmethods="0"/>
        <line num="10" count="23" type="stmt"/>
        <line num="20" count="0" type="stmt"/>
        <line num="25" count="0" type="stmt"/>
      </file>
      <file name="employee-attendance.ts" path="D:\DEV\nuwe-gym\src\shared\db\schema\employee-attendance.ts">
        <metrics statements="3" coveredstatements="2" conditionals="0" coveredconditionals="0" methods="2" coveredmethods="1"/>
        <line num="10" count="23" type="stmt"/>
        <line num="16" count="0" type="stmt"/>
        <line num="25" count="23" type="stmt"/>
      </file>
      <file name="employee-bonuses.ts" path="D:\DEV\nuwe-gym\src\shared\db\schema\employee-bonuses.ts">
        <metrics statements="3" coveredstatements="2" conditionals="0" coveredconditionals="0" methods="2" coveredmethods="1"/>
        <line num="10" count="23" type="stmt"/>
        <line num="16" count="0" type="stmt"/>
        <line num="25" count="23" type="stmt"/>
      </file>
      <file name="employee-contracts.ts" path="D:\DEV\nuwe-gym\src\shared\db\schema\employee-contracts.ts">
        <metrics statements="4" coveredstatements="2" conditionals="0" coveredconditionals="0" methods="3" coveredmethods="1"/>
        <line num="11" count="23" type="stmt"/>
        <line num="17" count="0" type="stmt"/>
        <line num="36" count="0" type="stmt"/>
        <line num="38" count="23" type="stmt"/>
      </file>
      <file name="employee-documents.ts" path="D:\DEV\nuwe-gym\src\shared\db\schema\employee-documents.ts">
        <metrics statements="5" coveredstatements="2" conditionals="0" coveredconditionals="0" methods="4" coveredmethods="1"/>
        <line num="11" count="23" type="stmt"/>
        <line num="17" count="0" type="stmt"/>
        <line num="25" count="0" type="stmt"/>
        <line num="30" count="0" type="stmt"/>
        <line num="32" count="23" type="stmt"/>
      </file>
      <file name="employee-performance.ts" path="D:\DEV\nuwe-gym\src\shared\db\schema\employee-performance.ts">
        <metrics statements="5" coveredstatements="2" conditionals="0" coveredconditionals="0" methods="4" coveredmethods="1"/>
        <line num="12" count="23" type="stmt"/>
        <line num="18" count="0" type="stmt"/>
        <line num="20" count="0" type="stmt"/>
        <line num="40" count="0" type="stmt"/>
        <line num="42" count="23" type="stmt"/>
      </file>
      <file name="employee-schedules.ts" path="D:\DEV\nuwe-gym\src\shared\db\schema\employee-schedules.ts">
        <metrics statements="3" coveredstatements="2" conditionals="0" coveredconditionals="0" methods="2" coveredmethods="1"/>
        <line num="12" count="23" type="stmt"/>
        <line num="18" count="0" type="stmt"/>
        <line num="27" count="23" type="stmt"/>
      </file>
      <file name="employee-vacations.ts" path="D:\DEV\nuwe-gym\src\shared\db\schema\employee-vacations.ts">
        <metrics statements="3" coveredstatements="2" conditionals="0" coveredconditionals="0" methods="2" coveredmethods="1"/>
        <line num="11" count="23" type="stmt"/>
        <line num="17" count="0" type="stmt"/>
        <line num="30" count="23" type="stmt"/>
      </file>
      <file name="employees.ts" path="D:\DEV\nuwe-gym\src\shared\db\schema\employees.ts">
        <metrics statements="4" coveredstatements="2" conditionals="0" coveredconditionals="0" methods="3" coveredmethods="1"/>
        <line num="12" count="23" type="stmt"/>
        <line num="16" count="0" type="stmt"/>
        <line num="17" count="0" type="stmt"/>
        <line num="40" count="23" type="stmt"/>
      </file>
      <file name="enums.ts" path="D:\DEV\nuwe-gym\src\shared\db\schema\enums.ts">
        <metrics statements="12" coveredstatements="12" conditionals="0" coveredconditionals="0" methods="0" coveredmethods="0"/>
        <line num="3" count="23" type="stmt"/>
        <line num="9" count="23" type="stmt"/>
        <line num="14" count="23" type="stmt"/>
        <line num="20" count="23" type="stmt"/>
        <line num="27" count="23" type="stmt"/>
        <line num="28" count="23" type="stmt"/>
        <line num="36" count="23" type="stmt"/>
        <line num="40" count="23" type="stmt"/>
        <line num="44" count="23" type="stmt"/>
        <line num="50" count="23" type="stmt"/>
        <line num="55" count="23" type="stmt"/>
        <line num="61" count="23" type="stmt"/>
      </file>
      <file name="family-groups.ts" path="D:\DEV\nuwe-gym\src\shared\db\schema\family-groups.ts">
        <metrics statements="7" coveredstatements="2" conditionals="0" coveredconditionals="0" methods="5" coveredmethods="0"/>
        <line num="12" count="23" type="stmt"/>
        <line num="17" count="0" type="stmt"/>
        <line num="19" count="0" type="stmt"/>
        <line num="25" count="0" type="stmt"/>
        <line num="28" count="23" type="stmt"/>
        <line num="32" count="0" type="stmt"/>
        <line num="35" count="0" type="stmt"/>
      </file>
      <file name="guest-passes.ts" path="D:\DEV\nuwe-gym\src\shared\db\schema\guest-passes.ts">
        <metrics statements="5" coveredstatements="3" conditionals="0" coveredconditionals="0" methods="3" coveredmethods="1"/>
        <line num="12" count="23" type="stmt"/>
        <line num="19" count="23" type="stmt"/>
        <line num="25" count="0" type="stmt"/>
        <line num="31" count="0" type="stmt"/>
        <line num="37" count="23" type="stmt"/>
      </file>
      <file name="index.ts" path="D:\DEV\nuwe-gym\src\shared\db\schema\index.ts">
        <metrics statements="0" coveredstatements="0" conditionals="0" coveredconditionals="0" methods="0" coveredmethods="0"/>
      </file>
      <file name="inventory.ts" path="D:\DEV\nuwe-gym\src\shared\db\schema\inventory.ts">
        <metrics statements="4" coveredstatements="2" conditionals="0" coveredconditionals="0" methods="3" coveredmethods="1"/>
        <line num="13" count="23" type="stmt"/>
        <line num="19" count="0" type="stmt"/>
        <line num="30" count="0" type="stmt"/>
        <line num="33" count="23" type="stmt"/>
      </file>
      <file name="invoices.ts" path="D:\DEV\nuwe-gym\src\shared\db\schema\invoices.ts">
        <metrics statements="8" coveredstatements="3" conditionals="0" coveredconditionals="0" methods="6" coveredmethods="1"/>
        <line num="14" count="23" type="stmt"/>
        <line num="21" count="0" type="stmt"/>
        <line num="31" count="0" type="stmt"/>
        <line num="38" count="0" type="stmt"/>
        <line num="40" count="23" type="stmt"/>
        <line num="54" count="23" type="stmt"/>
        <line num="57" count="0" type="stmt"/>
        <line num="64" count="0" type="stmt"/>
      </file>
      <file name="loyalty.ts" path="D:\DEV\nuwe-gym\src\shared\db\schema\loyalty.ts">
        <metrics statements="19" coveredstatements="12" conditionals="0" coveredconditionals="0" methods="11" coveredmethods="4"/>
        <line num="16" count="23" type="stmt"/>
        <line num="29" count="23" type="stmt"/>
        <line num="35" count="0" type="stmt"/>
        <line num="43" count="23" type="stmt"/>
        <line num="51" count="23" type="stmt"/>
        <line num="65" count="23" type="stmt"/>
        <line num="69" count="0" type="stmt"/>
        <line num="71" count="0" type="stmt"/>
        <line num="75" count="23" type="stmt"/>
        <line num="80" count="23" type="stmt"/>
        <line num="93" count="23" type="stmt"/>
        <line num="97" count="0" type="stmt"/>
        <line num="98" count="0" type="stmt"/>
        <line num="105" count="23" type="stmt"/>
        <line num="112" count="23" type="stmt"/>
        <line num="123" count="23" type="stmt"/>
        <line num="127" count="0" type="stmt"/>
        <line num="128" count="0" type="stmt"/>
        <line num="131" count="23" type="stmt"/>
      </file>
      <file name="member-branches.ts" path="D:\DEV\nuwe-gym\src\shared\db\schema\member-branches.ts">
        <metrics statements="4" coveredstatements="2" conditionals="0" coveredconditionals="0" methods="3" coveredmethods="1"/>
        <line num="5" count="23" type="stmt"/>
        <line num="11" count="0" type="stmt"/>
        <line num="14" count="0" type="stmt"/>
        <line num="17" count="23" type="stmt"/>
      </file>
      <file name="member-evaluations.ts" path="D:\DEV\nuwe-gym\src\shared\db\schema\member-evaluations.ts">
        <metrics statements="5" coveredstatements="2" conditionals="0" coveredconditionals="0" methods="4" coveredmethods="1"/>
        <line num="12" count="23" type="stmt"/>
        <line num="18" count="0" type="stmt"/>
        <line num="21" count="0" type="stmt"/>
        <line num="45" count="0" type="stmt"/>
        <line num="47" count="23" type="stmt"/>
      </file>
      <file name="member-payment-methods.ts" path="D:\DEV\nuwe-gym\src\shared\db\schema\member-payment-methods.ts">
        <metrics statements="4" coveredstatements="2" conditionals="0" coveredconditionals="0" methods="3" coveredmethods="1"/>
        <line num="11" count="23" type="stmt"/>
        <line num="17" count="0" type="stmt"/>
        <line num="30" count="0" type="stmt"/>
        <line num="32" count="23" type="stmt"/>
      </file>
      <file name="members.ts" path="D:\DEV\nuwe-gym\src\shared\db\schema\members.ts">
        <metrics statements="4" coveredstatements="3" conditionals="0" coveredconditionals="0" methods="3" coveredmethods="2"/>
        <line num="11" count="23" type="stmt"/>
        <line num="23" count="0" type="stmt"/>
        <line num="38" count="6" type="stmt"/>
        <line num="40" count="23" type="stmt"/>
      </file>
      <file name="membership-freezes.ts" path="D:\DEV\nuwe-gym\src\shared\db\schema\membership-freezes.ts">
        <metrics statements="4" coveredstatements="2" conditionals="0" coveredconditionals="0" methods="3" coveredmethods="1"/>
        <line num="5" count="23" type="stmt"/>
        <line num="11" count="0" type="stmt"/>
        <line num="14" count="0" type="stmt"/>
        <line num="22" count="23" type="stmt"/>
      </file>
      <file name="membership-payments.ts" path="D:\DEV\nuwe-gym\src\shared\db\schema\membership-payments.ts">
        <metrics statements="5" coveredstatements="2" conditionals="0" coveredconditionals="0" methods="4" coveredmethods="1"/>
        <line num="14" count="23" type="stmt"/>
        <line num="20" count="0" type="stmt"/>
        <line num="23" count="0" type="stmt"/>
        <line num="31" count="0" type="stmt"/>
        <line num="34" count="23" type="stmt"/>
      </file>
      <file name="notifications.ts" path="D:\DEV\nuwe-gym\src\shared\db\schema\notifications.ts">
        <metrics statements="2" coveredstatements="2" conditionals="0" coveredconditionals="0" methods="0" coveredmethods="0"/>
        <line num="10" count="23" type="stmt"/>
        <line num="18" count="23" type="stmt"/>
      </file>
      <file name="nutrition-plans.ts" path="D:\DEV\nuwe-gym\src\shared\db\schema\nutrition-plans.ts">
        <metrics statements="5" coveredstatements="2" conditionals="0" coveredconditionals="0" methods="4" coveredmethods="1"/>
        <line num="18" count="23" type="stmt"/>
        <line num="24" count="0" type="stmt"/>
        <line num="42" count="0" type="stmt"/>
        <line num="47" count="0" type="stmt"/>
        <line num="49" count="23" type="stmt"/>
      </file>
      <file name="packages.ts" path="D:\DEV\nuwe-gym\src\shared\db\schema\packages.ts">
        <metrics statements="9" coveredstatements="5" conditionals="0" coveredconditionals="0" methods="5" coveredmethods="1"/>
        <line num="13" count="23" type="stmt"/>
        <line num="34" count="0" type="stmt"/>
        <line num="37" count="23" type="stmt"/>
        <line num="41" count="0" type="stmt"/>
        <line num="46" count="23" type="stmt"/>
        <line num="50" count="0" type="stmt"/>
        <line num="56" count="23" type="stmt"/>
        <line num="60" count="0" type="stmt"/>
        <line num="63" count="23" type="stmt"/>
      </file>
      <file name="payroll.ts" path="D:\DEV\nuwe-gym\src\shared\db\schema\payroll.ts">
        <metrics statements="3" coveredstatements="2" conditionals="0" coveredconditionals="0" methods="2" coveredmethods="1"/>
        <line num="11" count="23" type="stmt"/>
        <line num="17" count="0" type="stmt"/>
        <line num="33" count="23" type="stmt"/>
      </file>
      <file name="product-categories.ts" path="D:\DEV\nuwe-gym\src\shared\db\schema\product-categories.ts">
        <metrics statements="3" coveredstatements="3" conditionals="0" coveredconditionals="0" methods="2" coveredmethods="2"/>
        <line num="10" count="23" type="stmt"/>
        <line num="21" count="1" type="stmt"/>
        <line num="23" count="23" type="stmt"/>
      </file>
      <file name="product-stock.ts" path="D:\DEV\nuwe-gym\src\shared\db\schema\product-stock.ts">
        <metrics statements="5" coveredstatements="3" conditionals="0" coveredconditionals="0" methods="4" coveredmethods="2"/>
        <line num="11" count="23" type="stmt"/>
        <line num="17" count="0" type="stmt"/>
        <line num="20" count="0" type="stmt"/>
        <line num="28" count="1" type="stmt"/>
        <line num="30" count="23" type="stmt"/>
      </file>
      <file name="products.ts" path="D:\DEV\nuwe-gym\src\shared\db\schema\products.ts">
        <metrics statements="4" coveredstatements="2" conditionals="0" coveredconditionals="0" methods="3" coveredmethods="1"/>
        <line num="12" count="23" type="stmt"/>
        <line num="22" count="0" type="stmt"/>
        <line num="33" count="0" type="stmt"/>
        <line num="35" count="23" type="stmt"/>
      </file>
      <file name="promotions.ts" path="D:\DEV\nuwe-gym\src\shared\db\schema\promotions.ts">
        <metrics statements="1" coveredstatements="1" conditionals="0" coveredconditionals="0" methods="0" coveredmethods="0"/>
        <line num="11" count="23" type="stmt"/>
      </file>
      <file name="purchases.ts" path="D:\DEV\nuwe-gym\src\shared\db\schema\purchases.ts">
        <metrics statements="8" coveredstatements="4" conditionals="0" coveredconditionals="0" methods="6" coveredmethods="2"/>
        <line num="14" count="23" type="stmt"/>
        <line num="21" count="0" type="stmt"/>
        <line num="29" count="0" type="stmt"/>
        <line num="32" count="23" type="stmt"/>
        <line num="38" count="23" type="stmt"/>
        <line num="44" count="0" type="stmt"/>
        <line num="47" count="0" type="stmt"/>
        <line num="52" count="23" type="stmt"/>
      </file>
      <file name="push-subscriptions.ts" path="D:\DEV\nuwe-gym\src\shared\db\schema\push-subscriptions.ts">
        <metrics statements="3" coveredstatements="2" conditionals="0" coveredconditionals="0" methods="2" coveredmethods="1"/>
        <line num="4" count="23" type="stmt"/>
        <line num="10" count="0" type="stmt"/>
        <line num="15" count="23" type="stmt"/>
      </file>
      <file name="relations.ts" path="D:\DEV\nuwe-gym\src\shared\db\schema\relations.ts">
        <metrics statements="80" coveredstatements="80" conditionals="0" coveredconditionals="0" methods="65" coveredmethods="65"/>
        <line num="60" count="23" type="stmt"/>
        <line num="67" count="23" type="stmt"/>
        <line num="71" count="23" type="stmt"/>
        <line num="75" count="23" type="stmt"/>
        <line num="79" count="23" type="stmt"/>
        <line num="108" count="23" type="stmt"/>
        <line num="110" count="23" type="stmt"/>
        <line num="124" count="23" type="stmt"/>
        <line num="126" count="23" type="stmt"/>
        <line num="142" count="23" type="stmt"/>
        <line num="153" count="23" type="stmt"/>
        <line num="155" count="23" type="stmt"/>
        <line num="160" count="23" type="stmt"/>
        <line num="171" count="23" type="stmt"/>
        <line num="182" count="23" type="stmt"/>
        <line num="185" count="23" type="stmt"/>
        <line num="197" count="23" type="stmt"/>
        <line num="208" count="23" type="stmt"/>
        <line num="214" count="23" type="stmt"/>
        <line num="222" count="23" type="stmt"/>
        <line num="224" count="23" type="stmt"/>
        <line num="236" count="23" type="stmt"/>
        <line num="238" count="23" type="stmt"/>
        <line num="251" count="23" type="stmt"/>
        <line num="258" count="23" type="stmt"/>
        <line num="262" count="23" type="stmt"/>
        <line num="264" count="23" type="stmt"/>
        <line num="274" count="23" type="stmt"/>
        <line num="285" count="23" type="stmt"/>
        <line num="287" count="23" type="stmt"/>
        <line num="297" count="23" type="stmt"/>
        <line num="299" count="23" type="stmt"/>
        <line num="311" count="23" type="stmt"/>
        <line num="313" count="23" type="stmt"/>
        <line num="321" count="23" type="stmt"/>
        <line num="328" count="23" type="stmt"/>
        <line num="330" count="23" type="stmt"/>
        <line num="342" count="23" type="stmt"/>
        <line num="348" count="23" type="stmt"/>
        <line num="356" count="23" type="stmt"/>
        <line num="363" count="23" type="stmt"/>
        <line num="370" count="23" type="stmt"/>
        <line num="377" count="23" type="stmt"/>
        <line num="379" count="23" type="stmt"/>
        <line num="389" count="23" type="stmt"/>
        <line num="400" count="23" type="stmt"/>
        <line num="413" count="23" type="stmt"/>
        <line num="415" count="23" type="stmt"/>
        <line num="429" count="23" type="stmt"/>
        <line num="442" count="23" type="stmt"/>
        <line num="453" count="23" type="stmt"/>
        <line num="455" count="23" type="stmt"/>
        <line num="462" count="23" type="stmt"/>
        <line num="464" count="23" type="stmt"/>
        <line num="471" count="23" type="stmt"/>
        <line num="473" count="23" type="stmt"/>
        <line num="484" count="23" type="stmt"/>
        <line num="486" count="23" type="stmt"/>
        <line num="497" count="23" type="stmt"/>
        <line num="499" count="23" type="stmt"/>
        <line num="501" count="23" type="stmt"/>
        <line num="510" count="23" type="stmt"/>
        <line num="512" count="23" type="stmt"/>
        <line num="525" count="23" type="stmt"/>
        <line num="527" count="23" type="stmt"/>
        <line num="539" count="23" type="stmt"/>
        <line num="554" count="23" type="stmt"/>
        <line num="561" count="23" type="stmt"/>
        <line num="568" count="23" type="stmt"/>
        <line num="575" count="23" type="stmt"/>
        <line num="586" count="23" type="stmt"/>
        <line num="595" count="23" type="stmt"/>
        <line num="606" count="23" type="stmt"/>
        <line num="613" count="23" type="stmt"/>
        <line num="620" count="23" type="stmt"/>
        <line num="627" count="23" type="stmt"/>
        <line num="634" count="23" type="stmt"/>
        <line num="641" count="23" type="stmt"/>
        <line num="652" count="23" type="stmt"/>
        <line num="659" count="23" type="stmt"/>
      </file>
      <file name="roles.ts" path="D:\DEV\nuwe-gym\src\shared\db\schema\roles.ts">
        <metrics statements="1" coveredstatements="1" conditionals="0" coveredconditionals="0" methods="0" coveredmethods="0"/>
        <line num="3" count="23" type="stmt"/>
      </file>
      <file name="sales.ts" path="D:\DEV\nuwe-gym\src\shared\db\schema\sales.ts">
        <metrics statements="8" coveredstatements="4" conditionals="0" coveredconditionals="0" methods="6" coveredmethods="2"/>
        <line num="15" count="23" type="stmt"/>
        <line num="20" count="0" type="stmt"/>
        <line num="24" count="0" type="stmt"/>
        <line num="37" count="23" type="stmt"/>
        <line num="46" count="23" type="stmt"/>
        <line num="52" count="0" type="stmt"/>
        <line num="55" count="0" type="stmt"/>
        <line num="60" count="23" type="stmt"/>
      </file>
      <file name="settings.ts" path="D:\DEV\nuwe-gym\src\shared\db\schema\settings.ts">
        <metrics statements="2" coveredstatements="2" conditionals="0" coveredconditionals="0" methods="1" coveredmethods="1"/>
        <line num="13" count="23" type="stmt"/>
        <line num="74" count="23" type="stmt"/>
      </file>
      <file name="subscriptions.ts" path="D:\DEV\nuwe-gym\src\shared\db\schema\subscriptions.ts">
        <metrics statements="5" coveredstatements="3" conditionals="0" coveredconditionals="0" methods="4" coveredmethods="2"/>
        <line num="6" count="23" type="stmt"/>
        <line num="12" count="0" type="stmt"/>
        <line num="13" count="0" type="stmt"/>
        <line num="23" count="1" type="stmt"/>
        <line num="25" count="23" type="stmt"/>
      </file>
      <file name="suppliers.ts" path="D:\DEV\nuwe-gym\src\shared\db\schema\suppliers.ts">
        <metrics statements="2" coveredstatements="2" conditionals="0" coveredconditionals="0" methods="1" coveredmethods="1"/>
        <line num="3" count="23" type="stmt"/>
        <line num="15" count="6" type="stmt"/>
      </file>
      <file name="trainers.ts" path="D:\DEV\nuwe-gym\src\shared\db\schema\trainers.ts">
        <metrics statements="15" coveredstatements="8" conditionals="0" coveredconditionals="0" methods="11" coveredmethods="4"/>
        <line num="14" count="23" type="stmt"/>
        <line num="21" count="0" type="stmt"/>
        <line num="33" count="0" type="stmt"/>
        <line num="35" count="23" type="stmt"/>
        <line num="38" count="23" type="stmt"/>
        <line num="44" count="0" type="stmt"/>
        <line num="47" count="0" type="stmt"/>
        <line num="51" count="23" type="stmt"/>
        <line num="57" count="23" type="stmt"/>
        <line num="63" count="0" type="stmt"/>
        <line num="66" count="0" type="stmt"/>
        <line num="70" count="23" type="stmt"/>
        <line num="76" count="23" type="stmt"/>
        <line num="82" count="0" type="stmt"/>
        <line num="87" count="23" type="stmt"/>
      </file>
      <file name="tv-media.ts" path="D:\DEV\nuwe-gym\src\shared\db\schema\tv-media.ts">
        <metrics statements="2" coveredstatements="2" conditionals="0" coveredconditionals="0" methods="0" coveredmethods="0"/>
        <line num="3" count="23" type="stmt"/>
        <line num="12" count="23" type="stmt"/>
      </file>
      <file name="user-devices.ts" path="D:\DEV\nuwe-gym\src\shared\db\schema\user-devices.ts">
        <metrics statements="3" coveredstatements="2" conditionals="0" coveredconditionals="0" methods="2" coveredmethods="1"/>
        <line num="4" count="23" type="stmt"/>
        <line num="10" count="0" type="stmt"/>
        <line num="21" count="23" type="stmt"/>
      </file>
      <file name="weight-history.ts" path="D:\DEV\nuwe-gym\src\shared\db\schema\weight-history.ts">
        <metrics statements="4" coveredstatements="2" conditionals="0" coveredconditionals="0" methods="3" coveredmethods="1"/>
        <line num="16" count="23" type="stmt"/>
        <line num="22" count="0" type="stmt"/>
        <line num="36" count="0" type="stmt"/>
        <line num="40" count="23" type="stmt"/>
      </file>
    </package>
    <package name="shared.lib">
      <metrics statements="64" coveredstatements="31" conditionals="39" coveredconditionals="11" methods="14" coveredmethods="6"/>
      <file name="audit-context.ts" path="D:\DEV\nuwe-gym\src\shared\lib\audit-context.ts">
        <metrics statements="3" coveredstatements="3" conditionals="8" coveredconditionals="8" methods="1" coveredmethods="1"/>
        <line num="4" count="5" type="cond" truecount="2" falsecount="0"/>
        <line num="5" count="2" type="stmt"/>
        <line num="7" count="3" type="stmt"/>
      </file>
      <file name="audit.ts" path="D:\DEV\nuwe-gym\src\shared\lib\audit.ts">
        <metrics statements="3" coveredstatements="0" conditionals="14" coveredconditionals="0" methods="1" coveredmethods="0"/>
        <line num="15" count="0" type="stmt"/>
        <line num="16" count="0" type="stmt"/>
        <line num="29" count="0" type="stmt"/>
      </file>
      <file name="auth.ts" path="D:\DEV\nuwe-gym\src\shared\lib\auth.ts">
        <metrics statements="7" coveredstatements="3" conditionals="2" coveredconditionals="0" methods="2" coveredmethods="0"/>
        <line num="8" count="2" type="stmt"/>
        <line num="23" count="2" type="stmt"/>
        <line num="38" count="2" type="stmt"/>
        <line num="77" count="0" type="stmt"/>
        <line num="81" count="0" type="cond" truecount="0" falsecount="2"/>
        <line num="82" count="0" type="stmt"/>
        <line num="96" count="0" type="stmt"/>
      </file>
      <file name="permissions.ts" path="D:\DEV\nuwe-gym\src\shared\lib\permissions.ts">
        <metrics statements="3" coveredstatements="3" conditionals="0" coveredconditionals="0" methods="3" coveredmethods="3"/>
        <line num="59" count="3" type="stmt"/>
        <line num="161" count="89" type="stmt"/>
        <line num="168" count="6" type="stmt"/>
      </file>
      <file name="schemas.ts" path="D:\DEV\nuwe-gym\src\shared\lib\schemas.ts">
        <metrics statements="18" coveredstatements="18" conditionals="3" coveredconditionals="3" methods="1" coveredmethods="1"/>
        <line num="5" count="20" type="stmt"/>
        <line num="6" count="20" type="stmt"/>
        <line num="7" count="20" type="stmt"/>
        <line num="17" count="3" type="stmt"/>
        <line num="20" count="3" type="stmt"/>
        <line num="25" count="3" type="stmt"/>
        <line num="28" count="3" type="stmt"/>
        <line num="36" count="3" type="stmt"/>
        <line num="39" count="3" type="stmt"/>
        <line num="42" count="3" type="stmt"/>
        <line num="47" count="3" type="stmt"/>
        <line num="50" count="3" type="stmt"/>
        <line num="53" count="3" type="stmt"/>
        <line num="56" count="3" type="stmt"/>
        <line num="59" count="3" type="stmt"/>
        <line num="64" count="3" type="stmt"/>
        <line num="69" count="3" type="stmt"/>
        <line num="70" count="3" type="stmt"/>
      </file>
      <file name="server-utils.ts" path="D:\DEV\nuwe-gym\src\shared\lib\server-utils.ts">
        <metrics statements="29" coveredstatements="3" conditionals="12" coveredconditionals="0" methods="5" coveredmethods="0"/>
        <line num="7" count="2" type="stmt"/>
        <line num="9" count="0" type="stmt"/>
        <line num="10" count="0" type="stmt"/>
        <line num="11" count="0" type="stmt"/>
        <line num="12" count="0" type="stmt"/>
        <line num="16" count="2" type="stmt"/>
        <line num="17" count="0" type="stmt"/>
        <line num="19" count="0" type="stmt"/>
        <line num="20" count="0" type="stmt"/>
        <line num="21" count="0" type="stmt"/>
        <line num="22" count="0" type="cond" truecount="0" falsecount="2"/>
        <line num="23" count="0" type="stmt"/>
        <line num="27" count="0" type="stmt"/>
        <line num="28" count="0" type="cond" truecount="0" falsecount="2"/>
        <line num="29" count="0" type="cond" truecount="0" falsecount="2"/>
        <line num="30" count="0" type="stmt"/>
        <line num="32" count="0" type="stmt"/>
        <line num="39" count="2" type="stmt"/>
        <line num="40" count="0" type="stmt"/>
        <line num="42" count="0" type="stmt"/>
        <line num="43" count="0" type="stmt"/>
        <line num="44" count="0" type="stmt"/>
        <line num="45" count="0" type="cond" truecount="0" falsecount="2"/>
        <line num="46" count="0" type="stmt"/>
        <line num="50" count="0" type="stmt"/>
        <line num="51" count="0" type="cond" truecount="0" falsecount="2"/>
        <line num="52" count="0" type="cond" truecount="0" falsecount="2"/>
        <line num="53" count="0" type="stmt"/>
        <line num="55" count="0" type="stmt"/>
      </file>
      <file name="utils.ts" path="D:\DEV\nuwe-gym\src\shared\lib\utils.ts">
        <metrics statements="1" coveredstatements="1" conditionals="0" coveredconditionals="0" methods="1" coveredmethods="1"/>
        <line num="6" count="15" type="stmt"/>
      </file>
    </package>
  </project>
</coverage>
