{"D:\\DEV\\nuwe-gym\\src\\__tests__\\factories.ts": {"path":"D:\\DEV\\nuwe-gym\\src\\__tests__\\factories.ts","statementMap":{"0":{"start":{"line":23,"column":28},"end":{"line":23,"column":null}},"1":{"start":{"line":28,"column":19},"end":{"line":32,"column":null}},"2":{"start":{"line":33,"column":2},"end":{"line":33,"column":null}},"3":{"start":{"line":33,"column":27},"end":{"line":33,"column":null}},"4":{"start":{"line":34,"column":17},"end":{"line":46,"column":null}},"5":{"start":{"line":47,"column":2},"end":{"line":47,"column":null}},"6":{"start":{"line":53,"column":2},"end":{"line":59,"column":null}},"7":{"start":{"line":65,"column":19},"end":{"line":68,"column":null}},"8":{"start":{"line":69,"column":2},"end":{"line":69,"column":null}},"9":{"start":{"line":75,"column":16},"end":{"line":83,"column":null}},"10":{"start":{"line":84,"column":2},"end":{"line":84,"column":null}},"11":{"start":{"line":92,"column":20},"end":{"line":92,"column":null}},"12":{"start":{"line":93,"column":18},"end":{"line":93,"column":null}},"13":{"start":{"line":94,"column":2},"end":{"line":94,"column":null}},"14":{"start":{"line":95,"column":2},"end":{"line":102,"column":null}},"15":{"start":{"line":110,"column":16},"end":{"line":113,"column":null}},"16":{"start":{"line":114,"column":2},"end":{"line":114,"column":null}},"17":{"start":{"line":121,"column":2},"end":{"line":121,"column":null}},"18":{"start":{"line":122,"column":20},"end":{"line":131,"column":null}},"19":{"start":{"line":132,"column":2},"end":{"line":132,"column":null}},"20":{"start":{"line":138,"column":16},"end":{"line":144,"column":null}},"21":{"start":{"line":145,"column":2},"end":{"line":145,"column":null}},"22":{"start":{"line":153,"column":39},"end":{"line":153,"column":null}},"23":{"start":{"line":154,"column":39},"end":{"line":154,"column":null}},"24":{"start":{"line":155,"column":37},"end":{"line":155,"column":null}},"25":{"start":{"line":158,"column":2},"end":{"line":165,"column":null}},"26":{"start":{"line":159,"column":19},"end":{"line":163,"column":null}},"27":{"start":{"line":164,"column":4},"end":{"line":164,"column":null}},"28":{"start":{"line":164,"column":27},"end":{"line":164,"column":null}},"29":{"start":{"line":166,"column":16},"end":{"line":169,"column":null}},"30":{"start":{"line":170,"column":2},"end":{"line":170,"column":null}},"31":{"start":{"line":171,"column":2},"end":{"line":171,"column":null}},"32":{"start":{"line":175,"column":2},"end":{"line":182,"column":null}},"33":{"start":{"line":176,"column":19},"end":{"line":180,"column":null}},"34":{"start":{"line":181,"column":4},"end":{"line":181,"column":null}},"35":{"start":{"line":181,"column":27},"end":{"line":181,"column":null}},"36":{"start":{"line":183,"column":14},"end":{"line":183,"column":null}},"37":{"start":{"line":184,"column":2},"end":{"line":184,"column":null}},"38":{"start":{"line":185,"column":2},"end":{"line":185,"column":null}},"39":{"start":{"line":189,"column":2},"end":{"line":196,"column":null}},"40":{"start":{"line":190,"column":19},"end":{"line":194,"column":null}},"41":{"start":{"line":195,"column":4},"end":{"line":195,"column":null}},"42":{"start":{"line":195,"column":27},"end":{"line":195,"column":null}},"43":{"start":{"line":197,"column":19},"end":{"line":200,"column":null}},"44":{"start":{"line":201,"column":2},"end":{"line":201,"column":null}},"45":{"start":{"line":202,"column":2},"end":{"line":202,"column":null}},"46":{"start":{"line":208,"column":16},"end":{"line":208,"column":null}},"47":{"start":{"line":209,"column":20},"end":{"line":218,"column":null}},"48":{"start":{"line":219,"column":2},"end":{"line":219,"column":null}},"49":{"start":{"line":225,"column":21},"end":{"line":234,"column":null}},"50":{"start":{"line":235,"column":2},"end":{"line":235,"column":null}},"51":{"start":{"line":242,"column":2},"end":{"line":242,"column":null}},"52":{"start":{"line":243,"column":19},"end":{"line":245,"column":null}},"53":{"start":{"line":244,"column":27},"end":{"line":244,"column":72}},"54":{"start":{"line":246,"column":21},"end":{"line":256,"column":null}},"55":{"start":{"line":258,"column":2},"end":{"line":267,"column":null}},"56":{"start":{"line":259,"column":10},"end":{"line":259,"column":null}},"57":{"start":{"line":260,"column":4},"end":{"line":266,"column":null}},"58":{"start":{"line":269,"column":2},"end":{"line":269,"column":null}},"59":{"start":{"line":276,"column":2},"end":{"line":276,"column":null}},"60":{"start":{"line":277,"column":17},"end":{"line":292,"column":null}},"61":{"start":{"line":285,"column":22},"end":{"line":285,"column":null}},"62":{"start":{"line":294,"column":24},"end":{"line":300,"column":null}},"63":{"start":{"line":294,"column":45},"end":{"line":300,"column":4}},"64":{"start":{"line":302,"column":2},"end":{"line":302,"column":null}},"65":{"start":{"line":303,"column":2},"end":{"line":303,"column":null}},"66":{"start":{"line":309,"column":16},"end":{"line":318,"column":null}},"67":{"start":{"line":319,"column":2},"end":{"line":319,"column":null}},"68":{"start":{"line":326,"column":21},"end":{"line":335,"column":null}},"69":{"start":{"line":336,"column":2},"end":{"line":336,"column":null}},"70":{"start":{"line":342,"column":2},"end":{"line":342,"column":null}},"71":{"start":{"line":343,"column":20},"end":{"line":352,"column":null}},"72":{"start":{"line":353,"column":2},"end":{"line":353,"column":null}},"73":{"start":{"line":360,"column":21},"end":{"line":371,"column":null}},"74":{"start":{"line":372,"column":2},"end":{"line":372,"column":null}},"75":{"start":{"line":380,"column":2},"end":{"line":380,"column":null}},"76":{"start":{"line":381,"column":20},"end":{"line":391,"column":null}},"77":{"start":{"line":392,"column":2},"end":{"line":392,"column":null}},"78":{"start":{"line":398,"column":19},"end":{"line":407,"column":null}},"79":{"start":{"line":408,"column":2},"end":{"line":408,"column":null}},"80":{"start":{"line":416,"column":2},"end":{"line":416,"column":null}},"81":{"start":{"line":417,"column":20},"end":{"line":417,"column":null}},"82":{"start":{"line":418,"column":18},"end":{"line":418,"column":null}},"83":{"start":{"line":419,"column":2},"end":{"line":419,"column":null}},"84":{"start":{"line":420,"column":19},"end":{"line":430,"column":null}},"85":{"start":{"line":431,"column":2},"end":{"line":431,"column":null}},"86":{"start":{"line":437,"column":2},"end":{"line":437,"column":null}},"87":{"start":{"line":438,"column":25},"end":{"line":446,"column":null}},"88":{"start":{"line":447,"column":2},"end":{"line":447,"column":null}},"89":{"start":{"line":451,"column":2},"end":{"line":463,"column":null}},"90":{"start":{"line":465,"column":2},"end":{"line":476,"column":null}},"91":{"start":{"line":478,"column":2},"end":{"line":478,"column":null}},"92":{"start":{"line":479,"column":2},"end":{"line":479,"column":null}},"93":{"start":{"line":480,"column":2},"end":{"line":480,"column":null}}},"fnMap":{"0":{"name":"createTestUser","decl":{"start":{"line":25,"column":22},"end":{"line":25,"column":null}},"loc":{"start":{"line":27,"column":2},"end":{"line":48,"column":null}},"line":27},"1":{"name":"buildMember","decl":{"start":{"line":50,"column":9},"end":{"line":50,"column":null}},"loc":{"start":{"line":52,"column":2},"end":{"line":60,"column":null}},"line":52},"2":{"name":"createMember","decl":{"start":{"line":62,"column":22},"end":{"line":62,"column":null}},"loc":{"start":{"line":64,"column":2},"end":{"line":70,"column":null}},"line":64},"3":{"name":"createPackage","decl":{"start":{"line":72,"column":22},"end":{"line":72,"column":null}},"loc":{"start":{"line":74,"column":2},"end":{"line":85,"column":null}},"line":74},"4":{"name":"buildSubscription","decl":{"start":{"line":87,"column":16},"end":{"line":87,"column":null}},"loc":{"start":{"line":91,"column":2},"end":{"line":103,"column":null}},"line":91},"5":{"name":"createSubscription","decl":{"start":{"line":105,"column":22},"end":{"line":105,"column":null}},"loc":{"start":{"line":109,"column":2},"end":{"line":115,"column":null}},"line":109},"6":{"name":"createCheckIn","decl":{"start":{"line":117,"column":22},"end":{"line":117,"column":null}},"loc":{"start":{"line":120,"column":2},"end":{"line":133,"column":null}},"line":120},"7":{"name":"createCategory","decl":{"start":{"line":135,"column":22},"end":{"line":135,"column":null}},"loc":{"start":{"line":137,"column":2},"end":{"line":146,"column":null}},"line":137},"8":{"name":"defaultCategoryId","decl":{"start":{"line":157,"column":15},"end":{"line":157,"column":52}},"loc":{"start":{"line":157,"column":52},"end":{"line":172,"column":null}},"line":157},"9":{"name":"defaultSupplierId","decl":{"start":{"line":174,"column":15},"end":{"line":174,"column":52}},"loc":{"start":{"line":174,"column":52},"end":{"line":186,"column":null}},"line":174},"10":{"name":"defaultBranchId","decl":{"start":{"line":188,"column":15},"end":{"line":188,"column":50}},"loc":{"start":{"line":188,"column":50},"end":{"line":203,"column":null}},"line":188},"11":{"name":"createProduct","decl":{"start":{"line":205,"column":22},"end":{"line":205,"column":null}},"loc":{"start":{"line":207,"column":2},"end":{"line":220,"column":null}},"line":207},"12":{"name":"createSupplier","decl":{"start":{"line":222,"column":22},"end":{"line":222,"column":null}},"loc":{"start":{"line":224,"column":2},"end":{"line":236,"column":null}},"line":224},"13":{"name":"createPurchase","decl":{"start":{"line":238,"column":22},"end":{"line":238,"column":null}},"loc":{"start":{"line":241,"column":2},"end":{"line":270,"column":null}},"line":241},"14":{"name":"(anonymous_14)","decl":{"start":{"line":244,"column":5},"end":{"line":244,"column":13}},"loc":{"start":{"line":244,"column":27},"end":{"line":244,"column":72}},"line":244},"15":{"name":"createSale","decl":{"start":{"line":272,"column":22},"end":{"line":272,"column":null}},"loc":{"start":{"line":275,"column":2},"end":{"line":304,"column":null}},"line":275},"16":{"name":"(anonymous_16)","decl":{"start":{"line":284,"column":9},"end":{"line":284,"column":null}},"loc":{"start":{"line":285,"column":22},"end":{"line":285,"column":null}},"line":285},"17":{"name":"(anonymous_17)","decl":{"start":{"line":294,"column":30},"end":{"line":294,"column":35}},"loc":{"start":{"line":294,"column":45},"end":{"line":300,"column":4}},"line":294},"18":{"name":"createClass","decl":{"start":{"line":306,"column":22},"end":{"line":306,"column":null}},"loc":{"start":{"line":308,"column":2},"end":{"line":320,"column":null}},"line":308},"19":{"name":"createSchedule","decl":{"start":{"line":322,"column":22},"end":{"line":322,"column":null}},"loc":{"start":{"line":325,"column":2},"end":{"line":337,"column":null}},"line":325},"20":{"name":"createCashRegisterSession","decl":{"start":{"line":339,"column":22},"end":{"line":339,"column":null}},"loc":{"start":{"line":341,"column":2},"end":{"line":354,"column":null}},"line":341},"21":{"name":"createInventoryMovement","decl":{"start":{"line":356,"column":22},"end":{"line":356,"column":null}},"loc":{"start":{"line":359,"column":2},"end":{"line":373,"column":null}},"line":359},"22":{"name":"createMembershipPayment","decl":{"start":{"line":375,"column":22},"end":{"line":375,"column":null}},"loc":{"start":{"line":379,"column":2},"end":{"line":393,"column":null}},"line":379},"23":{"name":"createBranch","decl":{"start":{"line":395,"column":22},"end":{"line":395,"column":null}},"loc":{"start":{"line":397,"column":2},"end":{"line":409,"column":null}},"line":397},"24":{"name":"createFreeze","decl":{"start":{"line":411,"column":22},"end":{"line":411,"column":null}},"loc":{"start":{"line":415,"column":2},"end":{"line":432,"column":null}},"line":415},"25":{"name":"createNotification","decl":{"start":{"line":434,"column":22},"end":{"line":434,"column":null}},"loc":{"start":{"line":436,"column":2},"end":{"line":448,"column":null}},"line":436},"26":{"name":"cleanDatabase","decl":{"start":{"line":450,"column":22},"end":{"line":450,"column":38}},"loc":{"start":{"line":450,"column":38},"end":{"line":481,"column":null}},"line":450}},"branchMap":{"0":{"loc":{"start":{"line":26,"column":2},"end":{"line":26,"column":null}},"type":"default-arg","locations":[{"start":{"line":26,"column":55},"end":{"line":26,"column":null}}],"line":26},"1":{"loc":{"start":{"line":33,"column":2},"end":{"line":33,"column":null}},"type":"if","locations":[{"start":{"line":33,"column":2},"end":{"line":33,"column":null}},{"start":{},"end":{}}],"line":33},"2":{"loc":{"start":{"line":51,"column":2},"end":{"line":51,"column":null}},"type":"default-arg","locations":[{"start":{"line":51,"column":57},"end":{"line":51,"column":null}}],"line":51},"3":{"loc":{"start":{"line":63,"column":2},"end":{"line":63,"column":null}},"type":"default-arg","locations":[{"start":{"line":63,"column":57},"end":{"line":63,"column":null}}],"line":63},"4":{"loc":{"start":{"line":73,"column":2},"end":{"line":73,"column":null}},"type":"default-arg","locations":[{"start":{"line":73,"column":63},"end":{"line":73,"column":null}}],"line":73},"5":{"loc":{"start":{"line":90,"column":2},"end":{"line":90,"column":null}},"type":"default-arg","locations":[{"start":{"line":90,"column":63},"end":{"line":90,"column":null}}],"line":90},"6":{"loc":{"start":{"line":108,"column":2},"end":{"line":108,"column":null}},"type":"default-arg","locations":[{"start":{"line":108,"column":63},"end":{"line":108,"column":null}}],"line":108},"7":{"loc":{"start":{"line":119,"column":2},"end":{"line":119,"column":null}},"type":"default-arg","locations":[{"start":{"line":119,"column":58},"end":{"line":119,"column":null}}],"line":119},"8":{"loc":{"start":{"line":136,"column":2},"end":{"line":136,"column":null}},"type":"default-arg","locations":[{"start":{"line":136,"column":67},"end":{"line":136,"column":null}}],"line":136},"9":{"loc":{"start":{"line":158,"column":2},"end":{"line":165,"column":null}},"type":"if","locations":[{"start":{"line":158,"column":2},"end":{"line":165,"column":null}},{"start":{},"end":{}}],"line":158},"10":{"loc":{"start":{"line":164,"column":4},"end":{"line":164,"column":null}},"type":"if","locations":[{"start":{"line":164,"column":4},"end":{"line":164,"column":null}},{"start":{},"end":{}}],"line":164},"11":{"loc":{"start":{"line":175,"column":2},"end":{"line":182,"column":null}},"type":"if","locations":[{"start":{"line":175,"column":2},"end":{"line":182,"column":null}},{"start":{},"end":{}}],"line":175},"12":{"loc":{"start":{"line":181,"column":4},"end":{"line":181,"column":null}},"type":"if","locations":[{"start":{"line":181,"column":4},"end":{"line":181,"column":null}},{"start":{},"end":{}}],"line":181},"13":{"loc":{"start":{"line":189,"column":2},"end":{"line":196,"column":null}},"type":"if","locations":[{"start":{"line":189,"column":2},"end":{"line":196,"column":null}},{"start":{},"end":{}}],"line":189},"14":{"loc":{"start":{"line":195,"column":4},"end":{"line":195,"column":null}},"type":"if","locations":[{"start":{"line":195,"column":4},"end":{"line":195,"column":null}},{"start":{},"end":{}}],"line":195},"15":{"loc":{"start":{"line":206,"column":2},"end":{"line":206,"column":null}},"type":"default-arg","locations":[{"start":{"line":206,"column":58},"end":{"line":206,"column":null}}],"line":206},"16":{"loc":{"start":{"line":223,"column":2},"end":{"line":223,"column":null}},"type":"default-arg","locations":[{"start":{"line":223,"column":59},"end":{"line":223,"column":null}}],"line":223},"17":{"loc":{"start":{"line":240,"column":2},"end":{"line":240,"column":null}},"type":"default-arg","locations":[{"start":{"line":240,"column":59},"end":{"line":240,"column":null}}],"line":240},"18":{"loc":{"start":{"line":274,"column":2},"end":{"line":274,"column":null}},"type":"default-arg","locations":[{"start":{"line":274,"column":55},"end":{"line":274,"column":null}}],"line":274},"19":{"loc":{"start":{"line":307,"column":2},"end":{"line":307,"column":null}},"type":"default-arg","locations":[{"start":{"line":307,"column":57},"end":{"line":307,"column":null}}],"line":307},"20":{"loc":{"start":{"line":324,"column":2},"end":{"line":324,"column":null}},"type":"default-arg","locations":[{"start":{"line":324,"column":64},"end":{"line":324,"column":null}}],"line":324},"21":{"loc":{"start":{"line":340,"column":2},"end":{"line":340,"column":null}},"type":"default-arg","locations":[{"start":{"line":340,"column":70},"end":{"line":340,"column":null}}],"line":340},"22":{"loc":{"start":{"line":358,"column":2},"end":{"line":358,"column":null}},"type":"default-arg","locations":[{"start":{"line":358,"column":68},"end":{"line":358,"column":null}}],"line":358},"23":{"loc":{"start":{"line":378,"column":2},"end":{"line":378,"column":null}},"type":"default-arg","locations":[{"start":{"line":378,"column":68},"end":{"line":378,"column":null}}],"line":378},"24":{"loc":{"start":{"line":396,"column":2},"end":{"line":396,"column":null}},"type":"default-arg","locations":[{"start":{"line":396,"column":58},"end":{"line":396,"column":null}}],"line":396},"25":{"loc":{"start":{"line":414,"column":2},"end":{"line":414,"column":null}},"type":"default-arg","locations":[{"start":{"line":414,"column":67},"end":{"line":414,"column":null}}],"line":414},"26":{"loc":{"start":{"line":435,"column":2},"end":{"line":435,"column":null}},"type":"default-arg","locations":[{"start":{"line":435,"column":63},"end":{"line":435,"column":null}}],"line":435}},"s":{"0":23,"1":134,"2":134,"3":118,"4":16,"5":16,"6":89,"7":89,"8":89,"9":24,"10":24,"11":28,"12":28,"13":28,"14":28,"15":28,"16":28,"17":17,"18":17,"19":17,"20":7,"21":7,"22":23,"23":23,"24":23,"25":56,"26":47,"27":47,"28":47,"29":9,"30":9,"31":9,"32":7,"33":5,"34":5,"35":5,"36":2,"37":2,"38":2,"39":6,"40":3,"41":3,"42":3,"43":3,"44":3,"45":3,"46":56,"47":56,"48":55,"49":31,"50":31,"51":7,"52":7,"53":8,"54":7,"55":7,"56":8,"57":8,"58":7,"59":34,"60":34,"61":36,"62":34,"63":36,"64":34,"65":34,"66":5,"67":5,"68":5,"69":5,"70":6,"71":6,"72":6,"73":8,"74":8,"75":7,"76":7,"77":7,"78":51,"79":51,"80":6,"81":6,"82":6,"83":6,"84":6,"85":6,"86":9,"87":9,"88":9,"89":22,"90":22,"91":22,"92":22,"93":22},"f":{"0":134,"1":89,"2":89,"3":24,"4":28,"5":28,"6":17,"7":7,"8":56,"9":7,"10":6,"11":56,"12":31,"13":7,"14":8,"15":34,"16":36,"17":36,"18":5,"19":5,"20":6,"21":8,"22":7,"23":51,"24":6,"25":9,"26":22},"b":{"0":[134],"1":[118,16],"2":[89],"3":[89],"4":[24],"5":[28],"6":[28],"7":[17],"8":[7],"9":[47,9],"10":[47,0],"11":[5,2],"12":[5,0],"13":[3,3],"14":[3,0],"15":[56],"16":[31],"17":[7],"18":[34],"19":[5],"20":[5],"21":[6],"22":[8],"23":[7],"24":[51],"25":[6],"26":[9]},"meta":{"lastBranch":27,"lastFunction":27,"lastStatement":94,"seen":{"s:23:28:23:Infinity":0,"f:25:22:25:Infinity":0,"b:26:55:26:Infinity":0,"s:28:19:32:Infinity":1,"b:33:2:33:Infinity:undefined:undefined:undefined:undefined":1,"s:33:2:33:Infinity":2,"s:33:27:33:Infinity":3,"s:34:17:46:Infinity":4,"s:47:2:47:Infinity":5,"f:50:9:50:Infinity":1,"b:51:57:51:Infinity":2,"s:53:2:59:Infinity":6,"f:62:22:62:Infinity":2,"b:63:57:63:Infinity":3,"s:65:19:68:Infinity":7,"s:69:2:69:Infinity":8,"f:72:22:72:Infinity":3,"b:73:63:73:Infinity":4,"s:75:16:83:Infinity":9,"s:84:2:84:Infinity":10,"f:87:16:87:Infinity":4,"b:90:63:90:Infinity":5,"s:92:20:92:Infinity":11,"s:93:18:93:Infinity":12,"s:94:2:94:Infinity":13,"s:95:2:102:Infinity":14,"f:105:22:105:Infinity":5,"b:108:63:108:Infinity":6,"s:110:16:113:Infinity":15,"s:114:2:114:Infinity":16,"f:117:22:117:Infinity":6,"b:119:58:119:Infinity":7,"s:121:2:121:Infinity":17,"s:122:20:131:Infinity":18,"s:132:2:132:Infinity":19,"f:135:22:135:Infinity":7,"b:136:67:136:Infinity":8,"s:138:16:144:Infinity":20,"s:145:2:145:Infinity":21,"s:153:39:153:Infinity":22,"s:154:39:154:Infinity":23,"s:155:37:155:Infinity":24,"f:157:15:157:52":8,"b:158:2:165:Infinity:undefined:undefined:undefined:undefined":9,"s:158:2:165:Infinity":25,"s:159:19:163:Infinity":26,"b:164:4:164:Infinity:undefined:undefined:undefined:undefined":10,"s:164:4:164:Infinity":27,"s:164:27:164:Infinity":28,"s:166:16:169:Infinity":29,"s:170:2:170:Infinity":30,"s:171:2:171:Infinity":31,"f:174:15:174:52":9,"b:175:2:182:Infinity:undefined:undefined:undefined:undefined":11,"s:175:2:182:Infinity":32,"s:176:19:180:Infinity":33,"b:181:4:181:Infinity:undefined:undefined:undefined:undefined":12,"s:181:4:181:Infinity":34,"s:181:27:181:Infinity":35,"s:183:14:183:Infinity":36,"s:184:2:184:Infinity":37,"s:185:2:185:Infinity":38,"f:188:15:188:50":10,"b:189:2:196:Infinity:undefined:undefined:undefined:undefined":13,"s:189:2:196:Infinity":39,"s:190:19:194:Infinity":40,"b:195:4:195:Infinity:undefined:undefined:undefined:undefined":14,"s:195:4:195:Infinity":41,"s:195:27:195:Infinity":42,"s:197:19:200:Infinity":43,"s:201:2:201:Infinity":44,"s:202:2:202:Infinity":45,"f:205:22:205:Infinity":11,"b:206:58:206:Infinity":15,"s:208:16:208:Infinity":46,"s:209:20:218:Infinity":47,"s:219:2:219:Infinity":48,"f:222:22:222:Infinity":12,"b:223:59:223:Infinity":16,"s:225:21:234:Infinity":49,"s:235:2:235:Infinity":50,"f:238:22:238:Infinity":13,"b:240:59:240:Infinity":17,"s:242:2:242:Infinity":51,"s:243:19:245:Infinity":52,"f:244:5:244:13":14,"s:244:27:244:72":53,"s:246:21:256:Infinity":54,"s:258:2:267:Infinity":55,"s:259:10:259:Infinity":56,"s:260:4:266:Infinity":57,"s:269:2:269:Infinity":58,"f:272:22:272:Infinity":15,"b:274:55:274:Infinity":18,"s:276:2:276:Infinity":59,"s:277:17:292:Infinity":60,"f:284:9:284:Infinity":16,"s:285:22:285:Infinity":61,"s:294:24:300:Infinity":62,"f:294:30:294:35":17,"s:294:45:300:4":63,"s:302:2:302:Infinity":64,"s:303:2:303:Infinity":65,"f:306:22:306:Infinity":18,"b:307:57:307:Infinity":19,"s:309:16:318:Infinity":66,"s:319:2:319:Infinity":67,"f:322:22:322:Infinity":19,"b:324:64:324:Infinity":20,"s:326:21:335:Infinity":68,"s:336:2:336:Infinity":69,"f:339:22:339:Infinity":20,"b:340:70:340:Infinity":21,"s:342:2:342:Infinity":70,"s:343:20:352:Infinity":71,"s:353:2:353:Infinity":72,"f:356:22:356:Infinity":21,"b:358:68:358:Infinity":22,"s:360:21:371:Infinity":73,"s:372:2:372:Infinity":74,"f:375:22:375:Infinity":22,"b:378:68:378:Infinity":23,"s:380:2:380:Infinity":75,"s:381:20:391:Infinity":76,"s:392:2:392:Infinity":77,"f:395:22:395:Infinity":23,"b:396:58:396:Infinity":24,"s:398:19:407:Infinity":78,"s:408:2:408:Infinity":79,"f:411:22:411:Infinity":24,"b:414:67:414:Infinity":25,"s:416:2:416:Infinity":80,"s:417:20:417:Infinity":81,"s:418:18:418:Infinity":82,"s:419:2:419:Infinity":83,"s:420:19:430:Infinity":84,"s:431:2:431:Infinity":85,"f:434:22:434:Infinity":25,"b:435:63:435:Infinity":26,"s:437:2:437:Infinity":86,"s:438:25:446:Infinity":87,"s:447:2:447:Infinity":88,"f:450:22:450:38":26,"s:451:2:463:Infinity":89,"s:465:2:476:Infinity":90,"s:478:2:478:Infinity":91,"s:479:2:479:Infinity":92,"s:480:2:480:Infinity":93},"fnNames":{}}}
,"D:\\DEV\\nuwe-gym\\src\\features\\invoices\\server.ts": {"path":"D:\\DEV\\nuwe-gym\\src\\features\\invoices\\server.ts","statementMap":{"0":{"start":{"line":24,"column":15},"end":{"line":24,"column":null}},"1":{"start":{"line":27,"column":17},"end":{"line":53,"column":null}},"2":{"start":{"line":28,"column":16},"end":{"line":35,"column":null}},"3":{"start":{"line":37,"column":21},"end":{"line":37,"column":null}},"4":{"start":{"line":38,"column":4},"end":{"line":50,"column":null}},"5":{"start":{"line":39,"column":6},"end":{"line":39,"column":null}},"6":{"start":{"line":40,"column":6},"end":{"line":43,"column":null}},"7":{"start":{"line":45,"column":6},"end":{"line":49,"column":null}},"8":{"start":{"line":52,"column":4},"end":{"line":52,"column":null}},"9":{"start":{"line":55,"column":2},"end":{"line":55,"column":null}},"10":{"start":{"line":62,"column":20},"end":{"line":62,"column":null}},"11":{"start":{"line":63,"column":2},"end":{"line":63,"column":null}},"12":{"start":{"line":68,"column":27},"end":{"line":73,"column":null}},"13":{"start":{"line":75,"column":13},"end":{"line":158,"column":null}},"14":{"start":{"line":76,"column":28},"end":{"line":76,"column":58}},"15":{"start":{"line":78,"column":20},"end":{"line":78,"column":null}},"16":{"start":{"line":81,"column":21},"end":{"line":86,"column":null}},"17":{"start":{"line":87,"column":4},"end":{"line":87,"column":null}},"18":{"start":{"line":87,"column":18},"end":{"line":87,"column":null}},"19":{"start":{"line":89,"column":19},"end":{"line":89,"column":null}},"20":{"start":{"line":90,"column":19},"end":{"line":90,"column":null}},"21":{"start":{"line":91,"column":16},"end":{"line":91,"column":null}},"22":{"start":{"line":92,"column":34},"end":{"line":92,"column":null}},"23":{"start":{"line":93,"column":23},"end":{"line":93,"column":null}},"24":{"start":{"line":94,"column":28},"end":{"line":94,"column":null}},"25":{"start":{"line":96,"column":4},"end":{"line":124,"column":null}},"26":{"start":{"line":97,"column":19},"end":{"line":100,"column":null}},"27":{"start":{"line":101,"column":6},"end":{"line":101,"column":null}},"28":{"start":{"line":101,"column":17},"end":{"line":101,"column":null}},"29":{"start":{"line":103,"column":6},"end":{"line":103,"column":null}},"30":{"start":{"line":104,"column":6},"end":{"line":104,"column":null}},"31":{"start":{"line":105,"column":6},"end":{"line":105,"column":null}},"32":{"start":{"line":106,"column":6},"end":{"line":106,"column":null}},"33":{"start":{"line":107,"column":6},"end":{"line":107,"column":null}},"34":{"start":{"line":108,"column":6},"end":{"line":108,"column":null}},"35":{"start":{"line":110,"column":22},"end":{"line":116,"column":null}},"36":{"start":{"line":117,"column":6},"end":{"line":117,"column":null}},"37":{"start":{"line":117,"column":20},"end":{"line":117,"column":null}},"38":{"start":{"line":119,"column":6},"end":{"line":119,"column":null}},"39":{"start":{"line":120,"column":6},"end":{"line":120,"column":null}},"40":{"start":{"line":121,"column":6},"end":{"line":121,"column":null}},"41":{"start":{"line":122,"column":6},"end":{"line":122,"column":null}},"42":{"start":{"line":123,"column":6},"end":{"line":123,"column":null}},"43":{"start":{"line":126,"column":20},"end":{"line":126,"column":null}},"44":{"start":{"line":127,"column":22},"end":{"line":127,"column":null}},"45":{"start":{"line":129,"column":26},"end":{"line":129,"column":null}},"46":{"start":{"line":131,"column":22},"end":{"line":147,"column":null}},"47":{"start":{"line":149,"column":4},"end":{"line":155,"column":null}},"48":{"start":{"line":157,"column":4},"end":{"line":157,"column":null}},"49":{"start":{"line":162,"column":26},"end":{"line":164,"column":null}},"50":{"start":{"line":166,"column":13},"end":{"line":179,"column":null}},"51":{"start":{"line":167,"column":28},"end":{"line":167,"column":57}},"52":{"start":{"line":169,"column":4},"end":{"line":169,"column":null}},"53":{"start":{"line":170,"column":4},"end":{"line":178,"column":null}},"54":{"start":{"line":183,"column":13},"end":{"line":221,"column":null}},"55":{"start":{"line":184,"column":26},"end":{"line":184,"column":45}},"56":{"start":{"line":186,"column":4},"end":{"line":186,"column":null}},"57":{"start":{"line":187,"column":18},"end":{"line":195,"column":null}},"58":{"start":{"line":196,"column":4},"end":{"line":196,"column":null}},"59":{"start":{"line":196,"column":14},"end":{"line":196,"column":null}},"60":{"start":{"line":199,"column":23},"end":{"line":199,"column":null}},"61":{"start":{"line":200,"column":4},"end":{"line":218,"column":null}},"62":{"start":{"line":201,"column":19},"end":{"line":208,"column":null}},"63":{"start":{"line":209,"column":6},"end":{"line":209,"column":null}},"64":{"start":{"line":211,"column":22},"end":{"line":216,"column":null}},"65":{"start":{"line":217,"column":6},"end":{"line":217,"column":null}},"66":{"start":{"line":220,"column":4},"end":{"line":220,"column":null}},"67":{"start":{"line":225,"column":13},"end":{"line":242,"column":null}},"68":{"start":{"line":226,"column":28},"end":{"line":226,"column":67}},"69":{"start":{"line":228,"column":20},"end":{"line":228,"column":null}},"70":{"start":{"line":229,"column":18},"end":{"line":232,"column":null}},"71":{"start":{"line":234,"column":4},"end":{"line":240,"column":null}},"72":{"start":{"line":241,"column":4},"end":{"line":241,"column":null}},"73":{"start":{"line":251,"column":2},"end":{"line":316,"column":null}},"74":{"start":{"line":253,"column":21},"end":{"line":258,"column":null}},"75":{"start":{"line":259,"column":4},"end":{"line":259,"column":null}},"76":{"start":{"line":259,"column":18},"end":{"line":259,"column":null}},"77":{"start":{"line":261,"column":20},"end":{"line":261,"column":null}},"78":{"start":{"line":263,"column":19},"end":{"line":263,"column":null}},"79":{"start":{"line":264,"column":19},"end":{"line":264,"column":null}},"80":{"start":{"line":265,"column":16},"end":{"line":265,"column":null}},"81":{"start":{"line":266,"column":34},"end":{"line":266,"column":null}},"82":{"start":{"line":267,"column":23},"end":{"line":267,"column":null}},"83":{"start":{"line":268,"column":28},"end":{"line":268,"column":null}},"84":{"start":{"line":270,"column":4},"end":{"line":293,"column":null}},"85":{"start":{"line":271,"column":19},"end":{"line":274,"column":null}},"86":{"start":{"line":275,"column":6},"end":{"line":275,"column":null}},"87":{"start":{"line":275,"column":17},"end":{"line":275,"column":null}},"88":{"start":{"line":276,"column":6},"end":{"line":276,"column":null}},"89":{"start":{"line":277,"column":6},"end":{"line":277,"column":null}},"90":{"start":{"line":278,"column":6},"end":{"line":278,"column":null}},"91":{"start":{"line":279,"column":6},"end":{"line":279,"column":null}},"92":{"start":{"line":280,"column":6},"end":{"line":280,"column":null}},"93":{"start":{"line":281,"column":6},"end":{"line":281,"column":null}},"94":{"start":{"line":283,"column":22},"end":{"line":286,"column":null}},"95":{"start":{"line":287,"column":6},"end":{"line":287,"column":null}},"96":{"start":{"line":287,"column":20},"end":{"line":287,"column":null}},"97":{"start":{"line":288,"column":6},"end":{"line":288,"column":null}},"98":{"start":{"line":289,"column":6},"end":{"line":289,"column":null}},"99":{"start":{"line":290,"column":6},"end":{"line":290,"column":null}},"100":{"start":{"line":291,"column":6},"end":{"line":291,"column":null}},"101":{"start":{"line":292,"column":6},"end":{"line":292,"column":null}},"102":{"start":{"line":295,"column":22},"end":{"line":295,"column":null}},"103":{"start":{"line":296,"column":26},"end":{"line":296,"column":null}},"104":{"start":{"line":298,"column":4},"end":{"line":313,"column":null}},"105":{"start":{"line":315,"column":4},"end":{"line":315,"column":null}},"106":{"start":{"line":321,"column":13},"end":{"line":331,"column":null}},"107":{"start":{"line":323,"column":4},"end":{"line":323,"column":null}},"108":{"start":{"line":324,"column":16},"end":{"line":324,"column":null}},"109":{"start":{"line":325,"column":19},"end":{"line":325,"column":null}},"110":{"start":{"line":325,"column":37},"end":{"line":325,"column":58}},"111":{"start":{"line":326,"column":21},"end":{"line":326,"column":null}},"112":{"start":{"line":326,"column":39},"end":{"line":326,"column":62}},"113":{"start":{"line":327,"column":24},"end":{"line":329,"column":null}},"114":{"start":{"line":328,"column":21},"end":{"line":328,"column":42}},"115":{"start":{"line":329,"column":24},"end":{"line":329,"column":45}},"116":{"start":{"line":330,"column":4},"end":{"line":330,"column":null}}},"fnMap":{"0":{"name":"getNextInvoiceNumber","decl":{"start":{"line":23,"column":15},"end":{"line":23,"column":36}},"loc":{"start":{"line":23,"column":79},"end":{"line":56,"column":null}},"line":23},"1":{"name":"(anonymous_1)","decl":{"start":{"line":27,"column":38},"end":{"line":27,"column":45}},"loc":{"start":{"line":27,"column":52},"end":{"line":53,"column":3}},"line":27},"2":{"name":"getTaxRate","decl":{"start":{"line":61,"column":15},"end":{"line":61,"column":45}},"loc":{"start":{"line":61,"column":45},"end":{"line":64,"column":null}},"line":61},"3":{"name":"(anonymous_3)","decl":{"start":{"line":76,"column":3},"end":{"line":76,"column":19}},"loc":{"start":{"line":76,"column":28},"end":{"line":76,"column":58}},"line":76},"4":{"name":"(anonymous_4)","decl":{"start":{"line":77,"column":11},"end":{"line":77,"column":18}},"loc":{"start":{"line":77,"column":31},"end":{"line":158,"column":3}},"line":77},"5":{"name":"(anonymous_5)","decl":{"start":{"line":167,"column":3},"end":{"line":167,"column":19}},"loc":{"start":{"line":167,"column":28},"end":{"line":167,"column":57}},"line":167},"6":{"name":"(anonymous_6)","decl":{"start":{"line":168,"column":11},"end":{"line":168,"column":18}},"loc":{"start":{"line":168,"column":31},"end":{"line":179,"column":3}},"line":168},"7":{"name":"(anonymous_7)","decl":{"start":{"line":184,"column":3},"end":{"line":184,"column":19}},"loc":{"start":{"line":184,"column":26},"end":{"line":184,"column":45}},"line":184},"8":{"name":"(anonymous_8)","decl":{"start":{"line":185,"column":11},"end":{"line":185,"column":18}},"loc":{"start":{"line":185,"column":35},"end":{"line":221,"column":3}},"line":185},"9":{"name":"(anonymous_9)","decl":{"start":{"line":226,"column":3},"end":{"line":226,"column":19}},"loc":{"start":{"line":226,"column":28},"end":{"line":226,"column":67}},"line":226},"10":{"name":"(anonymous_10)","decl":{"start":{"line":227,"column":11},"end":{"line":227,"column":18}},"loc":{"start":{"line":227,"column":31},"end":{"line":242,"column":3}},"line":227},"11":{"name":"autoIssueInvoice","decl":{"start":{"line":246,"column":22},"end":{"line":246,"column":null}},"loc":{"start":{"line":250,"column":17},"end":{"line":317,"column":null}},"line":250},"12":{"name":"(anonymous_12)","decl":{"start":{"line":322,"column":11},"end":{"line":322,"column":23}},"loc":{"start":{"line":322,"column":23},"end":{"line":331,"column":3}},"line":322},"13":{"name":"(anonymous_13)","decl":{"start":{"line":325,"column":23},"end":{"line":325,"column":31}},"loc":{"start":{"line":325,"column":37},"end":{"line":325,"column":58}},"line":325},"14":{"name":"(anonymous_14)","decl":{"start":{"line":326,"column":25},"end":{"line":326,"column":33}},"loc":{"start":{"line":326,"column":39},"end":{"line":326,"column":62}},"line":326},"15":{"name":"(anonymous_15)","decl":{"start":{"line":328,"column":7},"end":{"line":328,"column":15}},"loc":{"start":{"line":328,"column":21},"end":{"line":328,"column":42}},"line":328},"16":{"name":"(anonymous_16)","decl":{"start":{"line":329,"column":7},"end":{"line":329,"column":15}},"loc":{"start":{"line":329,"column":24},"end":{"line":329,"column":45}},"line":329}},"branchMap":{"0":{"loc":{"start":{"line":30,"column":8},"end":{"line":32,"column":null}},"type":"cond-expr","locations":[{"start":{"line":30,"column":8},"end":{"line":31,"column":null}},{"start":{"line":31,"column":50},"end":{"line":32,"column":null}}],"line":30},"1":{"loc":{"start":{"line":38,"column":4},"end":{"line":50,"column":null}},"type":"if","locations":[{"start":{"line":38,"column":4},"end":{"line":50,"column":null}},{"start":{"line":44,"column":11},"end":{"line":50,"column":null}}],"line":38},"2":{"loc":{"start":{"line":46,"column":18},"end":{"line":46,"column":null}},"type":"binary-expr","locations":[{"start":{"line":46,"column":18},"end":{"line":46,"column":30}},{"start":{"line":46,"column":30},"end":{"line":46,"column":null}}],"line":46},"3":{"loc":{"start":{"line":63,"column":16},"end":{"line":63,"column":37}},"type":"binary-expr","locations":[{"start":{"line":63,"column":16},"end":{"line":63,"column":36}},{"start":{"line":63,"column":36},"end":{"line":63,"column":37}}],"line":63},"4":{"loc":{"start":{"line":87,"column":4},"end":{"line":87,"column":null}},"type":"if","locations":[{"start":{"line":87,"column":4},"end":{"line":87,"column":null}},{"start":{},"end":{}}],"line":87},"5":{"loc":{"start":{"line":96,"column":4},"end":{"line":124,"column":null}},"type":"if","locations":[{"start":{"line":96,"column":4},"end":{"line":124,"column":null}},{"start":{"line":109,"column":11},"end":{"line":124,"column":null}}],"line":96},"6":{"loc":{"start":{"line":101,"column":6},"end":{"line":101,"column":null}},"type":"if","locations":[{"start":{"line":101,"column":6},"end":{"line":101,"column":null}},{"start":{},"end":{}}],"line":101},"7":{"loc":{"start":{"line":107,"column":21},"end":{"line":107,"column":null}},"type":"binary-expr","locations":[{"start":{"line":107,"column":21},"end":{"line":107,"column":42}},{"start":{"line":107,"column":42},"end":{"line":107,"column":67}},{"start":{"line":107,"column":67},"end":{"line":107,"column":null}}],"line":107},"8":{"loc":{"start":{"line":108,"column":26},"end":{"line":108,"column":null}},"type":"binary-expr","locations":[{"start":{"line":108,"column":26},"end":{"line":108,"column":57}},{"start":{"line":108,"column":57},"end":{"line":108,"column":null}}],"line":108},"9":{"loc":{"start":{"line":117,"column":6},"end":{"line":117,"column":null}},"type":"if","locations":[{"start":{"line":117,"column":6},"end":{"line":117,"column":null}},{"start":{},"end":{}}],"line":117},"10":{"loc":{"start":{"line":122,"column":21},"end":{"line":122,"column":null}},"type":"binary-expr","locations":[{"start":{"line":122,"column":21},"end":{"line":122,"column":49}},{"start":{"line":122,"column":49},"end":{"line":122,"column":null}}],"line":122},"11":{"loc":{"start":{"line":123,"column":26},"end":{"line":123,"column":null}},"type":"binary-expr","locations":[{"start":{"line":123,"column":26},"end":{"line":123,"column":60}},{"start":{"line":123,"column":60},"end":{"line":123,"column":null}}],"line":123},"12":{"loc":{"start":{"line":143,"column":13},"end":{"line":143,"column":null}},"type":"binary-expr","locations":[{"start":{"line":143,"column":13},"end":{"line":143,"column":27}},{"start":{"line":143,"column":27},"end":{"line":143,"column":null}}],"line":143},"13":{"loc":{"start":{"line":144,"column":16},"end":{"line":144,"column":null}},"type":"binary-expr","locations":[{"start":{"line":144,"column":16},"end":{"line":144,"column":33}},{"start":{"line":144,"column":33},"end":{"line":144,"column":null}}],"line":144},"14":{"loc":{"start":{"line":171,"column":13},"end":{"line":171,"column":null}},"type":"cond-expr","locations":[{"start":{"line":171,"column":18},"end":{"line":171,"column":68}},{"start":{"line":171,"column":68},"end":{"line":171,"column":null}}],"line":171},"15":{"loc":{"start":{"line":196,"column":4},"end":{"line":196,"column":null}},"type":"if","locations":[{"start":{"line":196,"column":4},"end":{"line":196,"column":null}},{"start":{},"end":{}}],"line":196},"16":{"loc":{"start":{"line":200,"column":4},"end":{"line":218,"column":null}},"type":"if","locations":[{"start":{"line":200,"column":4},"end":{"line":218,"column":null}},{"start":{"line":210,"column":11},"end":{"line":218,"column":null}}],"line":200},"17":{"loc":{"start":{"line":259,"column":4},"end":{"line":259,"column":null}},"type":"if","locations":[{"start":{"line":259,"column":4},"end":{"line":259,"column":null}},{"start":{},"end":{}}],"line":259},"18":{"loc":{"start":{"line":270,"column":4},"end":{"line":293,"column":null}},"type":"if","locations":[{"start":{"line":270,"column":4},"end":{"line":293,"column":null}},{"start":{"line":282,"column":11},"end":{"line":293,"column":null}}],"line":270},"19":{"loc":{"start":{"line":275,"column":6},"end":{"line":275,"column":null}},"type":"if","locations":[{"start":{"line":275,"column":6},"end":{"line":275,"column":null}},{"start":{},"end":{}}],"line":275},"20":{"loc":{"start":{"line":280,"column":21},"end":{"line":280,"column":null}},"type":"binary-expr","locations":[{"start":{"line":280,"column":21},"end":{"line":280,"column":42}},{"start":{"line":280,"column":42},"end":{"line":280,"column":67}},{"start":{"line":280,"column":67},"end":{"line":280,"column":null}}],"line":280},"21":{"loc":{"start":{"line":281,"column":26},"end":{"line":281,"column":null}},"type":"binary-expr","locations":[{"start":{"line":281,"column":26},"end":{"line":281,"column":57}},{"start":{"line":281,"column":57},"end":{"line":281,"column":null}}],"line":281},"22":{"loc":{"start":{"line":287,"column":6},"end":{"line":287,"column":null}},"type":"if","locations":[{"start":{"line":287,"column":6},"end":{"line":287,"column":null}},{"start":{},"end":{}}],"line":287},"23":{"loc":{"start":{"line":291,"column":21},"end":{"line":291,"column":null}},"type":"binary-expr","locations":[{"start":{"line":291,"column":21},"end":{"line":291,"column":49}},{"start":{"line":291,"column":49},"end":{"line":291,"column":null}}],"line":291},"24":{"loc":{"start":{"line":292,"column":26},"end":{"line":292,"column":null}},"type":"binary-expr","locations":[{"start":{"line":292,"column":26},"end":{"line":292,"column":60}},{"start":{"line":292,"column":60},"end":{"line":292,"column":null}}],"line":292},"25":{"loc":{"start":{"line":310,"column":16},"end":{"line":310,"column":null}},"type":"binary-expr","locations":[{"start":{"line":310,"column":16},"end":{"line":310,"column":28}},{"start":{"line":310,"column":28},"end":{"line":310,"column":null}}],"line":310}},"s":{"0":0,"1":0,"2":0,"3":0,"4":0,"5":0,"6":0,"7":0,"8":0,"9":0,"10":0,"11":0,"12":1,"13":1,"14":0,"15":0,"16":0,"17":0,"18":0,"19":0,"20":0,"21":0,"22":0,"23":0,"24":0,"25":0,"26":0,"27":0,"28":0,"29":0,"30":0,"31":0,"32":0,"33":0,"34":0,"35":0,"36":0,"37":0,"38":0,"39":0,"40":0,"41":0,"42":0,"43":0,"44":0,"45":0,"46":0,"47":0,"48":0,"49":1,"50":1,"51":0,"52":0,"53":0,"54":1,"55":0,"56":0,"57":0,"58":0,"59":0,"60":0,"61":0,"62":0,"63":0,"64":0,"65":0,"66":0,"67":1,"68":0,"69":0,"70":0,"71":0,"72":0,"73":0,"74":0,"75":0,"76":0,"77":0,"78":0,"79":0,"80":0,"81":0,"82":0,"83":0,"84":0,"85":0,"86":0,"87":0,"88":0,"89":0,"90":0,"91":0,"92":0,"93":0,"94":0,"95":0,"96":0,"97":0,"98":0,"99":0,"100":0,"101":0,"102":0,"103":0,"104":0,"105":0,"106":1,"107":0,"108":0,"109":0,"110":0,"111":0,"112":0,"113":0,"114":0,"115":0,"116":0},"f":{"0":0,"1":0,"2":0,"3":0,"4":0,"5":0,"6":0,"7":0,"8":0,"9":0,"10":0,"11":0,"12":0,"13":0,"14":0,"15":0,"16":0},"b":{"0":[0,0],"1":[0,0],"2":[0,0],"3":[0,0],"4":[0,0],"5":[0,0],"6":[0,0],"7":[0,0,0],"8":[0,0],"9":[0,0],"10":[0,0],"11":[0,0],"12":[0,0],"13":[0,0],"14":[0,0],"15":[0,0],"16":[0,0],"17":[0,0],"18":[0,0],"19":[0,0],"20":[0,0,0],"21":[0,0],"22":[0,0],"23":[0,0],"24":[0,0],"25":[0,0]},"meta":{"lastBranch":26,"lastFunction":17,"lastStatement":117,"seen":{"f:23:15:23:36":0,"s:24:15:24:Infinity":0,"s:27:17:53:Infinity":1,"f:27:38:27:45":1,"s:28:16:35:Infinity":2,"b:30:8:31:Infinity:31:50:32:Infinity":0,"s:37:21:37:Infinity":3,"b:38:4:50:Infinity:44:11:50:Infinity":1,"s:38:4:50:Infinity":4,"s:39:6:39:Infinity":5,"s:40:6:43:Infinity":6,"s:45:6:49:Infinity":7,"b:46:18:46:30:46:30:46:Infinity":2,"s:52:4:52:Infinity":8,"s:55:2:55:Infinity":9,"f:61:15:61:45":2,"s:62:20:62:Infinity":10,"s:63:2:63:Infinity":11,"b:63:16:63:36:63:36:63:37":3,"s:68:27:73:Infinity":12,"s:75:13:158:Infinity":13,"f:76:3:76:19":3,"s:76:28:76:58":14,"f:77:11:77:18":4,"s:78:20:78:Infinity":15,"s:81:21:86:Infinity":16,"b:87:4:87:Infinity:undefined:undefined:undefined:undefined":4,"s:87:4:87:Infinity":17,"s:87:18:87:Infinity":18,"s:89:19:89:Infinity":19,"s:90:19:90:Infinity":20,"s:91:16:91:Infinity":21,"s:92:34:92:Infinity":22,"s:93:23:93:Infinity":23,"s:94:28:94:Infinity":24,"b:96:4:124:Infinity:109:11:124:Infinity":5,"s:96:4:124:Infinity":25,"s:97:19:100:Infinity":26,"b:101:6:101:Infinity:undefined:undefined:undefined:undefined":6,"s:101:6:101:Infinity":27,"s:101:17:101:Infinity":28,"s:103:6:103:Infinity":29,"s:104:6:104:Infinity":30,"s:105:6:105:Infinity":31,"s:106:6:106:Infinity":32,"s:107:6:107:Infinity":33,"b:107:21:107:42:107:42:107:67:107:67:107:Infinity":7,"s:108:6:108:Infinity":34,"b:108:26:108:57:108:57:108:Infinity":8,"s:110:22:116:Infinity":35,"b:117:6:117:Infinity:undefined:undefined:undefined:undefined":9,"s:117:6:117:Infinity":36,"s:117:20:117:Infinity":37,"s:119:6:119:Infinity":38,"s:120:6:120:Infinity":39,"s:121:6:121:Infinity":40,"s:122:6:122:Infinity":41,"b:122:21:122:49:122:49:122:Infinity":10,"s:123:6:123:Infinity":42,"b:123:26:123:60:123:60:123:Infinity":11,"s:126:20:126:Infinity":43,"s:127:22:127:Infinity":44,"s:129:26:129:Infinity":45,"s:131:22:147:Infinity":46,"b:143:13:143:27:143:27:143:Infinity":12,"b:144:16:144:33:144:33:144:Infinity":13,"s:149:4:155:Infinity":47,"s:157:4:157:Infinity":48,"s:162:26:164:Infinity":49,"s:166:13:179:Infinity":50,"f:167:3:167:19":5,"s:167:28:167:57":51,"f:168:11:168:18":6,"s:169:4:169:Infinity":52,"s:170:4:178:Infinity":53,"b:171:18:171:68:171:68:171:Infinity":14,"s:183:13:221:Infinity":54,"f:184:3:184:19":7,"s:184:26:184:45":55,"f:185:11:185:18":8,"s:186:4:186:Infinity":56,"s:187:18:195:Infinity":57,"b:196:4:196:Infinity:undefined:undefined:undefined:undefined":15,"s:196:4:196:Infinity":58,"s:196:14:196:Infinity":59,"s:199:23:199:Infinity":60,"b:200:4:218:Infinity:210:11:218:Infinity":16,"s:200:4:218:Infinity":61,"s:201:19:208:Infinity":62,"s:209:6:209:Infinity":63,"s:211:22:216:Infinity":64,"s:217:6:217:Infinity":65,"s:220:4:220:Infinity":66,"s:225:13:242:Infinity":67,"f:226:3:226:19":9,"s:226:28:226:67":68,"f:227:11:227:18":10,"s:228:20:228:Infinity":69,"s:229:18:232:Infinity":70,"s:234:4:240:Infinity":71,"s:241:4:241:Infinity":72,"f:246:22:246:Infinity":11,"s:251:2:316:Infinity":73,"s:253:21:258:Infinity":74,"b:259:4:259:Infinity:undefined:undefined:undefined:undefined":17,"s:259:4:259:Infinity":75,"s:259:18:259:Infinity":76,"s:261:20:261:Infinity":77,"s:263:19:263:Infinity":78,"s:264:19:264:Infinity":79,"s:265:16:265:Infinity":80,"s:266:34:266:Infinity":81,"s:267:23:267:Infinity":82,"s:268:28:268:Infinity":83,"b:270:4:293:Infinity:282:11:293:Infinity":18,"s:270:4:293:Infinity":84,"s:271:19:274:Infinity":85,"b:275:6:275:Infinity:undefined:undefined:undefined:undefined":19,"s:275:6:275:Infinity":86,"s:275:17:275:Infinity":87,"s:276:6:276:Infinity":88,"s:277:6:277:Infinity":89,"s:278:6:278:Infinity":90,"s:279:6:279:Infinity":91,"s:280:6:280:Infinity":92,"b:280:21:280:42:280:42:280:67:280:67:280:Infinity":20,"s:281:6:281:Infinity":93,"b:281:26:281:57:281:57:281:Infinity":21,"s:283:22:286:Infinity":94,"b:287:6:287:Infinity:undefined:undefined:undefined:undefined":22,"s:287:6:287:Infinity":95,"s:287:20:287:Infinity":96,"s:288:6:288:Infinity":97,"s:289:6:289:Infinity":98,"s:290:6:290:Infinity":99,"s:291:6:291:Infinity":100,"b:291:21:291:49:291:49:291:Infinity":23,"s:292:6:292:Infinity":101,"b:292:26:292:60:292:60:292:Infinity":24,"s:295:22:295:Infinity":102,"s:296:26:296:Infinity":103,"s:298:4:313:Infinity":104,"b:310:16:310:28:310:28:310:Infinity":25,"s:315:4:315:Infinity":105,"s:321:13:331:Infinity":106,"f:322:11:322:23":12,"s:323:4:323:Infinity":107,"s:324:16:324:Infinity":108,"s:325:19:325:Infinity":109,"f:325:23:325:31":13,"s:325:37:325:58":110,"s:326:21:326:Infinity":111,"f:326:25:326:33":14,"s:326:39:326:62":112,"s:327:24:329:Infinity":113,"f:328:7:328:15":15,"s:328:21:328:42":114,"f:329:7:329:15":16,"s:329:24:329:45":115,"s:330:4:330:Infinity":116},"fnNames":{}}}
,"D:\\DEV\\nuwe-gym\\src\\features\\loyalty\\server.ts": {"path":"D:\\DEV\\nuwe-gym\\src\\features\\loyalty\\server.ts","statementMap":{"0":{"start":{"line":22,"column":22},"end":{"line":27,"column":null}},"1":{"start":{"line":32,"column":16},"end":{"line":32,"column":null}},"2":{"start":{"line":33,"column":13},"end":{"line":33,"column":null}},"3":{"start":{"line":34,"column":2},"end":{"line":36,"column":null}},"4":{"start":{"line":35,"column":4},"end":{"line":35,"column":null}},"5":{"start":{"line":35,"column":31},"end":{"line":35,"column":null}},"6":{"start":{"line":37,"column":2},"end":{"line":37,"column":null}},"7":{"start":{"line":47,"column":15},"end":{"line":52,"column":null}},"8":{"start":{"line":53,"column":8},"end":{"line":53,"column":null}},"9":{"start":{"line":54,"column":2},"end":{"line":58,"column":null}},"10":{"start":{"line":59,"column":2},"end":{"line":59,"column":null}},"11":{"start":{"line":64,"column":19},"end":{"line":67,"column":null}},"12":{"start":{"line":68,"column":2},"end":{"line":68,"column":null}},"13":{"start":{"line":75,"column":2},"end":{"line":75,"column":null}},"14":{"start":{"line":78,"column":17},"end":{"line":83,"column":null}},"15":{"start":{"line":83,"column":15},"end":{"line":83,"column":19}},"16":{"start":{"line":85,"column":2},"end":{"line":96,"column":null}},"17":{"start":{"line":86,"column":25},"end":{"line":90,"column":null}},"18":{"start":{"line":90,"column":17},"end":{"line":90,"column":39}},"19":{"start":{"line":93,"column":4},"end":{"line":95,"column":null}},"20":{"start":{"line":94,"column":6},"end":{"line":94,"column":null}},"21":{"start":{"line":99,"column":2},"end":{"line":99,"column":null}},"22":{"start":{"line":100,"column":2},"end":{"line":100,"column":null}},"23":{"start":{"line":104,"column":14},"end":{"line":104,"column":null}},"24":{"start":{"line":105,"column":2},"end":{"line":107,"column":null}},"25":{"start":{"line":106,"column":4},"end":{"line":106,"column":null}},"26":{"start":{"line":108,"column":2},"end":{"line":108,"column":null}},"27":{"start":{"line":109,"column":2},"end":{"line":109,"column":null}},"28":{"start":{"line":110,"column":2},"end":{"line":110,"column":null}},"29":{"start":{"line":116,"column":27},"end":{"line":125,"column":null}},"30":{"start":{"line":127,"column":2},"end":{"line":205,"column":null}},"31":{"start":{"line":129,"column":23},"end":{"line":137,"column":null}},"32":{"start":{"line":139,"column":4},"end":{"line":139,"column":null}},"33":{"start":{"line":139,"column":29},"end":{"line":139,"column":null}},"34":{"start":{"line":141,"column":23},"end":{"line":141,"column":null}},"35":{"start":{"line":142,"column":4},"end":{"line":159,"column":null}},"36":{"start":{"line":144,"column":8},"end":{"line":154,"column":null}},"37":{"start":{"line":154,"column":21},"end":{"line":154,"column":43}},"38":{"start":{"line":155,"column":8},"end":{"line":155,"column":null}},"39":{"start":{"line":158,"column":8},"end":{"line":158,"column":null}},"40":{"start":{"line":161,"column":24},"end":{"line":161,"column":null}},"41":{"start":{"line":163,"column":4},"end":{"line":182,"column":null}},"42":{"start":{"line":164,"column":6},"end":{"line":173,"column":null}},"43":{"start":{"line":175,"column":6},"end":{"line":181,"column":null}},"44":{"start":{"line":185,"column":4},"end":{"line":204,"column":null}},"45":{"start":{"line":186,"column":18},"end":{"line":195,"column":null}},"46":{"start":{"line":197,"column":6},"end":{"line":203,"column":null}},"47":{"start":{"line":198,"column":8},"end":{"line":198,"column":null}},"48":{"start":{"line":199,"column":8},"end":{"line":202,"column":null}},"49":{"start":{"line":209,"column":20},"end":{"line":209,"column":null}},"50":{"start":{"line":211,"column":2},"end":{"line":256,"column":null}},"51":{"start":{"line":212,"column":16},"end":{"line":212,"column":null}},"52":{"start":{"line":213,"column":4},"end":{"line":213,"column":null}},"53":{"start":{"line":213,"column":32},"end":{"line":213,"column":null}},"54":{"start":{"line":216,"column":21},"end":{"line":222,"column":null}},"55":{"start":{"line":223,"column":4},"end":{"line":223,"column":null}},"56":{"start":{"line":223,"column":29},"end":{"line":223,"column":null}},"57":{"start":{"line":225,"column":23},"end":{"line":225,"column":null}},"58":{"start":{"line":226,"column":4},"end":{"line":248,"column":null}},"59":{"start":{"line":228,"column":8},"end":{"line":232,"column":null}},"60":{"start":{"line":232,"column":21},"end":{"line":232,"column":43}},"61":{"start":{"line":233,"column":8},"end":{"line":233,"column":null}},"62":{"start":{"line":235,"column":8},"end":{"line":239,"column":null}},"63":{"start":{"line":239,"column":21},"end":{"line":239,"column":43}},"64":{"start":{"line":240,"column":8},"end":{"line":240,"column":null}},"65":{"start":{"line":242,"column":8},"end":{"line":246,"column":null}},"66":{"start":{"line":246,"column":21},"end":{"line":246,"column":43}},"67":{"start":{"line":247,"column":8},"end":{"line":247,"column":null}},"68":{"start":{"line":250,"column":4},"end":{"line":255,"column":null}},"69":{"start":{"line":251,"column":6},"end":{"line":251,"column":null}},"70":{"start":{"line":252,"column":6},"end":{"line":254,"column":null}},"71":{"start":{"line":253,"column":8},"end":{"line":253,"column":null}},"72":{"start":{"line":262,"column":22},"end":{"line":262,"column":null}},"73":{"start":{"line":264,"column":13},"end":{"line":330,"column":null}},"74":{"start":{"line":265,"column":28},"end":{"line":265,"column":53}},"75":{"start":{"line":267,"column":4},"end":{"line":267,"column":null}},"76":{"start":{"line":268,"column":17},"end":{"line":273,"column":null}},"77":{"start":{"line":274,"column":26},"end":{"line":274,"column":null}},"78":{"start":{"line":275,"column":17},"end":{"line":275,"column":null}},"79":{"start":{"line":276,"column":20},"end":{"line":281,"column":null}},"80":{"start":{"line":284,"column":29},"end":{"line":292,"column":null}},"81":{"start":{"line":293,"column":34},"end":{"line":296,"column":null}},"82":{"start":{"line":299,"column":25},"end":{"line":302,"column":null}},"83":{"start":{"line":303,"column":25},"end":{"line":309,"column":null}},"84":{"start":{"line":307,"column":62},"end":{"line":307,"column":71}},"85":{"start":{"line":312,"column":19},"end":{"line":317,"column":null}},"86":{"start":{"line":317,"column":17},"end":{"line":317,"column":21}},"87":{"start":{"line":319,"column":4},"end":{"line":329,"column":null}},"88":{"start":{"line":323,"column":46},"end":{"line":326,"column":8}},"89":{"start":{"line":325,"column":50},"end":{"line":325,"column":73}},"90":{"start":{"line":333,"column":21},"end":{"line":337,"column":null}},"91":{"start":{"line":339,"column":13},"end":{"line":362,"column":null}},"92":{"start":{"line":340,"column":28},"end":{"line":340,"column":52}},"93":{"start":{"line":342,"column":20},"end":{"line":342,"column":null}},"94":{"start":{"line":343,"column":17},"end":{"line":348,"column":null}},"95":{"start":{"line":349,"column":26},"end":{"line":349,"column":null}},"96":{"start":{"line":350,"column":4},"end":{"line":350,"column":null}},"97":{"start":{"line":350,"column":37},"end":{"line":350,"column":null}},"98":{"start":{"line":351,"column":23},"end":{"line":351,"column":null}},"99":{"start":{"line":352,"column":17},"end":{"line":355,"column":null}},"100":{"start":{"line":356,"column":4},"end":{"line":360,"column":null}},"101":{"start":{"line":361,"column":4},"end":{"line":361,"column":null}},"102":{"start":{"line":366,"column":13},"end":{"line":381,"column":null}},"103":{"start":{"line":367,"column":28},"end":{"line":367,"column":81}},"104":{"start":{"line":369,"column":4},"end":{"line":369,"column":null}},"105":{"start":{"line":370,"column":19},"end":{"line":375,"column":null}},"106":{"start":{"line":375,"column":17},"end":{"line":375,"column":21}},"107":{"start":{"line":376,"column":4},"end":{"line":376,"column":null}},"108":{"start":{"line":376,"column":17},"end":{"line":376,"column":null}},"109":{"start":{"line":377,"column":4},"end":{"line":377,"column":null}},"110":{"start":{"line":377,"column":29},"end":{"line":377,"column":null}},"111":{"start":{"line":378,"column":17},"end":{"line":378,"column":null}},"112":{"start":{"line":379,"column":4},"end":{"line":379,"column":null}},"113":{"start":{"line":380,"column":4},"end":{"line":380,"column":null}},"114":{"start":{"line":385,"column":13},"end":{"line":389,"column":null}},"115":{"start":{"line":387,"column":4},"end":{"line":387,"column":null}},"116":{"start":{"line":388,"column":4},"end":{"line":388,"column":null}},"117":{"start":{"line":391,"column":27},"end":{"line":399,"column":null}},"118":{"start":{"line":401,"column":13},"end":{"line":419,"column":null}},"119":{"start":{"line":402,"column":28},"end":{"line":402,"column":58}},"120":{"start":{"line":404,"column":20},"end":{"line":404,"column":null}},"121":{"start":{"line":405,"column":17},"end":{"line":413,"column":null}},"122":{"start":{"line":414,"column":4},"end":{"line":417,"column":null}},"123":{"start":{"line":418,"column":4},"end":{"line":418,"column":null}},"124":{"start":{"line":421,"column":27},"end":{"line":421,"column":null}},"125":{"start":{"line":423,"column":13},"end":{"line":435,"column":null}},"126":{"start":{"line":424,"column":28},"end":{"line":424,"column":58}},"127":{"start":{"line":426,"column":20},"end":{"line":426,"column":null}},"128":{"start":{"line":427,"column":17},"end":{"line":428,"column":null}},"129":{"start":{"line":429,"column":4},"end":{"line":433,"column":null}},"130":{"start":{"line":434,"column":4},"end":{"line":434,"column":null}},"131":{"start":{"line":438,"column":29},"end":{"line":438,"column":null}},"132":{"start":{"line":440,"column":13},"end":{"line":459,"column":null}},"133":{"start":{"line":441,"column":28},"end":{"line":441,"column":60}},"134":{"start":{"line":443,"column":4},"end":{"line":443,"column":null}},"135":{"start":{"line":444,"column":15},"end":{"line":449,"column":null}},"136":{"start":{"line":449,"column":17},"end":{"line":449,"column":21}},"137":{"start":{"line":450,"column":4},"end":{"line":450,"column":null}},"138":{"start":{"line":450,"column":13},"end":{"line":450,"column":null}},"139":{"start":{"line":451,"column":4},"end":{"line":451,"column":null}},"140":{"start":{"line":451,"column":22},"end":{"line":451,"column":null}},"141":{"start":{"line":452,"column":4},"end":{"line":452,"column":null}},"142":{"start":{"line":452,"column":54},"end":{"line":452,"column":null}},"143":{"start":{"line":453,"column":4},"end":{"line":453,"column":null}},"144":{"start":{"line":453,"column":61},"end":{"line":453,"column":null}},"145":{"start":{"line":454,"column":4},"end":{"line":454,"column":null}},"146":{"start":{"line":454,"column":37},"end":{"line":454,"column":null}},"147":{"start":{"line":455,"column":21},"end":{"line":457,"column":null}},"148":{"start":{"line":458,"column":4},"end":{"line":458,"column":null}},"149":{"start":{"line":463,"column":2},"end":{"line":463,"column":null}},"150":{"start":{"line":464,"column":2},"end":{"line":464,"column":null}}},"fnMap":{"0":{"name":"getTierForPoints","decl":{"start":{"line":31,"column":22},"end":{"line":31,"column":39}},"loc":{"start":{"line":31,"column":55},"end":{"line":38,"column":null}},"line":31},"1":{"name":"earnPoints","decl":{"start":{"line":40,"column":22},"end":{"line":40,"column":null}},"loc":{"start":{"line":46,"column":2},"end":{"line":60,"column":null}},"line":46},"2":{"name":"generateReferralCode","decl":{"start":{"line":63,"column":16},"end":{"line":63,"column":37}},"loc":{"start":{"line":63,"column":75},"end":{"line":69,"column":null}},"line":63},"3":{"name":"onCheckIn","decl":{"start":{"line":73,"column":22},"end":{"line":73,"column":32}},"loc":{"start":{"line":73,"column":69},"end":{"line":101,"column":null}},"line":73},"4":{"name":"(anonymous_4)","decl":{"start":{"line":83,"column":5},"end":{"line":83,"column":10}},"loc":{"start":{"line":83,"column":15},"end":{"line":83,"column":19}},"line":83},"5":{"name":"(anonymous_5)","decl":{"start":{"line":90,"column":7},"end":{"line":90,"column":12}},"loc":{"start":{"line":90,"column":17},"end":{"line":90,"column":39}},"line":90},"6":{"name":"onPurchase","decl":{"start":{"line":103,"column":22},"end":{"line":103,"column":33}},"loc":{"start":{"line":103,"column":82},"end":{"line":111,"column":null}},"line":103},"7":{"name":"checkChallenges","decl":{"start":{"line":115,"column":15},"end":{"line":115,"column":31}},"loc":{"start":{"line":115,"column":68},"end":{"line":206,"column":null}},"line":115},"8":{"name":"(anonymous_8)","decl":{"start":{"line":154,"column":11},"end":{"line":154,"column":16}},"loc":{"start":{"line":154,"column":21},"end":{"line":154,"column":43}},"line":154},"9":{"name":"checkBadges","decl":{"start":{"line":208,"column":15},"end":{"line":208,"column":27}},"loc":{"start":{"line":208,"column":64},"end":{"line":257,"column":null}},"line":208},"10":{"name":"(anonymous_10)","decl":{"start":{"line":232,"column":11},"end":{"line":232,"column":16}},"loc":{"start":{"line":232,"column":21},"end":{"line":232,"column":43}},"line":232},"11":{"name":"(anonymous_11)","decl":{"start":{"line":239,"column":11},"end":{"line":239,"column":16}},"loc":{"start":{"line":239,"column":21},"end":{"line":239,"column":43}},"line":239},"12":{"name":"(anonymous_12)","decl":{"start":{"line":246,"column":11},"end":{"line":246,"column":16}},"loc":{"start":{"line":246,"column":21},"end":{"line":246,"column":43}},"line":246},"13":{"name":"(anonymous_13)","decl":{"start":{"line":265,"column":3},"end":{"line":265,"column":19}},"loc":{"start":{"line":265,"column":28},"end":{"line":265,"column":53}},"line":265},"14":{"name":"(anonymous_14)","decl":{"start":{"line":266,"column":11},"end":{"line":266,"column":18}},"loc":{"start":{"line":266,"column":31},"end":{"line":330,"column":3}},"line":266},"15":{"name":"(anonymous_15)","decl":{"start":{"line":307,"column":53},"end":{"line":307,"column":57}},"loc":{"start":{"line":307,"column":62},"end":{"line":307,"column":71}},"line":307},"16":{"name":"(anonymous_16)","decl":{"start":{"line":317,"column":7},"end":{"line":317,"column":12}},"loc":{"start":{"line":317,"column":17},"end":{"line":317,"column":21}},"line":317},"17":{"name":"(anonymous_17)","decl":{"start":{"line":323,"column":35},"end":{"line":323,"column":39}},"loc":{"start":{"line":323,"column":46},"end":{"line":326,"column":8}},"line":323},"18":{"name":"(anonymous_18)","decl":{"start":{"line":325,"column":40},"end":{"line":325,"column":45}},"loc":{"start":{"line":325,"column":50},"end":{"line":325,"column":73}},"line":325},"19":{"name":"(anonymous_19)","decl":{"start":{"line":340,"column":3},"end":{"line":340,"column":19}},"loc":{"start":{"line":340,"column":28},"end":{"line":340,"column":52}},"line":340},"20":{"name":"(anonymous_20)","decl":{"start":{"line":341,"column":11},"end":{"line":341,"column":18}},"loc":{"start":{"line":341,"column":31},"end":{"line":362,"column":3}},"line":341},"21":{"name":"(anonymous_21)","decl":{"start":{"line":367,"column":3},"end":{"line":367,"column":19}},"loc":{"start":{"line":367,"column":28},"end":{"line":367,"column":81}},"line":367},"22":{"name":"(anonymous_22)","decl":{"start":{"line":368,"column":11},"end":{"line":368,"column":18}},"loc":{"start":{"line":368,"column":31},"end":{"line":381,"column":3}},"line":368},"23":{"name":"(anonymous_23)","decl":{"start":{"line":375,"column":7},"end":{"line":375,"column":12}},"loc":{"start":{"line":375,"column":17},"end":{"line":375,"column":21}},"line":375},"24":{"name":"(anonymous_24)","decl":{"start":{"line":386,"column":11},"end":{"line":386,"column":23}},"loc":{"start":{"line":386,"column":23},"end":{"line":389,"column":3}},"line":386},"25":{"name":"(anonymous_25)","decl":{"start":{"line":402,"column":3},"end":{"line":402,"column":19}},"loc":{"start":{"line":402,"column":28},"end":{"line":402,"column":58}},"line":402},"26":{"name":"(anonymous_26)","decl":{"start":{"line":403,"column":11},"end":{"line":403,"column":18}},"loc":{"start":{"line":403,"column":31},"end":{"line":419,"column":3}},"line":403},"27":{"name":"(anonymous_27)","decl":{"start":{"line":424,"column":3},"end":{"line":424,"column":19}},"loc":{"start":{"line":424,"column":28},"end":{"line":424,"column":58}},"line":424},"28":{"name":"(anonymous_28)","decl":{"start":{"line":425,"column":11},"end":{"line":425,"column":18}},"loc":{"start":{"line":425,"column":31},"end":{"line":435,"column":3}},"line":425},"29":{"name":"(anonymous_29)","decl":{"start":{"line":441,"column":3},"end":{"line":441,"column":19}},"loc":{"start":{"line":441,"column":28},"end":{"line":441,"column":60}},"line":441},"30":{"name":"(anonymous_30)","decl":{"start":{"line":442,"column":11},"end":{"line":442,"column":18}},"loc":{"start":{"line":442,"column":31},"end":{"line":459,"column":3}},"line":442},"31":{"name":"(anonymous_31)","decl":{"start":{"line":449,"column":7},"end":{"line":449,"column":12}},"loc":{"start":{"line":449,"column":17},"end":{"line":449,"column":21}},"line":449},"32":{"name":"applyCouponUsage","decl":{"start":{"line":462,"column":22},"end":{"line":462,"column":39}},"loc":{"start":{"line":462,"column":123},"end":{"line":465,"column":null}},"line":462}},"branchMap":{"0":{"loc":{"start":{"line":35,"column":4},"end":{"line":35,"column":null}},"type":"if","locations":[{"start":{"line":35,"column":4},"end":{"line":35,"column":null}},{"start":{},"end":{}}],"line":35},"1":{"loc":{"start":{"line":37,"column":9},"end":{"line":37,"column":null}},"type":"binary-expr","locations":[{"start":{"line":37,"column":9},"end":{"line":37,"column":17}},{"start":{"line":37,"column":17},"end":{"line":37,"column":null}}],"line":37},"2":{"loc":{"start":{"line":53,"column":19},"end":{"line":53,"column":44}},"type":"binary-expr","locations":[{"start":{"line":53,"column":19},"end":{"line":53,"column":39}},{"start":{"line":53,"column":39},"end":{"line":53,"column":44}}],"line":53},"3":{"loc":{"start":{"line":56,"column":17},"end":{"line":56,"column":null}},"type":"binary-expr","locations":[{"start":{"line":56,"column":17},"end":{"line":56,"column":32}},{"start":{"line":56,"column":32},"end":{"line":56,"column":null}}],"line":56},"4":{"loc":{"start":{"line":57,"column":17},"end":{"line":57,"column":null}},"type":"binary-expr","locations":[{"start":{"line":57,"column":17},"end":{"line":57,"column":32}},{"start":{"line":57,"column":32},"end":{"line":57,"column":null}}],"line":57},"5":{"loc":{"start":{"line":85,"column":2},"end":{"line":96,"column":null}},"type":"if","locations":[{"start":{"line":85,"column":2},"end":{"line":96,"column":null}},{"start":{},"end":{}}],"line":85},"6":{"loc":{"start":{"line":90,"column":24},"end":{"line":90,"column":38}},"type":"binary-expr","locations":[{"start":{"line":90,"column":24},"end":{"line":90,"column":37}},{"start":{"line":90,"column":37},"end":{"line":90,"column":38}}],"line":90},"7":{"loc":{"start":{"line":93,"column":4},"end":{"line":95,"column":null}},"type":"if","locations":[{"start":{"line":93,"column":4},"end":{"line":95,"column":null}},{"start":{},"end":{}}],"line":93},"8":{"loc":{"start":{"line":105,"column":2},"end":{"line":107,"column":null}},"type":"if","locations":[{"start":{"line":105,"column":2},"end":{"line":107,"column":null}},{"start":{},"end":{}}],"line":105},"9":{"loc":{"start":{"line":139,"column":4},"end":{"line":139,"column":null}},"type":"if","locations":[{"start":{"line":139,"column":4},"end":{"line":139,"column":null}},{"start":{},"end":{}}],"line":139},"10":{"loc":{"start":{"line":142,"column":4},"end":{"line":159,"column":null}},"type":"switch","locations":[{"start":{"line":143,"column":6},"end":{"line":155,"column":null}},{"start":{"line":157,"column":6},"end":{"line":158,"column":null}}],"line":142},"11":{"loc":{"start":{"line":150,"column":14},"end":{"line":150,"column":null}},"type":"cond-expr","locations":[{"start":{"line":150,"column":17},"end":{"line":150,"column":71}},{"start":{"line":150,"column":71},"end":{"line":150,"column":null}}],"line":150},"12":{"loc":{"start":{"line":151,"column":14},"end":{"line":151,"column":null}},"type":"cond-expr","locations":[{"start":{"line":151,"column":17},"end":{"line":151,"column":67}},{"start":{"line":151,"column":67},"end":{"line":151,"column":null}}],"line":151},"13":{"loc":{"start":{"line":154,"column":28},"end":{"line":154,"column":42}},"type":"binary-expr","locations":[{"start":{"line":154,"column":28},"end":{"line":154,"column":41}},{"start":{"line":154,"column":41},"end":{"line":154,"column":42}}],"line":154},"14":{"loc":{"start":{"line":163,"column":4},"end":{"line":182,"column":null}},"type":"if","locations":[{"start":{"line":163,"column":4},"end":{"line":182,"column":null}},{"start":{"line":174,"column":11},"end":{"line":182,"column":null}}],"line":163},"15":{"loc":{"start":{"line":169,"column":23},"end":{"line":169,"column":null}},"type":"cond-expr","locations":[{"start":{"line":169,"column":74},"end":{"line":169,"column":87}},{"start":{"line":169,"column":87},"end":{"line":169,"column":null}}],"line":169},"16":{"loc":{"start":{"line":169,"column":23},"end":{"line":169,"column":74}},"type":"binary-expr","locations":[{"start":{"line":169,"column":23},"end":{"line":169,"column":52}},{"start":{"line":169,"column":52},"end":{"line":169,"column":74}}],"line":169},"17":{"loc":{"start":{"line":180,"column":21},"end":{"line":180,"column":null}},"type":"cond-expr","locations":[{"start":{"line":180,"column":49},"end":{"line":180,"column":62}},{"start":{"line":180,"column":62},"end":{"line":180,"column":null}}],"line":180},"18":{"loc":{"start":{"line":185,"column":4},"end":{"line":204,"column":null}},"type":"if","locations":[{"start":{"line":185,"column":4},"end":{"line":204,"column":null}},{"start":{},"end":{}}],"line":185},"19":{"loc":{"start":{"line":185,"column":8},"end":{"line":185,"column":58}},"type":"binary-expr","locations":[{"start":{"line":185,"column":8},"end":{"line":185,"column":37}},{"start":{"line":185,"column":37},"end":{"line":185,"column":58}}],"line":185},"20":{"loc":{"start":{"line":197,"column":6},"end":{"line":203,"column":null}},"type":"if","locations":[{"start":{"line":197,"column":6},"end":{"line":203,"column":null}},{"start":{},"end":{}}],"line":197},"21":{"loc":{"start":{"line":197,"column":10},"end":{"line":197,"column":28}},"type":"binary-expr","locations":[{"start":{"line":197,"column":10},"end":{"line":197,"column":15}},{"start":{"line":197,"column":15},"end":{"line":197,"column":28}}],"line":197},"22":{"loc":{"start":{"line":213,"column":4},"end":{"line":213,"column":null}},"type":"if","locations":[{"start":{"line":213,"column":4},"end":{"line":213,"column":null}},{"start":{},"end":{}}],"line":213},"23":{"loc":{"start":{"line":223,"column":4},"end":{"line":223,"column":null}},"type":"if","locations":[{"start":{"line":223,"column":4},"end":{"line":223,"column":null}},{"start":{},"end":{}}],"line":223},"24":{"loc":{"start":{"line":226,"column":4},"end":{"line":248,"column":null}},"type":"switch","locations":[{"start":{"line":227,"column":6},"end":{"line":233,"column":null}},{"start":{"line":234,"column":6},"end":{"line":240,"column":null}},{"start":{"line":241,"column":6},"end":{"line":247,"column":null}}],"line":226},"25":{"loc":{"start":{"line":232,"column":28},"end":{"line":232,"column":42}},"type":"binary-expr","locations":[{"start":{"line":232,"column":28},"end":{"line":232,"column":41}},{"start":{"line":232,"column":41},"end":{"line":232,"column":42}}],"line":232},"26":{"loc":{"start":{"line":239,"column":28},"end":{"line":239,"column":42}},"type":"binary-expr","locations":[{"start":{"line":239,"column":28},"end":{"line":239,"column":41}},{"start":{"line":239,"column":41},"end":{"line":239,"column":42}}],"line":239},"27":{"loc":{"start":{"line":246,"column":28},"end":{"line":246,"column":42}},"type":"binary-expr","locations":[{"start":{"line":246,"column":28},"end":{"line":246,"column":41}},{"start":{"line":246,"column":41},"end":{"line":246,"column":42}}],"line":246},"28":{"loc":{"start":{"line":250,"column":4},"end":{"line":255,"column":null}},"type":"if","locations":[{"start":{"line":250,"column":4},"end":{"line":255,"column":null}},{"start":{},"end":{}}],"line":250},"29":{"loc":{"start":{"line":252,"column":6},"end":{"line":254,"column":null}},"type":"if","locations":[{"start":{"line":252,"column":6},"end":{"line":254,"column":null}},{"start":{},"end":{}}],"line":252},"30":{"loc":{"start":{"line":274,"column":26},"end":{"line":274,"column":null}},"type":"binary-expr","locations":[{"start":{"line":274,"column":26},"end":{"line":274,"column":48}},{"start":{"line":274,"column":48},"end":{"line":274,"column":null}}],"line":274},"31":{"loc":{"start":{"line":303,"column":25},"end":{"line":309,"column":null}},"type":"cond-expr","locations":[{"start":{"line":304,"column":8},"end":{"line":308,"column":null}},{"start":{"line":309,"column":8},"end":{"line":309,"column":null}}],"line":303},"32":{"loc":{"start":{"line":325,"column":18},"end":{"line":325,"column":null}},"type":"binary-expr","locations":[{"start":{"line":325,"column":18},"end":{"line":325,"column":78}},{"start":{"line":325,"column":78},"end":{"line":325,"column":null}}],"line":325},"33":{"loc":{"start":{"line":328,"column":20},"end":{"line":328,"column":null}},"type":"binary-expr","locations":[{"start":{"line":328,"column":20},"end":{"line":328,"column":44}},{"start":{"line":328,"column":44},"end":{"line":328,"column":null}}],"line":328},"34":{"loc":{"start":{"line":349,"column":26},"end":{"line":349,"column":null}},"type":"binary-expr","locations":[{"start":{"line":349,"column":26},"end":{"line":349,"column":48}},{"start":{"line":349,"column":48},"end":{"line":349,"column":null}}],"line":349},"35":{"loc":{"start":{"line":350,"column":4},"end":{"line":350,"column":null}},"type":"if","locations":[{"start":{"line":350,"column":4},"end":{"line":350,"column":null}},{"start":{},"end":{}}],"line":350},"36":{"loc":{"start":{"line":376,"column":4},"end":{"line":376,"column":null}},"type":"if","locations":[{"start":{"line":376,"column":4},"end":{"line":376,"column":null}},{"start":{},"end":{}}],"line":376},"37":{"loc":{"start":{"line":377,"column":4},"end":{"line":377,"column":null}},"type":"if","locations":[{"start":{"line":377,"column":4},"end":{"line":377,"column":null}},{"start":{},"end":{}}],"line":377},"38":{"loc":{"start":{"line":407,"column":19},"end":{"line":407,"column":null}},"type":"binary-expr","locations":[{"start":{"line":407,"column":19},"end":{"line":407,"column":39}},{"start":{"line":407,"column":39},"end":{"line":407,"column":null}}],"line":407},"39":{"loc":{"start":{"line":409,"column":21},"end":{"line":409,"column":null}},"type":"binary-expr","locations":[{"start":{"line":409,"column":21},"end":{"line":409,"column":43}},{"start":{"line":409,"column":43},"end":{"line":409,"column":null}}],"line":409},"40":{"loc":{"start":{"line":412,"column":17},"end":{"line":412,"column":null}},"type":"cond-expr","locations":[{"start":{"line":412,"column":34},"end":{"line":412,"column":61}},{"start":{"line":412,"column":61},"end":{"line":412,"column":null}}],"line":412},"41":{"loc":{"start":{"line":432,"column":22},"end":{"line":432,"column":61}},"type":"cond-expr","locations":[{"start":{"line":432,"column":38},"end":{"line":432,"column":49}},{"start":{"line":432,"column":49},"end":{"line":432,"column":61}}],"line":432},"42":{"loc":{"start":{"line":450,"column":4},"end":{"line":450,"column":null}},"type":"if","locations":[{"start":{"line":450,"column":4},"end":{"line":450,"column":null}},{"start":{},"end":{}}],"line":450},"43":{"loc":{"start":{"line":451,"column":4},"end":{"line":451,"column":null}},"type":"if","locations":[{"start":{"line":451,"column":4},"end":{"line":451,"column":null}},{"start":{},"end":{}}],"line":451},"44":{"loc":{"start":{"line":452,"column":4},"end":{"line":452,"column":null}},"type":"if","locations":[{"start":{"line":452,"column":4},"end":{"line":452,"column":null}},{"start":{},"end":{}}],"line":452},"45":{"loc":{"start":{"line":452,"column":8},"end":{"line":452,"column":54}},"type":"binary-expr","locations":[{"start":{"line":452,"column":8},"end":{"line":452,"column":26}},{"start":{"line":452,"column":26},"end":{"line":452,"column":54}}],"line":452},"46":{"loc":{"start":{"line":453,"column":4},"end":{"line":453,"column":null}},"type":"if","locations":[{"start":{"line":453,"column":4},"end":{"line":453,"column":null}},{"start":{},"end":{}}],"line":453},"47":{"loc":{"start":{"line":453,"column":8},"end":{"line":453,"column":61}},"type":"binary-expr","locations":[{"start":{"line":453,"column":8},"end":{"line":453,"column":24}},{"start":{"line":453,"column":24},"end":{"line":453,"column":61}}],"line":453},"48":{"loc":{"start":{"line":454,"column":4},"end":{"line":454,"column":null}},"type":"if","locations":[{"start":{"line":454,"column":4},"end":{"line":454,"column":null}},{"start":{},"end":{}}],"line":454},"49":{"loc":{"start":{"line":455,"column":21},"end":{"line":457,"column":null}},"type":"cond-expr","locations":[{"start":{"line":456,"column":8},"end":{"line":456,"column":null}},{"start":{"line":457,"column":8},"end":{"line":457,"column":null}}],"line":455},"50":{"loc":{"start":{"line":457,"column":8},"end":{"line":457,"column":null}},"type":"binary-expr","locations":[{"start":{"line":457,"column":8},"end":{"line":457,"column":28}},{"start":{"line":457,"column":28},"end":{"line":457,"column":null}}],"line":457}},"s":{"0":1,"1":0,"2":0,"3":0,"4":0,"5":0,"6":0,"7":0,"8":0,"9":0,"10":0,"11":0,"12":0,"13":0,"14":0,"15":0,"16":0,"17":0,"18":0,"19":0,"20":0,"21":0,"22":0,"23":0,"24":0,"25":0,"26":0,"27":0,"28":0,"29":0,"30":0,"31":0,"32":0,"33":0,"34":0,"35":0,"36":0,"37":0,"38":0,"39":0,"40":0,"41":0,"42":0,"43":0,"44":0,"45":0,"46":0,"47":0,"48":0,"49":0,"50":0,"51":0,"52":0,"53":0,"54":0,"55":0,"56":0,"57":0,"58":0,"59":0,"60":0,"61":0,"62":0,"63":0,"64":0,"65":0,"66":0,"67":0,"68":0,"69":0,"70":0,"71":0,"72":1,"73":1,"74":0,"75":0,"76":0,"77":0,"78":0,"79":0,"80":0,"81":0,"82":0,"83":0,"84":0,"85":0,"86":0,"87":0,"88":0,"89":0,"90":1,"91":1,"92":0,"93":0,"94":0,"95":0,"96":0,"97":0,"98":0,"99":0,"100":0,"101":0,"102":1,"103":0,"104":0,"105":0,"106":0,"107":0,"108":0,"109":0,"110":0,"111":0,"112":0,"113":0,"114":1,"115":0,"116":0,"117":1,"118":1,"119":0,"120":0,"121":0,"122":0,"123":0,"124":1,"125":1,"126":0,"127":0,"128":0,"129":0,"130":0,"131":1,"132":1,"133":0,"134":0,"135":0,"136":0,"137":0,"138":0,"139":0,"140":0,"141":0,"142":0,"143":0,"144":0,"145":0,"146":0,"147":0,"148":0,"149":0,"150":0},"f":{"0":0,"1":0,"2":0,"3":0,"4":0,"5":0,"6":0,"7":0,"8":0,"9":0,"10":0,"11":0,"12":0,"13":0,"14":0,"15":0,"16":0,"17":0,"18":0,"19":0,"20":0,"21":0,"22":0,"23":0,"24":0,"25":0,"26":0,"27":0,"28":0,"29":0,"30":0,"31":0,"32":0},"b":{"0":[0,0],"1":[0,0],"2":[0,0],"3":[0,0],"4":[0,0],"5":[0,0],"6":[0,0],"7":[0,0],"8":[0,0],"9":[0,0],"10":[0,0],"11":[0,0],"12":[0,0],"13":[0,0],"14":[0,0],"15":[0,0],"16":[0,0],"17":[0,0],"18":[0,0],"19":[0,0],"20":[0,0],"21":[0,0],"22":[0,0],"23":[0,0],"24":[0,0,0],"25":[0,0],"26":[0,0],"27":[0,0],"28":[0,0],"29":[0,0],"30":[0,0],"31":[0,0],"32":[0,0],"33":[0,0],"34":[0,0],"35":[0,0],"36":[0,0],"37":[0,0],"38":[0,0],"39":[0,0],"40":[0,0],"41":[0,0],"42":[0,0],"43":[0,0],"44":[0,0],"45":[0,0],"46":[0,0],"47":[0,0],"48":[0,0],"49":[0,0],"50":[0,0]},"meta":{"lastBranch":51,"lastFunction":33,"lastStatement":151,"seen":{"s:22:22:27:Infinity":0,"f:31:22:31:39":0,"s:32:16:32:Infinity":1,"s:33:13:33:Infinity":2,"s:34:2:36:Infinity":3,"b:35:4:35:Infinity:undefined:undefined:undefined:undefined":0,"s:35:4:35:Infinity":4,"s:35:31:35:Infinity":5,"s:37:2:37:Infinity":6,"b:37:9:37:17:37:17:37:Infinity":1,"f:40:22:40:Infinity":1,"s:47:15:52:Infinity":7,"s:53:8:53:Infinity":8,"b:53:19:53:39:53:39:53:44":2,"s:54:2:58:Infinity":9,"b:56:17:56:32:56:32:56:Infinity":3,"b:57:17:57:32:57:32:57:Infinity":4,"s:59:2:59:Infinity":10,"f:63:16:63:37":2,"s:64:19:67:Infinity":11,"s:68:2:68:Infinity":12,"f:73:22:73:32":3,"s:75:2:75:Infinity":13,"s:78:17:83:Infinity":14,"f:83:5:83:10":4,"s:83:15:83:19":15,"b:85:2:96:Infinity:undefined:undefined:undefined:undefined":5,"s:85:2:96:Infinity":16,"s:86:25:90:Infinity":17,"f:90:7:90:12":5,"s:90:17:90:39":18,"b:90:24:90:37:90:37:90:38":6,"b:93:4:95:Infinity:undefined:undefined:undefined:undefined":7,"s:93:4:95:Infinity":19,"s:94:6:94:Infinity":20,"s:99:2:99:Infinity":21,"s:100:2:100:Infinity":22,"f:103:22:103:33":6,"s:104:14:104:Infinity":23,"b:105:2:107:Infinity:undefined:undefined:undefined:undefined":8,"s:105:2:107:Infinity":24,"s:106:4:106:Infinity":25,"s:108:2:108:Infinity":26,"s:109:2:109:Infinity":27,"s:110:2:110:Infinity":28,"f:115:15:115:31":7,"s:116:27:125:Infinity":29,"s:127:2:205:Infinity":30,"s:129:23:137:Infinity":31,"b:139:4:139:Infinity:undefined:undefined:undefined:undefined":9,"s:139:4:139:Infinity":32,"s:139:29:139:Infinity":33,"s:141:23:141:Infinity":34,"b:143:6:155:Infinity:157:6:158:Infinity":10,"s:142:4:159:Infinity":35,"s:144:8:154:Infinity":36,"b:150:17:150:71:150:71:150:Infinity":11,"b:151:17:151:67:151:67:151:Infinity":12,"f:154:11:154:16":8,"s:154:21:154:43":37,"b:154:28:154:41:154:41:154:42":13,"s:155:8:155:Infinity":38,"s:158:8:158:Infinity":39,"s:161:24:161:Infinity":40,"b:163:4:182:Infinity:174:11:182:Infinity":14,"s:163:4:182:Infinity":41,"s:164:6
[...]
,"D:\\DEV\\nuwe-gym\\src\\shared\\db\\schema\\tv-media.ts": {"path":"D:\\DEV\\nuwe-gym\\src\\shared\\db\\schema\\tv-media.ts","statementMap":{"0":{"start":{"line":3,"column":13},"end":{"line":10,"column":null}},"1":{"start":{"line":12,"column":13},"end":{"line":18,"column":null}}},"fnMap":{},"branchMap":{},"s":{"0":23,"1":23},"f":{},"b":{},"meta":{"lastBranch":0,"lastFunction":0,"lastStatement":2,"seen":{"s:3:13:10:Infinity":0,"s:12:13:18:Infinity":1},"fnNames":{}}}
,"D:\\DEV\\nuwe-gym\\src\\shared\\db\\schema\\user-devices.ts": {"path":"D:\\DEV\\nuwe-gym\\src\\shared\\db\\schema\\user-devices.ts","statementMap":{"0":{"start":{"line":4,"column":13},"end":{"line":24,"column":null}},"1":{"start":{"line":10,"column":24},"end":{"line":10,"column":34}},"2":{"start":{"line":21,"column":13},"end":{"line":23,"column":null}}},"fnMap":{"0":{"name":"(anonymous_0)","decl":{"start":{"line":10,"column":7},"end":{"line":10,"column":24}},"loc":{"start":{"line":10,"column":24},"end":{"line":10,"column":34}},"line":10},"1":{"name":"(anonymous_1)","decl":{"start":{"line":20,"column":2},"end":{"line":20,"column":null}},"loc":{"start":{"line":21,"column":13},"end":{"line":23,"column":null}},"line":21}},"branchMap":{},"s":{"0":23,"1":0,"2":23},"f":{"0":0,"1":23},"b":{},"meta":{"lastBranch":0,"lastFunction":2,"lastStatement":3,"seen":{"s:4:13:24:Infinity":0,"f:10:7:10:24":0,"s:10:24:10:34":1,"f:20:2:20:Infinity":1,"s:21:13:23:Infinity":2},"fnNames":{}}}
,"D:\\DEV\\nuwe-gym\\src\\shared\\db\\schema\\weight-history.ts": {"path":"D:\\DEV\\nuwe-gym\\src\\shared\\db\\schema\\weight-history.ts","statementMap":{"0":{"start":{"line":16,"column":13},"end":{"line":44,"column":null}},"1":{"start":{"line":22,"column":24},"end":{"line":22,"column":36}},"2":{"start":{"line":36,"column":67},"end":{"line":36,"column":75}},"3":{"start":{"line":40,"column":13},"end":{"line":43,"column":null}}},"fnMap":{"0":{"name":"(anonymous_0)","decl":{"start":{"line":22,"column":7},"end":{"line":22,"column":24}},"loc":{"start":{"line":22,"column":24},"end":{"line":22,"column":36}},"line":22},"1":{"name":"(anonymous_1)","decl":{"start":{"line":36,"column":50},"end":{"line":36,"column":67}},"loc":{"start":{"line":36,"column":67},"end":{"line":36,"column":75}},"line":36},"2":{"name":"(anonymous_2)","decl":{"start":{"line":39,"column":2},"end":{"line":39,"column":null}},"loc":{"start":{"line":40,"column":13},"end":{"line":43,"column":null}},"line":40}},"branchMap":{},"s":{"0":23,"1":0,"2":0,"3":23},"f":{"0":0,"1":0,"2":23},"b":{},"meta":{"lastBranch":0,"lastFunction":3,"lastStatement":4,"seen":{"s:16:13:44:Infinity":0,"f:22:7:22:24":0,"s:22:24:22:36":1,"f:36:50:36:67":1,"s:36:67:36:75":2,"f:39:2:39:Infinity":2,"s:40:13:43:Infinity":3},"fnNames":{}}}
,"D:\\DEV\\nuwe-gym\\src\\shared\\lib\\audit-context.ts": {"path":"D:\\DEV\\nuwe-gym\\src\\shared\\lib\\audit-context.ts","statementMap":{"0":{"start":{"line":4,"column":2},"end":{"line":6,"column":null}},"1":{"start":{"line":5,"column":4},"end":{"line":5,"column":null}},"2":{"start":{"line":7,"column":2},"end":{"line":11,"column":null}}},"fnMap":{"0":{"name":"getAuditContext","decl":{"start":{"line":1,"column":16},"end":{"line":1,"column":null}},"loc":{"start":{"line":3,"column":2},"end":{"line":12,"column":null}},"line":3}},"branchMap":{"0":{"loc":{"start":{"line":4,"column":2},"end":{"line":6,"column":null}},"type":"if","locations":[{"start":{"line":4,"column":2},"end":{"line":6,"column":null}},{"start":{},"end":{}}],"line":4},"1":{"loc":{"start":{"line":8,"column":12},"end":{"line":8,"column":null}},"type":"binary-expr","locations":[{"start":{"line":8,"column":12},"end":{"line":8,"column":31}},{"start":{"line":8,"column":31},"end":{"line":8,"column":null}}],"line":8},"2":{"loc":{"start":{"line":9,"column":14},"end":{"line":9,"column":null}},"type":"binary-expr","locations":[{"start":{"line":9,"column":14},"end":{"line":9,"column":35}},{"start":{"line":9,"column":35},"end":{"line":9,"column":null}}],"line":9},"3":{"loc":{"start":{"line":10,"column":14},"end":{"line":10,"column":null}},"type":"binary-expr","locations":[{"start":{"line":10,"column":14},"end":{"line":10,"column":35}},{"start":{"line":10,"column":35},"end":{"line":10,"column":null}}],"line":10}},"s":{"0":5,"1":2,"2":3},"f":{"0":5},"b":{"0":[2,3],"1":[3,1],"2":[5,1],"3":[5,2]},"meta":{"lastBranch":4,"lastFunction":1,"lastStatement":3,"seen":{"f:1:16:1:Infinity":0,"b:4:2:6:Infinity:undefined:undefined:undefined:undefined":0,"s:4:2:6:Infinity":0,"s:5:4:5:Infinity":1,"s:7:2:11:Infinity":2,"b:8:12:8:31:8:31:8:Infinity":1,"b:9:14:9:35:9:35:9:Infinity":2,"b:10:14:10:35:10:35:10:Infinity":3},"fnNames":{}}}
,"D:\\DEV\\nuwe-gym\\src\\shared\\lib\\audit.ts": {"path":"D:\\DEV\\nuwe-gym\\src\\shared\\lib\\audit.ts","statementMap":{"0":{"start":{"line":15,"column":2},"end":{"line":33,"column":null}},"1":{"start":{"line":16,"column":4},"end":{"line":27,"column":null}},"2":{"start":{"line":29,"column":4},"end":{"line":32,"column":null}}},"fnMap":{"0":{"name":"createAuditLog","decl":{"start":{"line":4,"column":22},"end":{"line":4,"column":37}},"loc":{"start":{"line":14,"column":3},"end":{"line":34,"column":null}},"line":14}},"branchMap":{"0":{"loc":{"start":{"line":17,"column":14},"end":{"line":17,"column":null}},"type":"binary-expr","locations":[{"start":{"line":17,"column":14},"end":{"line":17,"column":31}},{"start":{"line":17,"column":31},"end":{"line":17,"column":null}}],"line":17},"1":{"loc":{"start":{"line":18,"column":16},"end":{"line":18,"column":null}},"type":"binary-expr","locations":[{"start":{"line":18,"column":16},"end":{"line":18,"column":35}},{"start":{"line":18,"column":35},"end":{"line":18,"column":null}}],"line":18},"2":{"loc":{"start":{"line":19,"column":16},"end":{"line":19,"column":null}},"type":"binary-expr","locations":[{"start":{"line":19,"column":16},"end":{"line":19,"column":35}},{"start":{"line":19,"column":35},"end":{"line":19,"column":null}}],"line":19},"3":{"loc":{"start":{"line":23,"column":16},"end":{"line":23,"column":null}},"type":"binary-expr","locations":[{"start":{"line":23,"column":16},"end":{"line":23,"column":35}},{"start":{"line":23,"column":35},"end":{"line":23,"column":null}}],"line":23},"4":{"loc":{"start":{"line":25,"column":15},"end":{"line":25,"column":null}},"type":"binary-expr","locations":[{"start":{"line":25,"column":15},"end":{"line":25,"column":33}},{"start":{"line":25,"column":33},"end":{"line":25,"column":null}}],"line":25},"5":{"loc":{"start":{"line":26,"column":17},"end":{"line":26,"column":null}},"type":"binary-expr","locations":[{"start":{"line":26,"column":17},"end":{"line":26,"column":37}},{"start":{"line":26,"column":37},"end":{"line":26,"column":null}}],"line":26},"6":{"loc":{"start":{"line":31,"column":6},"end":{"line":31,"column":null}},"type":"cond-expr","locations":[{"start":{"line":31,"column":29},"end":{"line":31,"column":43}},{"start":{"line":31,"column":43},"end":{"line":31,"column":null}}],"line":31}},"s":{"0":0,"1":0,"2":0},"f":{"0":0},"b":{"0":[0,0],"1":[0,0],"2":[0,0],"3":[0,0],"4":[0,0],"5":[0,0],"6":[0,0]},"meta":{"lastBranch":7,"lastFunction":1,"lastStatement":3,"seen":{"f:4:22:4:37":0,"s:15:2:33:Infinity":0,"s:16:4:27:Infinity":1,"b:17:14:17:31:17:31:17:Infinity":0,"b:18:16:18:35:18:35:18:Infinity":1,"b:19:16:19:35:19:35:19:Infinity":2,"b:23:16:23:35:23:35:23:Infinity":3,"b:25:15:25:33:25:33:25:Infinity":4,"b:26:17:26:37:26:37:26:Infinity":5,"s:29:4:32:Infinity":2,"b:31:29:31:43:31:43:31:Infinity":6},"fnNames":{}}}
,"D:\\DEV\\nuwe-gym\\src\\shared\\lib\\auth.ts": {"path":"D:\\DEV\\nuwe-gym\\src\\shared\\lib\\auth.ts","statementMap":{"0":{"start":{"line":8,"column":6},"end":{"line":21,"column":null}},"1":{"start":{"line":23,"column":16},"end":{"line":36,"column":null}},"2":{"start":{"line":38,"column":13},"end":{"line":107,"column":null}},"3":{"start":{"line":77,"column":50},"end":{"line":80,"column":null}},"4":{"start":{"line":81,"column":29},"end":{"line":81,"column":null}},"5":{"start":{"line":82,"column":10},"end":{"line":82,"column":null}},"6":{"start":{"line":96,"column":10},"end":{"line":96,"column":null}}},"fnMap":{"0":{"name":"(anonymous_0)","decl":{"start":{"line":76,"column":16},"end":{"line":76,"column":23}},"loc":{"start":{"line":76,"column":32},"end":{"line":83,"column":null}},"line":76},"1":{"name":"sendOTP","decl":{"start":{"line":94,"column":14},"end":{"line":94,"column":22}},"loc":{"start":{"line":94,"column":38},"end":{"line":97,"column":null}},"line":94}},"branchMap":{"0":{"loc":{"start":{"line":81,"column":29},"end":{"line":81,"column":null}},"type":"binary-expr","locations":[{"start":{"line":81,"column":29},"end":{"line":81,"column":61}},{"start":{"line":81,"column":61},"end":{"line":81,"column":null}}],"line":81}},"s":{"0":2,"1":2,"2":2,"3":0,"4":0,"5":0,"6":0},"f":{"0":0,"1":0},"b":{"0":[0,0]},"meta":{"lastBranch":1,"lastFunction":2,"lastStatement":7,"seen":{"s:8:6:21:Infinity":0,"s:23:16:36:Infinity":1,"s:38:13:107:Infinity":2,"f:76:16:76:23":0,"s:77:50:80:Infinity":3,"s:81:29:81:Infinity":4,"b:81:29:81:61:81:61:81:Infinity":0,"s:82:10:82:Infinity":5,"f:94:14:94:22":1,"s:96:10:96:Infinity":6},"fnNames":{}}}
,"D:\\DEV\\nuwe-gym\\src\\shared\\lib\\permissions.ts": {"path":"D:\\DEV\\nuwe-gym\\src\\shared\\lib\\permissions.ts","statementMap":{"0":{"start":{"line":59,"column":57},"end":{"line":158,"column":null}},"1":{"start":{"line":161,"column":2},"end":{"line":161,"column":null}},"2":{"start":{"line":168,"column":2},"end":{"line":168,"column":null}},"3":{"start":{"line":168,"column":33},"end":{"line":168,"column":55}}},"fnMap":{"0":{"name":"hasPermission","decl":{"start":{"line":160,"column":16},"end":{"line":160,"column":30}},"loc":{"start":{"line":160,"column":79},"end":{"line":162,"column":null}},"line":160},"1":{"name":"hasAnyPermission","decl":{"start":{"line":164,"column":16},"end":{"line":164,"column":null}},"loc":{"start":{"line":167,"column":11},"end":{"line":169,"column":null}},"line":167},"2":{"name":"(anonymous_2)","decl":{"start":{"line":168,"column":21},"end":{"line":168,"column":27}},"loc":{"start":{"line":168,"column":33},"end":{"line":168,"column":55}},"line":168}},"branchMap":{},"s":{"0":3,"1":89,"2":4,"3":6},"f":{"0":89,"1":4,"2":6},"b":{},"meta":{"lastBranch":0,"lastFunction":3,"lastStatement":4,"seen":{"s:59:57:158:Infinity":0,"f:160:16:160:30":0,"s:161:2:161:Infinity":1,"f:164:16:164:Infinity":1,"s:168:2:168:Infinity":2,"f:168:21:168:27":2,"s:168:33:168:55":3},"fnNames":{}}}
,"D:\\DEV\\nuwe-gym\\src\\shared\\lib\\schemas.ts": {"path":"D:\\DEV\\nuwe-gym\\src\\shared\\lib\\schemas.ts","statementMap":{"0":{"start":{"line":5,"column":20},"end":{"line":5,"column":null}},"1":{"start":{"line":6,"column":15},"end":{"line":6,"column":null}},"2":{"start":{"line":7,"column":2},"end":{"line":10,"column":null}},"3":{"start":{"line":17,"column":25},"end":{"line":17,"column":null}},"4":{"start":{"line":20,"column":29},"end":{"line":20,"column":null}},"5":{"start":{"line":25,"column":30},"end":{"line":25,"column":null}},"6":{"start":{"line":28,"column":26},"end":{"line":33,"column":null}},"7":{"start":{"line":36,"column":34},"end":{"line":36,"column":null}},"8":{"start":{"line":39,"column":30},"end":{"line":39,"column":null}},"9":{"start":{"line":42,"column":26},"end":{"line":42,"column":null}},"10":{"start":{"line":47,"column":27},"end":{"line":47,"column":null}},"11":{"start":{"line":50,"column":30},"end":{"line":50,"column":null}},"12":{"start":{"line":53,"column":27},"end":{"line":53,"column":null}},"13":{"start":{"line":56,"column":31},"end":{"line":56,"column":null}},"14":{"start":{"line":59,"column":25},"end":{"line":59,"column":null}},"15":{"start":{"line":64,"column":33},"end":{"line":64,"column":null}},"16":{"start":{"line":69,"column":34},"end":{"line":69,"column":null}},"17":{"start":{"line":70,"column":32},"end":{"line":70,"column":null}}},"fnMap":{"0":{"name":"isValidDate","decl":{"start":{"line":4,"column":9},"end":{"line":4,"column":21}},"loc":{"start":{"line":4,"column":45},"end":{"line":12,"column":null}},"line":4}},"branchMap":{"0":{"loc":{"start":{"line":8,"column":4},"end":{"line":10,"column":null}},"type":"binary-expr","locations":[{"start":{"line":8,"column":4},"end":{"line":8,"column":null}},{"start":{"line":9,"column":4},"end":{"line":9,"column":null}},{"start":{"line":10,"column":4},"end":{"line":10,"column":null}}],"line":8}},"s":{"0":20,"1":20,"2":20,"3":3,"4":3,"5":3,"6":3,"7":3,"8":3,"9":3,"10":3,"11":3,"12":3,"13":3,"14":3,"15":3,"16":3,"17":3},"f":{"0":20},"b":{"0":[20,13,6]},"meta":{"lastBranch":1,"lastFunction":1,"lastStatement":18,"seen":{"f:4:9:4:21":0,"s:5:20:5:Infinity":0,"s:6:15:6:Infinity":1,"s:7:2:10:Infinity":2,"b:8:4:8:Infinity:9:4:9:Infinity:10:4:10:Infinity":0,"s:17:25:17:Infinity":3,"s:20:29:20:Infinity":4,"s:25:30:25:Infinity":5,"s:28:26:33:Infinity":6,"s:36:34:36:Infinity":7,"s:39:30:39:Infinity":8,"s:42:26:42:Infinity":9,"s:47:27:47:Infinity":10,"s:50:30:50:Infinity":11,"s:53:27:53:Infinity":12,"s:56:31:56:Infinity":13,"s:59:25:59:Infinity":14,"s:64:33:64:Infinity":15,"s:69:34:69:Infinity":16,"s:70:32:70:Infinity":17},"fnNames":{}}}
,"D:\\DEV\\nuwe-gym\\src\\shared\\lib\\server-utils.ts": {"path":"D:\\DEV\\nuwe-gym\\src\\shared\\lib\\server-utils.ts","statementMap":{"0":{"start":{"line":7,"column":13},"end":{"line":14,"column":null}},"1":{"start":{"line":9,"column":27},"end":{"line":9,"column":null}},"2":{"start":{"line":10,"column":20},"end":{"line":10,"column":null}},"3":{"start":{"line":11,"column":20},"end":{"line":11,"column":null}},"4":{"start":{"line":12,"column":4},"end":{"line":12,"column":null}},"5":{"start":{"line":16,"column":13},"end":{"line":33,"column":null}},"6":{"start":{"line":17,"column":51},"end":{"line":17,"column":55}},"7":{"start":{"line":19,"column":27},"end":{"line":19,"column":null}},"8":{"start":{"line":20,"column":20},"end":{"line":20,"column":null}},"9":{"start":{"line":21,"column":20},"end":{"line":21,"column":null}},"10":{"start":{"line":22,"column":4},"end":{"line":22,"column":null}},"11":{"start":{"line":22,"column":18},"end":{"line":22,"column":null}},"12":{"start":{"line":23,"column":46},"end":{"line":26,"column":null}},"13":{"start":{"line":27,"column":20},"end":{"line":27,"column":null}},"14":{"start":{"line":28,"column":37},"end":{"line":28,"column":null}},"15":{"start":{"line":29,"column":4},"end":{"line":31,"column":null}},"16":{"start":{"line":30,"column":6},"end":{"line":30,"column":null}},"17":{"start":{"line":32,"column":4},"end":{"line":32,"column":null}},"18":{"start":{"line":39,"column":13},"end":{"line":56,"column":null}},"19":{"start":{"line":40,"column":56},"end":{"line":40,"column":60}},"20":{"start":{"line":42,"column":27},"end":{"line":42,"column":null}},"21":{"start":{"line":43,"column":20},"end":{"line":43,"column":null}},"22":{"start":{"line":44,"column":20},"end":{"line":44,"column":null}},"23":{"start":{"line":45,"column":4},"end":{"line":45,"column":null}},"24":{"start":{"line":45,"column":18},"end":{"line":45,"column":null}},"25":{"start":{"line":46,"column":46},"end":{"line":49,"column":null}},"26":{"start":{"line":50,"column":20},"end":{"line":50,"column":null}},"27":{"start":{"line":51,"column":37},"end":{"line":51,"column":null}},"28":{"start":{"line":52,"column":4},"end":{"line":54,"column":null}},"29":{"start":{"line":53,"column":6},"end":{"line":53,"column":null}},"30":{"start":{"line":55,"column":4},"end":{"line":55,"column":null}}},"fnMap":{"0":{"name":"(anonymous_0)","decl":{"start":{"line":8,"column":2},"end":{"line":8,"column":14}},"loc":{"start":{"line":8,"column":14},"end":{"line":13,"column":null}},"line":8},"1":{"name":"(anonymous_1)","decl":{"start":{"line":17,"column":3},"end":{"line":17,"column":19}},"loc":{"start":{"line":17,"column":51},"end":{"line":17,"column":55}},"line":17},"2":{"name":"(anonymous_2)","decl":{"start":{"line":18,"column":11},"end":{"line":18,"column":18}},"loc":{"start":{"line":18,"column":31},"end":{"line":33,"column":3}},"line":18},"3":{"name":"(anonymous_3)","decl":{"start":{"line":40,"column":3},"end":{"line":40,"column":19}},"loc":{"start":{"line":40,"column":56},"end":{"line":40,"column":60}},"line":40},"4":{"name":"(anonymous_4)","decl":{"start":{"line":41,"column":11},"end":{"line":41,"column":18}},"loc":{"start":{"line":41,"column":31},"end":{"line":56,"column":3}},"line":41}},"branchMap":{"0":{"loc":{"start":{"line":22,"column":4},"end":{"line":22,"column":null}},"type":"if","locations":[{"start":{"line":22,"column":4},"end":{"line":22,"column":null}},{"start":{},"end":{}}],"line":22},"1":{"loc":{"start":{"line":28,"column":37},"end":{"line":28,"column":null}},"type":"binary-expr","locations":[{"start":{"line":28,"column":37},"end":{"line":28,"column":57}},{"start":{"line":28,"column":57},"end":{"line":28,"column":null}}],"line":28},"2":{"loc":{"start":{"line":29,"column":4},"end":{"line":31,"column":null}},"type":"if","locations":[{"start":{"line":29,"column":4},"end":{"line":31,"column":null}},{"start":{},"end":{}}],"line":29},"3":{"loc":{"start":{"line":45,"column":4},"end":{"line":45,"column":null}},"type":"if","locations":[{"start":{"line":45,"column":4},"end":{"line":45,"column":null}},{"start":{},"end":{}}],"line":45},"4":{"loc":{"start":{"line":51,"column":37},"end":{"line":51,"column":null}},"type":"binary-expr","locations":[{"start":{"line":51,"column":37},"end":{"line":51,"column":57}},{"start":{"line":51,"column":57},"end":{"line":51,"column":null}}],"line":51},"5":{"loc":{"start":{"line":52,"column":4},"end":{"line":54,"column":null}},"type":"if","locations":[{"start":{"line":52,"column":4},"end":{"line":54,"column":null}},{"start":{},"end":{}}],"line":52}},"s":{"0":2,"1":0,"2":0,"3":0,"4":0,"5":2,"6":0,"7":0,"8":0,"9":0,"10":0,"11":0,"12":0,"13":0,"14":0,"15":0,"16":0,"17":0,"18":2,"19":0,"20":0,"21":0,"22":0,"23":0,"24":0,"25":0,"26":0,"27":0,"28":0,"29":0,"30":0},"f":{"0":0,"1":0,"2":0,"3":0,"4":0},"b":{"0":[0,0],"1":[0,0],"2":[0,0],"3":[0,0],"4":[0,0],"5":[0,0]},"meta":{"lastBranch":6,"lastFunction":5,"lastStatement":31,"seen":{"s:7:13:14:Infinity":0,"f:8:2:8:14":0,"s:9:27:9:Infinity":1,"s:10:20:10:Infinity":2,"s:11:20:11:Infinity":3,"s:12:4:12:Infinity":4,"s:16:13:33:Infinity":5,"f:17:3:17:19":1,"s:17:51:17:55":6,"f:18:11:18:18":2,"s:19:27:19:Infinity":7,"s:20:20:20:Infinity":8,"s:21:20:21:Infinity":9,"b:22:4:22:Infinity:undefined:undefined:undefined:undefined":0,"s:22:4:22:Infinity":10,"s:22:18:22:Infinity":11,"s:23:46:26:Infinity":12,"s:27:20:27:Infinity":13,"s:28:37:28:Infinity":14,"b:28:37:28:57:28:57:28:Infinity":1,"b:29:4:31:Infinity:undefined:undefined:undefined:undefined":2,"s:29:4:31:Infinity":15,"s:30:6:30:Infinity":16,"s:32:4:32:Infinity":17,"s:39:13:56:Infinity":18,"f:40:3:40:19":3,"s:40:56:40:60":19,"f:41:11:41:18":4,"s:42:27:42:Infinity":20,"s:43:20:43:Infinity":21,"s:44:20:44:Infinity":22,"b:45:4:45:Infinity:undefined:undefined:undefined:undefined":3,"s:45:4:45:Infinity":23,"s:45:18:45:Infinity":24,"s:46:46:49:Infinity":25,"s:50:20:50:Infinity":26,"s:51:37:51:Infinity":27,"b:51:37:51:57:51:57:51:Infinity":4,"b:52:4:54:Infinity:undefined:undefined:undefined:undefined":5,"s:52:4:54:Infinity":28,"s:53:6:53:Infinity":29,"s:55:4:55:Infinity":30},"fnNames":{}}}
,"D:\\DEV\\nuwe-gym\\src\\shared\\lib\\utils.ts": {"path":"D:\\DEV\\nuwe-gym\\src\\shared\\lib\\utils.ts","statementMap":{"0":{"start":{"line":6,"column":2},"end":{"line":6,"column":null}}},"fnMap":{"0":{"name":"cn","decl":{"start":{"line":5,"column":16},"end":{"line":5,"column":19}},"loc":{"start":{"line":5,"column":44},"end":{"line":7,"column":null}},"line":5}},"branchMap":{},"s":{"0":15},"f":{"0":15},"b":{},"meta":{"lastBranch":0,"lastFunction":1,"lastStatement":1,"seen":{"f:5:16:5:19":0,"s:6:2:6:Infinity":0},"fnNames":{}}}
}
