TN:
SF:src\styles.css
FNF:0
FNH:0
LF:0
LH:0
BRF:0
BRH:0
end_of_record
TN:
SF:src\features\analytics\churn.ts
FN:9,computeChurnRisk
FN:134,computeAllChurnRisks
FN:170,(anonymous_2)
FN:174,generateChurnReengagementMessage
FNF:4
FNH:3
FNDA:10,computeChurnRisk
FNDA:1,computeAllChurnRisks
FNDA:8,(anonymous_2)
FNDA:0,generateChurnReengagementMessage
DA:12,10
DA:15,10
DA:17,9
DA:18,9
DA:21,9
DA:28,9
DA:35,10
DA:36,3
DA:37,3
DA:38,6
DA:39,0
DA:40,0
DA:41,6
DA:42,2
DA:43,2
DA:44,4
DA:45,0
DA:46,0
DA:50,9
DA:51,9
DA:52,9
DA:54,9
DA:66,9
DA:78,9
DA:79,0
DA:80,0
DA:83,0
DA:87,9
DA:96,9
DA:98,0
DA:101,0
DA:102,0
DA:103,0
DA:105,0
DA:106,0
DA:111,9
DA:112,1
DA:113,1
DA:114,8
DA:115,0
DA:116,0
DA:119,9
DA:121,9
DA:123,10
DA:138,1
DA:164,1
DA:165,1
DA:166,5
DA:170,8
DA:171,1
DA:175,0
DA:176,0
DA:178,0
DA:185,0
DA:190,0
DA:191,0
DA:201,0
DA:203,0
DA:204,0
LF:59
LH:35
BRDA:15,0,0,1
BRDA:15,0,1,9
BRDA:28,1,0,6
BRDA:28,1,1,3
BRDA:35,2,0,3
BRDA:35,2,1,6
BRDA:38,3,0,0
BRDA:38,3,1,6
BRDA:41,4,0,2
BRDA:41,4,1,4
BRDA:44,5,0,0
BRDA:44,5,1,4
BRDA:78,6,0,0
BRDA:78,6,1,9
BRDA:78,7,0,9
BRDA:78,7,1,0
BRDA:96,8,0,0
BRDA:96,8,1,9
BRDA:101,9,0,0
BRDA:101,9,1,0
BRDA:111,10,0,1
BRDA:111,10,1,8
BRDA:114,11,0,0
BRDA:114,11,1,8
BRDA:121,12,0,0
BRDA:121,12,1,9
BRDA:121,13,0,0
BRDA:121,13,1,9
BRDA:121,14,0,6
BRDA:121,14,1,3
BRDA:129,15,0,10
BRDA:129,15,1,3
BRDA:135,16,0,1
BRDA:187,17,0,0
BRDA:187,17,1,0
BRDA:201,18,0,0
BRDA:201,18,1,0
BRF:37
BRH:23
end_of_record
TN:
SF:src\features\analytics\market-basket.ts
FN:6,getProductRecommendations
FN:43,(anonymous_1)
FN:55,getMemberBasedRecommendations
FN:98,(anonymous_3)
FN:107,getAIRecommendationsForMember
FN:124,(anonymous_5)
FN:153,(anonymous_6)
FN:204,(anonymous_7)
FNF:8
FNH:4
FNDA:2,getProductRecommendations
FNDA:2,(anonymous_1)
FNDA:2,getMemberBasedRecommendations
FNDA:1,(anonymous_3)
FNDA:0,getAIRecommendationsForMember
FNDA:0,(anonymous_5)
FNDA:0,(anonymous_6)
FNDA:0,(anonymous_7)
DA:10,2
DA:42,2
DA:43,2
DA:59,2
DA:97,2
DA:98,2
DA:112,0
DA:123,0
DA:126,0
DA:133,0
DA:142,0
DA:145,0
DA:153,0
DA:160,0
DA:163,0
DA:164,0
DA:179,0
DA:185,0
DA:186,0
DA:197,0
DA:198,0
DA:199,0
DA:201,0
DA:203,0
DA:204,0
LF:25
LH:6
BRDA:8,0,0,2
BRDA:42,1,0,2
BRDA:42,1,1,0
BRDA:57,2,0,2
BRDA:97,3,0,2
BRDA:97,3,1,0
BRDA:109,4,0,0
BRDA:160,5,0,0
BRDA:160,5,1,0
BRDA:180,6,0,0
BRDA:180,6,1,0
BRDA:181,7,0,0
BRDA:181,7,1,0
BRDA:197,8,0,0
BRDA:197,8,1,0
BRDA:199,9,0,0
BRDA:199,9,1,0
BRF:17
BRH:4
end_of_record
TN:
SF:src\features\analytics\prediction.ts
FN:8,predictAttendance
FN:44,(anonymous_1)
FN:46,(anonymous_2)
FN:70,getReorderSuggestions
FNF:4
FNH:1
FNDA:2,predictAttendance
FNDA:0,(anonymous_1)
FNDA:0,(anonymous_2)
FNDA:0,getReorderSuggestions
DA:11,2
DA:12,2
DA:14,2
DA:15,5
DA:16,5
DA:19,5
DA:20,5
DA:21,20
DA:24,20
DA:26,20
DA:39,20
DA:42,5
DA:44,0
DA:45,0
DA:46,0
DA:49,0
DA:56,5
DA:65,5
DA:71,0
DA:72,0
DA:74,0
DA:108,0
DA:109,0
DA:110,0
DA:112,0
DA:114,0
DA:118,0
DA:121,0
DA:123,0
DA:124,0
DA:125,0
DA:131,0
DA:133,0
DA:139,0
DA:153,0
LF:35
LH:14
BRDA:9,0,0,2
BRDA:39,1,0,0
BRDA:39,1,1,20
BRDA:42,2,0,0
BRDA:42,2,1,5
BRDA:108,3,0,0
BRDA:108,3,1,0
BRDA:114,4,0,0
BRDA:114,4,1,0
BRDA:123,5,0,0
BRDA:123,5,1,0
BRDA:123,6,0,0
BRDA:123,6,1,0
BRDA:133,7,0,0
BRDA:133,7,1,0
BRDA:135,8,0,0
BRDA:135,8,1,0
BRDA:142,9,0,0
BRDA:142,9,1,0
BRF:19
BRH:3
end_of_record
TN:
SF:src\features\analytics\query.ts
FN:22,(anonymous_0)
FN:33,(anonymous_1)
FN:49,(anonymous_2)
FN:65,(anonymous_3)
FN:90,(anonymous_4)
FN:109,(anonymous_5)
FN:129,(anonymous_6)
FN:151,(anonymous_7)
FN:175,queryOne
FN:199,groqFallback
FN:211,(anonymous_10)
FN:266,executeNaturalQuery
FNF:12
FNH:12
FNDA:8,(anonymous_0)
FNDA:4,(anonymous_1)
FNDA:7,(anonymous_2)
FNDA:4,(anonymous_3)
FNDA:5,(anonymous_4)
FNDA:4,(anonymous_5)
FNDA:4,(anonymous_6)
FNDA:4,(anonymous_7)
FNDA:40,queryOne
FNDA:2,groqFallback
FNDA:16,(anonymous_10)
FNDA:42,executeNaturalQuery
DA:13,2
DA:23,8
DA:24,7
DA:34,4
DA:37,4
DA:50,7
DA:53,7
DA:66,4
DA:76,4
DA:91,5
DA:98,5
DA:110,4
DA:117,3
DA:118,3
DA:130,4
DA:139,4
DA:140,4
DA:152,4
DA:169,4
DA:170,3
DA:176,40
DA:177,38
DA:178,38
DA:183,2
DA:184,2
DA:186,2
DA:187,16
DA:188,16
DA:189,16
DA:200,2
DA:201,2
DA:202,2
DA:211,16
DA:227,0
DA:228,2
DA:230,2
DA:231,0
DA:232,0
DA:239,0
DA:240,2
DA:241,0
DA:248,0
DA:254,2
DA:255,2
DA:270,42
DA:271,178
DA:272,476
DA:273,40
DA:274,40
DA:275,38
DA:277,2
DA:288,2
LF:52
LH:46
BRDA:24,0,0,7
BRDA:24,0,1,0
BRDA:37,1,0,4
BRDA:37,1,1,0
BRDA:53,2,0,7
BRDA:53,2,1,0
BRDA:76,3,0,4
BRDA:76,3,1,0
BRDA:98,4,0,5
BRDA:98,4,1,0
BRDA:117,5,0,0
BRDA:117,5,1,3
BRDA:139,6,0,0
BRDA:139,6,1,4
BRDA:169,7,0,1
BRDA:169,7,1,3
BRDA:230,8,0,0
BRDA:230,8,1,2
BRDA:230,9,0,2
BRDA:230,9,1,0
BRDA:240,10,0,0
BRDA:240,10,1,2
BRDA:272,11,0,40
BRDA:272,11,1,436
BRF:24
BRH:14
end_of_record
TN:
SF:src\features\analytics\server.ts
FN:18,(anonymous_0)
FN:19,(anonymous_1)
FN:25,(anonymous_2)
FN:28,(anonymous_3)
FN:36,(anonymous_4)
FN:45,(anonymous_5)
FN:53,(anonymous_6)
FN:59,(anonymous_7)
FN:67,(anonymous_8)
FN:75,(anonymous_9)
FN:78,(anonymous_10)
FN:86,(anonymous_11)
FN:95,(anonymous_12)
FN:98,(anonymous_13)
FN:104,(anonymous_14)
FN:112,(anonymous_15)
FN:118,(anonymous_16)
FN:119,(anonymous_17)
FNF:18
FNH:0
FNDA:0,(anonymous_0)
FNDA:0,(anonymous_1)
FNDA:0,(anonymous_2)
FNDA:0,(anonymous_3)
FNDA:0,(anonymous_4)
FNDA:0,(anonymous_5)
FNDA:0,(anonymous_6)
FNDA:0,(anonymous_7)
FNDA:0,(anonymous_8)
FNDA:0,(anonymous_9)
FNDA:0,(anonymous_10)
FNDA:0,(anonymous_11)
FNDA:0,(anonymous_12)
FNDA:0,(anonymous_13)
FNDA:0,(anonymous_14)
FNDA:0,(anonymous_15)
FNDA:0,(anonymous_16)
FNDA:0,(anonymous_17)
DA:17,0
DA:18,0
DA:20,0
DA:21,0
DA:24,0
DA:26,0
DA:29,0
DA:30,0
DA:35,0
DA:37,0
DA:38,0
DA:44,0
DA:46,0
DA:54,0
DA:55,0
DA:58,0
DA:60,0
DA:68,0
DA:69,0
DA:74,0
DA:76,0
DA:79,0
DA:80,0
DA:85,0
DA:87,0
DA:88,0
DA:94,0
DA:96,0
DA:99,0
DA:100,0
DA:103,0
DA:105,0
DA:113,0
DA:114,0
DA:117,0
DA:118,0
DA:120,0
DA:121,0
LF:38
LH:0
BRF:0
BRH:0
end_of_record
TN:
SF:src\features\analytics\trends.ts
FN:10,detectInsights
FNF:1
FNH:0
FNDA:0,detectInsights
DA:11,0
DA:12,0
DA:13,0
DA:14,0
DA:15,0
DA:18,0
DA:28,0
DA:38,0
DA:39,0
DA:42,0
DA:43,0
DA:62,0
DA:72,0
DA:82,0
DA:83,0
DA:84,0
DA:85,0
DA:86,0
DA:87,0
DA:104,0
DA:105,0
DA:111,0
DA:121,0
DA:131,0
DA:132,0
DA:135,0
DA:136,0
DA:155,0
DA:156,0
DA:167,0
DA:168,0
DA:180,0
DA:190,0
DA:191,0
DA:203,0
DA:215,0
DA:216,0
DA:217,0
DA:218,0
DA:229,0
LF:40
LH:0
BRDA:38,0,0,0
BRDA:38,0,1,0
BRDA:42,1,0,0
BRDA:42,1,1,0
BRDA:44,2,0,0
BRDA:44,2,1,0
BRDA:47,3,0,0
BRDA:47,3,1,0
BRDA:51,4,0,0
BRDA:51,4,1,0
BRDA:82,5,0,0
BRDA:82,5,1,0
BRDA:83,6,0,0
BRDA:83,6,1,0
BRDA:84,7,0,0
BRDA:84,7,1,0
BRDA:86,8,0,0
BRDA:86,8,1,0
BRDA:88,9,0,0
BRDA:88,9,1,0
BRDA:91,10,0,0
BRDA:91,10,1,0
BRDA:93,11,0,0
BRDA:93,11,1,0
BRDA:131,12,0,0
BRDA:131,12,1,0
BRDA:135,13,0,0
BRDA:135,13,1,0
BRDA:137,14,0,0
BRDA:137,14,1,0
BRDA:140,15,0,0
BRDA:140,15,1,0
BRDA:144,16,0,0
BRDA:144,16,1,0
BRDA:167,17,0,0
BRDA:167,17,1,0
BRDA:190,18,0,0
BRDA:190,18,1,0
BRDA:217,19,0,0
BRDA:217,19,1,0
BRF:40
BRH:0
end_of_record
TN:
SF:src\features\analytics\types.ts
FNF:0
FNH:0
LF:0
LH:0
BRF:0
BRH:0
end_of_record
TN:
SF:src\features\analytics\components\analytics-query-bar.tsx
FN:8,AnalyticsQueryBar
FN:15,(anonymous_1)
FN:19,(anonymous_2)
FN:40,(anonymous_3)
FNF:4
FNH:0
FNDA:0,AnalyticsQueryBar
FNDA:0,(anonymous_1)
FNDA:0,(anonymous_2)
FNDA:0,(anonymous_3)
DA:9,0
DA:10,0
DA:11,0
DA:13,0
DA:15,0
DA:19,0
DA:21,0
DA:22,0
DA:23,0
DA:28,0
DA:40,0
LF:11
LH:0
BRDA:23,0,0,0
BRDA:23,0,1,0
BRDA:48,1,0,0
BRDA:48,1,1,0
BRDA:51,2,0,0
BRDA:51,2,1,0
BRDA:59,3,0,0
BRDA:59,3,1,0
BRDA:66,4,0,0
BRDA:66,4,1,0
BRDA:71,5,0,0
BRDA:71,5,1,0
BRDA:71,5,2,0
BRF:13
BRH:0
end_of_record
TN:
SF:src\features\audit-logs\audit-logs-page.tsx
FN:96,formatTimestamp
FN:108,AuditLogsPage
FN:130,(anonymous_2)
FN:136,(anonymous_3)
FN:143,handleRowClick
FN:148,handleSearch
FN:229,(anonymous_6)
FN:246,(anonymous_7)
FN:261,(anonymous_8)
FN:272,(anonymous_9)
FN:283,(anonymous_10)
FN:299,(anonymous_11)
FN:326,(anonymous_12)
FN:330,(anonymous_13)
FN:384,(anonymous_14)
FN:384,(anonymous_15)
FN:393,(anonymous_16)
FN:393,(anonymous_17)
FNF:18
FNH:0
FNDA:0,formatTimestamp
FNDA:0,AuditLogsPage
FNDA:0,(anonymous_2)
FNDA:0,(anonymous_3)
FNDA:0,handleRowClick
FNDA:0,handleSearch
FNDA:0,(anonymous_6)
FNDA:0,(anonymous_7)
FNDA:0,(anonymous_8)
FNDA:0,(anonymous_9)
FNDA:0,(anonymous_10)
FNDA:0,(anonymous_11)
FNDA:0,(anonymous_12)
FNDA:0,(anonymous_13)
FNDA:0,(anonymous_14)
FNDA:0,(anonymous_15)
FNDA:0,(anonymous_16)
FNDA:0,(anonymous_17)
DA:45,0
DA:59,0
DA:83,0
DA:97,0
DA:98,0
DA:99,0
DA:109,0
DA:110,0
DA:111,0
DA:112,0
DA:113,0
DA:114,0
DA:115,0
DA:116,0
DA:118,0
DA:128,0
DA:130,0
DA:134,0
DA:136,0
DA:139,0
DA:140,0
DA:141,0
DA:144,0
DA:145,0
DA:149,0
DA:152,0
DA:230,0
DA:247,0
DA:261,0
DA:272,0
DA:283,0
DA:300,0
DA:327,0
DA:330,0
DA:384,0
DA:393,0
LF:36
LH:0
BRDA:97,0,0,0
BRDA:97,0,1,0
BRDA:139,1,0,0
BRDA:139,1,1,0
BRDA:140,2,0,0
BRDA:140,2,1,0
BRDA:168,3,0,0
BRDA:168,3,1,0
BRDA:172,4,0,0
BRDA:172,4,1,0
BRDA:184,5,0,0
BRDA:184,5,1,0
BRDA:188,6,0,0
BRDA:188,6,1,0
BRDA:200,7,0,0
BRDA:200,7,1,0
BRDA:204,8,0,0
BRDA:204,8,1,0
BRDA:297,9,0,0
BRDA:297,9,1,0
BRDA:303,10,0,0
BRDA:303,10,1,0
BRDA:337,11,0,0
BRDA:337,11,1,0
BRDA:339,12,0,0
BRDA:339,12,1,0
BRDA:347,13,0,0
BRDA:347,13,1,0
BRDA:354,14,0,0
BRDA:354,14,1,0
BRDA:364,15,0,0
BRDA:364,15,1,0
BRDA:374,16,0,0
BRDA:374,16,1,0
BRDA:407,17,0,0
BRDA:407,17,1,0
BRDA:426,18,0,0
BRDA:426,18,1,0
BRDA:432,19,0,0
BRDA:432,19,1,0
BRDA:439,20,0,0
BRDA:439,20,1,0
BRDA:455,21,0,0
BRDA:455,21,1,0
BRDA:464,22,0,0
BRDA:464,22,1,0
BRDA:475,23,0,0
BRDA:475,23,1,0
BRF:48
BRH:0
end_of_record
TN:
SF:src\features\audit-logs\server.ts
FN:34,serializeRow
FN:42,(anonymous_1)
FN:43,(anonymous_2)
FN:90,(anonymous_3)
FN:91,(anonymous_4)
FN:106,(anonymous_5)
FN:127,(anonymous_6)
FNF:7
FNH:0
FNDA:0,serializeRow
FNDA:0,(anonymous_1)
FNDA:0,(anonymous_2)
FNDA:0,(anonymous_3)
FNDA:0,(anonymous_4)
FNDA:0,(anonymous_5)
FNDA:0,(anonymous_6)
DA:24,0
DA:35,0
DA:41,0
DA:42,0
DA:44,0
DA:46,0
DA:47,0
DA:48,0
DA:54,0
DA:55,0
DA:61,0
DA:62,0
DA:63,0
DA:64,0
DA:65,0
DA:67,0
DA:68,0
DA:70,0
DA:81,0
DA:83,0
DA:89,0
DA:90,0
DA:92,0
DA:94,0
DA:99,0
DA:100,0
DA:102,0
DA:105,0
DA:107,0
DA:109,0
DA:110,0
DA:112,0
DA:122,0
DA:126,0
DA:128,0
DA:129,0
DA:130,0
DA:131,0
DA:134,0
DA:135,0
DA:140,0
DA:141,0
DA:142,0
DA:144,0
DA:159,0
LF:45
LH:0
BRDA:47,0,0,0
BRDA:47,0,1,0
BRDA:54,1,0,0
BRDA:54,1,1,0
BRDA:61,2,0,0
BRDA:61,2,1,0
BRDA:62,3,0,0
BRDA:62,3,1,0
BRDA:64,4,0,0
BRDA:64,4,1,0
BRDA:67,5,0,0
BRDA:67,5,1,0
BRDA:81,6,0,0
BRDA:81,6,1,0
BRDA:99,7,0,0
BRDA:99,7,1,0
BRDA:130,8,0,0
BRDA:130,8,1,0
BRDA:130,9,0,0
BRDA:130,9,1,0
BRDA:160,10,0,0
BRDA:160,10,1,0
BRDA:161,11,0,0
BRDA:161,11,1,0
BRDA:162,12,0,0
BRDA:162,12,1,0
BRF:26
BRH:0
end_of_record
TN:
SF:src\features\backup\backup-page.tsx
FN:52,downloadJSON
FN:99,ExportSection
FN:102,(anonymous_2)
FN:106,(anonymous_3)
FN:107,(anonymous_4)
FN:112,(anonymous_5)
FN:146,(anonymous_6)
FN:156,(anonymous_7)
FN:168,ImportSection
FN:175,(anonymous_9)
FN:177,(anonymous_10)
FN:180,(anonymous_11)
FN:181,(anonymous_12)
FN:190,(anonymous_13)
FN:193,handleFileChange
FN:203,(anonymous_15)
FN:224,handleImport
FN:229,(anonymous_17)
FN:267,(anonymous_18)
FN:285,(anonymous_19)
FN:311,(anonymous_20)
FN:312,(anonymous_21)
FN:323,(anonymous_22)
FN:337,AutoBackupSection
FN:340,(anonymous_24)
FN:348,(anonymous_25)
FN:350,(anonymous_26)
FN:353,(anonymous_27)
FN:362,handleSave
FN:395,(anonymous_29)
FN:440,BackupPage
FN:443,(anonymous_31)
FN:457,(anonymous_32)
FN:458,(anonymous_33)
FN:460,(anonymous_34)
FNF:35
FNH:0
FNDA:0,downloadJSON
FNDA:0,ExportSection
FNDA:0,(anonymous_2)
FNDA:0,(anonymous_3)
FNDA:0,(anonymous_4)
FNDA:0,(anonymous_5)
FNDA:0,(anonymous_6)
FNDA:0,(anonymous_7)
FNDA:0,ImportSection
FNDA:0,(anonymous_9)
FNDA:0,(anonymous_10)
FNDA:0,(anonymous_11)
FNDA:0,(anonymous_12)
FNDA:0,(anonymous_13)
FNDA:0,handleFileChange
FNDA:0,(anonymous_15)
FNDA:0,handleImport
FNDA:0,(anonymous_17)
FNDA:0,(anonymous_18)
FNDA:0,(anonymous_19)
FNDA:0,(anonymous_20)
FNDA:0,(anonymous_21)
FNDA:0,(anonymous_22)
FNDA:0,AutoBackupSection
FNDA:0,(anonymous_24)
FNDA:0,(anonymous_25)
FNDA:0,(anonymous_26)
FNDA:0,(anonymous_27)
FNDA:0,handleSave
FNDA:0,(anonymous_29)
FNDA:0,BackupPage
FNDA:0,(anonymous_31)
FNDA:0,(anonymous_32)
FNDA:0,(anonymous_33)
FNDA:0,(anonymous_34)
DA:53,0
DA:56,0
DA:57,0
DA:58,0
DA:59,0
DA:60,0
DA:61,0
DA:62,0
DA:63,0
DA:64,0
DA:67,0
DA:100,0
DA:102,0
DA:105,0
DA:106,0
DA:108,0
DA:109,0
DA:110,0
DA:112,0
DA:115,0
DA:146,0
DA:156,0
DA:169,0
DA:170,0
DA:171,0
DA:172,0
DA:174,0
DA:175,0
DA:178,0
DA:179,0
DA:180,0
DA:181,0
DA:183,0
DA:186,0
DA:187,0
DA:188,0
DA:190,0
DA:194,0
DA:195,0
DA:196,0
DA:197,0
DA:198,0
DA:200,0
DA:202,0
DA:203,0
DA:204,0
DA:205,0
DA:206,0
DA:207,0
DA:208,0
DA:209,0
DA:211,0
DA:212,0
DA:213,0
DA:215,0
DA:217,0
DA:218,0
DA:221,0
DA:225,0
DA:226,0
DA:228,0
DA:229,0
DA:230,0
DA:231,0
DA:232,0
DA:234,0
DA:237,0
DA:240,0
DA:268,0
DA:285,0
DA:311,0
DA:313,0
DA:323,0
DA:338,0
DA:340,0
DA:343,0
DA:344,0
DA:345,0
DA:347,0
DA:348,0
DA:351,0
DA:353,0
DA:356,0
DA:357,0
DA:358,0
DA:359,0
DA:363,0
DA:371,0
DA:395,0
DA:441,0
DA:443,0
DA:446,0
DA:457,0
DA:458,0
DA:461,0
LF:95
LH:0
BRDA:127,0,0,0
BRDA:127,0,1,0
BRDA:132,1,0,0
BRDA:132,1,1,0
BRDA:181,2,0,0
BRDA:181,2,1,0
BRDA:188,3,0,0
BRDA:188,3,1,0
BRDA:195,4,0,0
BRDA:195,4,1,0
BRDA:206,5,0,0
BRDA:206,5,1,0
BRDA:206,6,0,0
BRDA:206,6,1,0
BRDA:213,7,0,0
BRDA:213,7,1,0
BRDA:226,8,0,0
BRDA:226,8,1,0
BRDA:260,9,0,0
BRDA:260,9,1,0
BRDA:270,10,0,0
BRDA:270,10,1,0
BRDA:284,11,0,0
BRDA:284,11,1,0
BRDA:287,12,0,0
BRDA:287,12,1,0
BRDA:292,13,0,0
BRDA:292,13,1,0
BRDA:307,14,0,0
BRDA:307,14,1,0
BRDA:314,15,0,0
BRDA:314,15,1,0
BRDA:356,16,0,0
BRDA:356,16,1,0
BRDA:356,17,0,0
BRDA:356,17,1,0
BRDA:357,18,0,0
BRDA:357,18,1,0
BRDA:358,19,0,0
BRDA:358,19,1,0
BRDA:383,20,0,0
BRDA:383,20,1,0
BRDA:393,21,0,0
BRDA:393,21,1,0
BRDA:396,22,0,0
BRDA:396,22,1,0
BRDA:398,23,0,0
BRDA:398,23,1,0
BRDA:402,24,0,0
BRDA:402,24,1,0
BRDA:454,25,0,0
BRDA:454,25,1,0
BRDA:467,26,0,0
BRDA:467,26,1,0
BRF:54
BRH:0
end_of_record
TN:
SF:src\features\backup\server.ts
FN:101,getAllRows
FN:124,(anonymous_1)
FN:125,(anonymous_2)
FN:163,(anonymous_3)
FN:164,(anonymous_4)
FN:169,(anonymous_5)
FN:204,(anonymous_6)
FN:229,(anonymous_7)
FN:230,(anonymous_8)
FN:260,(anonymous_9)
FNF:10
FNH:0
FNDA:0,getAllRows
FNDA:0,(anonymous_1)
FNDA:0,(anonymous_2)
FNDA:0,(anonymous_3)
FNDA:0,(anonymous_4)
FNDA:0,(anonymous_5)
FNDA:0,(anonymous_6)
FNDA:0,(anonymous_7)
FNDA:0,(anonymous_8)
FNDA:0,(anonymous_9)
DA:39,0
DA:71,0
DA:102,0
DA:103,0
DA:104,0
DA:105,0
DA:106,0
DA:107,0
DA:108,0
DA:110,0
DA:111,0
DA:114,0
DA:117,0
DA:123,0
DA:124,0
DA:126,0
DA:128,0
DA:130,0
DA:131,0
DA:132,0
DA:142,0
DA:144,0
DA:148,0
DA:155,0
DA:162,0
DA:163,0
DA:165,0
DA:167,0
DA:169,0
DA:170,0
DA:171,0
DA:172,0
DA:173,0
DA:176,0
DA:177,0
DA:178,0
DA:179,0
DA:180,0
DA:184,0
DA:185,0
DA:186,0
DA:187,0
DA:189,0
DA:193,0
DA:200,0
DA:203,0
DA:205,0
DA:207,0
DA:209,0
DA:210,0
DA:211,0
DA:214,0
DA:217,0
DA:219,0
DA:223,0
DA:228,0
DA:229,0
DA:231,0
DA:233,0
DA:238,0
DA:239,0
DA:249,0
DA:256,0
DA:259,0
DA:261,0
DA:263,0
DA:271,0
LF:67
LH:0
BRDA:101,0,0,0
BRDA:107,1,0,0
BRDA:107,1,1,0
BRDA:131,2,0,0
BRDA:131,2,1,0
BRDA:178,3,0,0
BRDA:178,3,1,0
BRDA:178,4,0,0
BRDA:178,4,1,0
BRDA:238,5,0,0
BRDA:238,5,1,0
BRDA:271,6,0,0
BRDA:271,6,1,0
BRF:13
BRH:0
end_of_record
TN:
SF:src\features\branches\branch-selector.tsx
FN:15,BranchSelector
FN:19,(anonymous_1)
FN:31,(anonymous_2)
FN:41,(anonymous_3)
FN:66,(anonymous_4)
FN:74,(anonymous_5)
FN:77,(anonymous_6)
FNF:7
FNH:0
FNDA:0,BranchSelector
FNDA:0,(anonymous_1)
FNDA:0,(anonymous_2)
FNDA:0,(anonymous_3)
FNDA:0,(anonymous_4)
FNDA:0,(anonymous_5)
FNDA:0,(anonymous_6)
DA:13,0
DA:16,0
DA:17,0
DA:19,0
DA:20,0
DA:21,0
DA:22,0
DA:23,0
DA:25,0
DA:29,0
DA:31,0
DA:35,0
DA:41,0
DA:42,0
DA:43,0
DA:45,0
DA:47,0
DA:48,0
DA:51,0
DA:53,0
DA:66,0
DA:75,0
DA:77,0
LF:23
LH:0
BRDA:22,0,0,0
BRDA:22,0,1,0
BRDA:22,1,0,0
BRDA:22,1,1,0
BRDA:29,2,0,0
BRDA:35,3,0,0
BRDA:35,3,1,0
BRDA:36,4,0,0
BRDA:36,4,1,0
BRDA:36,4,2,0
BRDA:42,5,0,0
BRDA:42,5,1,0
BRDA:51,6,0,0
BRDA:51,6,1,0
BRDA:51,7,0,0
BRDA:51,7,1,0
BRDA:59,8,0,0
BRDA:59,8,1,0
BRDA:70,9,0,0
BRDA:70,9,1,0
BRDA:81,10,0,0
BRDA:81,10,1,0
BRF:22
BRH:0
end_of_record
TN:
SF:src\features\branches\branches-page.tsx
FN:42,BranchesPage
FN:119,(anonymous_1)
FN:138,(anonymous_2)
FN:145,(anonymous_3)
FN:155,(anonymous_4)
FN:165,(anonymous_5)
FN:184,(anonymous_6)
FN:194,(anonymous_7)
FN:211,(anonymous_8)
FN:217,(anonymous_9)
FN:225,(anonymous_10)
FN:237,(anonymous_11)
FN:248,(anonymous_12)
FN:256,(anonymous_13)
FN:266,(anonymous_14)
FN:294,(anonymous_15)
FN:311,(anonymous_16)
FNF:17
FNH:0
FNDA:0,BranchesPage
FNDA:0,(anonymous_1)
FNDA:0,(anonymous_2)
FNDA:0,(anonymous_3)
FNDA:0,(anonymous_4)
FNDA:0,(anonymous_5)
FNDA:0,(anonymous_6)
FNDA:0,(anonymous_7)
FNDA:0,(anonymous_8)
FNDA:0,(anonymous_9)
FNDA:0,(anonymous_10)
FNDA:0,(anonymous_11)
FNDA:0,(anonymous_12)
FNDA:0,(anonymous_13)
FNDA:0,(anonymous_14)
FNDA:0,(anonymous_15)
FNDA:0,(anonymous_16)
DA:65,0
DA:68,0
DA:119,0
DA:139,0
DA:146,0
DA:156,0
DA:166,0
DA:185,0
DA:195,0
DA:212,0
DA:217,0
DA:225,0
DA:237,0
DA:248,0
DA:257,0
DA:267,0
DA:295,0
DA:311,0
LF:18
LH:0
BRDA:148,0,0,0
BRDA:148,0,1,0
BRDA:158,1,0,0
BRDA:158,1,1,0
BRDA:168,2,0,0
BRDA:168,2,1,0
BRDA:198,3,0,0
BRDA:198,3,1,0
BRDA:203,4,0,0
BRDA:203,4,1,0
BRDA:227,5,0,0
BRDA:227,5,1,0
BRDA:254,6,0,0
BRDA:254,6,1,0
BRDA:260,7,0,0
BRDA:260,7,1,0
BRDA:295,8,0,0
BRDA:295,8,1,0
BRDA:323,9,0,0
BRDA:323,9,1,0
BRF:20
BRH:0
end_of_record
TN:
SF:src\features\branches\server.ts
FN:12,(anonymous_0)
FN:19,(anonymous_1)
FN:20,(anonymous_2)
FN:39,(anonymous_3)
FN:40,(anonymous_4)
FN:65,(anonymous_5)
FN:66,(anonymous_6)
FN:84,(anonymous_7)
FN:129,(anonymous_8)
FN:130,(anonymous_9)
FN:161,(anonymous_10)
FN:164,(anonymous_11)
FN:196,(anonymous_12)
FNF:13
FNH:0
FNDA:0,(anonymous_0)
FNDA:0,(anonymous_1)
FNDA:0,(anonymous_2)
FNDA:0,(anonymous_3)
FNDA:0,(anonymous_4)
FNDA:0,(anonymous_5)
FNDA:0,(anonymous_6)
FNDA:0,(anonymous_7)
FNDA:0,(anonymous_8)
FNDA:0,(anonymous_9)
FNDA:0,(anonymous_10)
FNDA:0,(anonymous_11)
FNDA:0,(anonymous_12)
DA:11,0
DA:13,0
DA:14,0
DA:18,0
DA:19,0
DA:21,0
DA:26,0
DA:29,0
DA:38,0
DA:39,0
DA:41,0
DA:42,0
DA:43,0
DA:50,0
DA:53,0
DA:64,0
DA:65,0
DA:67,0
DA:68,0
DA:73,0
DA:80,0
DA:83,0
DA:85,0
DA:90,0
DA:91,0
DA:108,0
DA:124,0
DA:128,0
DA:129,0
DA:131,0
DA:134,0
DA:139,0
DA:140,0
DA:144,0
DA:149,0
DA:157,0
DA:160,0
DA:162,0
DA:165,0
DA:169,0
DA:174,0
DA:184,0
DA:192,0
DA:195,0
DA:197,0
DA:201,0
DA:216,0
LF:47
LH:0
BRDA:26,0,0,0
BRDA:26,0,1,0
BRDA:90,1,0,0
BRDA:90,1,1,0
BRDA:139,2,0,0
BRDA:139,2,1,0
BRDA:216,3,0,0
BRDA:216,3,1,0
BRF:8
BRH:0
end_of_record
TN:
SF:src\features\branches\types.ts
FNF:0
FNH:0
DA:16,0
LF:1
LH:0
BRF:0
BRH:0
end_of_record
TN:
SF:src\features\branches\components\branch-card.tsx
FN:23,BranchCardSkeleton
FN:54,BranchCard
FN:124,(anonymous_2)
FN:137,(anonymous_3)
FN:153,(anonymous_4)
FNF:5
FNH:0
FNDA:0,BranchCardSkeleton
FNDA:0,BranchCard
FNDA:0,(anonymous_2)
FNDA:0,(anonymous_3)
FNDA:0,(anonymous_4)
DA:24,0
DA:55,0
DA:124,0
DA:137,0
DA:153,0
LF:5
LH:0
BRDA:59,0,0,0
BRDA:59,0,1,0
BRDA:77,1,0,0
BRDA:77,1,1,0
BRDA:87,2,0,0
BRDA:87,2,1,0
BRDA:92,3,0,0
BRDA:92,3,1,0
BRDA:98,4,0,0
BRDA:98,4,1,0
BRDA:104,5,0,0
BRDA:104,5,1,0
BRDA:113,6,0,0
BRDA:113,6,1,0
BRDA:113,7,0,0
BRDA:113,7,1,0
BRDA:133,8,0,0
BRDA:133,8,1,0
BRDA:139,9,0,0
BRDA:139,9,1,0
BRF:20
BRH:0
end_of_record
TN:
SF:src\features\branches\components\branch-form-dialog.tsx
FN:28,BranchFormDialog
FN:38,(anonymous_1)
FN:42,(anonymous_2)
FN:44,(anonymous_3)
FN:59,(anonymous_4)
FN:66,(anonymous_5)
FN:89,(anonymous_6)
FN:92,(anonymous_7)
FN:106,(anonymous_8)
FN:109,(anonymous_9)
FN:131,(anonymous_10)
FN:144,(anonymous_11)
FN:156,(anonymous_12)
FN:169,(anonymous_13)
FNF:14
FNH:0
FNDA:0,BranchFormDialog
FNDA:0,(anonymous_1)
FNDA:0,(anonymous_2)
FNDA:0,(anonymous_3)
FNDA:0,(anonymous_4)
FNDA:0,(anonymous_5)
FNDA:0,(anonymous_6)
FNDA:0,(anonymous_7)
FNDA:0,(anonymous_8)
FNDA:0,(anonymous_9)
FNDA:0,(anonymous_10)
FNDA:0,(anonymous_11)
FNDA:0,(anonymous_12)
FNDA:0,(anonymous_13)
DA:38,0
DA:39,0
DA:42,0
DA:43,0
DA:44,0
DA:45,0
DA:46,0
DA:51,0
DA:57,0
DA:59,0
DA:60,0
DA:66,0
DA:67,0
DA:73,0
DA:90,0
DA:93,0
DA:107,0
DA:110,0
DA:131,0
DA:144,0
DA:157,0
DA:170,0
LF:22
LH:0
BRDA:45,0,0,0
BRDA:45,0,1,0
BRDA:78,1,0,0
BRDA:78,1,1,0
BRDA:191,2,0,0
BRDA:191,2,1,0
BRF:6
BRH:0
end_of_record
TN:
SF:src\features\branches\hooks\use-branches-page.ts
FN:14,useBranchesPage
FN:25,(anonymous_1)
FN:30,(anonymous_2)
FN:35,(anonymous_3)
FN:40,(anonymous_4)
FN:45,(anonymous_5)
FN:50,(anonymous_6)
FN:55,(anonymous_7)
FN:58,(anonymous_8)
FN:64,(anonymous_9)
FN:77,(anonymous_10)
FN:82,(anonymous_11)
FN:99,(anonymous_12)
FN:117,(anonymous_13)
FN:118,(anonymous_14)
FN:120,(anonymous_15)
FN:160,(anonymous_16)
FNF:17
FNH:0
FNDA:0,useBranchesPage
FNDA:0,(anonymous_1)
FNDA:0,(anonymous_2)
FNDA:0,(anonymous_3)
FNDA:0,(anonymous_4)
FNDA:0,(anonymous_5)
FNDA:0,(anonymous_6)
FNDA:0,(anonymous_7)
FNDA:0,(anonymous_8)
FNDA:0,(anonymous_9)
FNDA:0,(anonymous_10)
FNDA:0,(anonymous_11)
FNDA:0,(anonymous_12)
FNDA:0,(anonymous_13)
FNDA:0,(anonymous_14)
FNDA:0,(anonymous_15)
FNDA:0,(anonymous_16)
DA:15,0
DA:16,0
DA:17,0
DA:18,0
DA:19,0
DA:20,0
DA:21,0
DA:23,0
DA:25,0
DA:28,0
DA:31,0
DA:32,0
DA:33,0
DA:35,0
DA:38,0
DA:41,0
DA:42,0
DA:43,0
DA:45,0
DA:48,0
DA:51,0
DA:52,0
DA:53,0
DA:55,0
DA:58,0
DA:59,0
DA:60,0
DA:61,0
DA:64,0
DA:65,0
DA:66,0
DA:74,0
DA:77,0
DA:78,0
DA:79,0
DA:82,0
DA:83,0
DA:84,0
DA:86,0
DA:92,0
DA:93,0
DA:95,0
DA:99,0
DA:100,0
DA:114,0
DA:116,0
DA:117,0
DA:118,0
DA:120,0
DA:122,0
DA:127,0
DA:131,0
DA:134,0
DA:161,0
DA:162,0
LF:55
LH:0
BRDA:23,0,0,0
BRDA:68,1,0,0
BRDA:68,1,1,0
BRDA:69,2,0,0
BRDA:69,2,1,0
BRDA:70,3,0,0
BRDA:70,3,1,0
BRDA:71,4,0,0
BRDA:71,4,1,0
BRDA:72,5,0,0
BRDA:72,5,1,0
BRDA:84,6,0,0
BRDA:84,6,1,0
BRDA:89,7,0,0
BRDA:89,7,1,0
BRDA:92,8,0,0
BRDA:92,8,1,0
BRDA:104,9,0,0
BRDA:104,9,1,0
BRDA:105,10,0,0
BRDA:105,10,1,0
BRDA:106,11,0,0
BRDA:106,11,1,0
BRDA:107,12,0,0
BRDA:107,12,1,0
BRDA:108,13,0,0
BRDA:108,13,1,0
BRDA:114,14,0,0
BRDA:114,14,1,0
BRDA:114,14,2,0
BRDA:122,15,0,0
BRDA:122,15,1,0
BRDA:122,15,2,0
BRDA:122,15,3,0
BRDA:127,16,0,0
BRDA:127,16,1,0
BRDA:127,16,2,0
BRDA:127,16,3,0
BRDA:127,16,4,0
BRDA:131,17,0,0
BRDA:131,17,1,0
BRDA:161,18,0,0
BRDA:161,18,1,0
BRF:43
BRH:0
end_of_record
TN:
SF:src\features\cash-register\cash-register-page.tsx
FN:44,CashRegisterPage
FN:51,handleOpenClick
FN:133,(anonymous_2)
FN:140,(anonymous_3)
FN:167,(anonymous_4)
FN:184,(anonymous_5)
FN:203,(anonymous_6)
FN:219,(anonymous_7)
FN:223,(anonymous_8)
FN:256,(anonymous_9)
FN:305,(anonymous_10)
FN:329,(anonymous_11)
FN:346,(anonymous_12)
FN:362,(anonymous_13)
FN:379,(anonymous_14)
FN:390,(anonymous_15)
FN:394,(anonymous_16)
FN:409,(anonymous_17)
FNF:18
FNH:0
FNDA:0,CashRegisterPage
FNDA:0,handleOpenClick
FNDA:0,(anonymous_2)
FNDA:0,(anonymous_3)
FNDA:0,(anonymous_4)
FNDA:0,(anonymous_5)
FNDA:0,(anonymous_6)
FNDA:0,(anonymous_7)
FNDA:0,(anonymous_8)
FNDA:0,(anonymous_9)
FNDA:0,(anonymous_10)
FNDA:0,(anonymous_11)
FNDA:0,(anonymous_12)
FNDA:0,(anonymous_13)
FNDA:0,(anonymous_14)
FNDA:0,(anonymous_15)
FNDA:0,(anonymous_16)
FNDA:0,(anonymous_17)
DA:45,0
DA:46,0
DA:47,0
DA:48,0
DA:49,0
DA:52,0
DA:53,0
DA:54,0
DA:56,0
DA:59,0
DA:133,0
DA:140,0
DA:167,0
DA:184,0
DA:203,0
DA:220,0
DA:223,0
DA:257,0
DA:258,0
DA:306,0
DA:329,0
DA:347,0
DA:348,0
DA:349,0
DA:363,0
DA:364,0
DA:365,0
DA:380,0
DA:381,0
DA:382,0
DA:390,0
DA:394,0
DA:410,0
DA:411,0
LF:34
LH:0
BRDA:52,0,0,0
BRDA:52,0,1,0
BRDA:84,1,0,0
BRDA:84,1,1,0
BRDA:88,2,0,0
BRDA:88,2,1,0
BRDA:92,3,0,0
BRDA:92,3,1,0
BRDA:121,4,0,0
BRDA:121,4,1,0
BRDA:151,5,0,0
BRDA:151,5,1,0
BRDA:151,5,2,0
BRDA:156,6,0,0
BRDA:156,6,1,0
BRDA:156,6,2,0
BRDA:158,7,0,0
BRDA:158,7,1,0
BRDA:173,8,0,0
BRDA:173,8,1,0
BRDA:176,9,0,0
BRDA:176,9,1,0
BRDA:179,10,0,0
BRDA:179,10,1,0
BRDA:197,11,0,0
BRDA:197,11,1,0
BRDA:214,12,0,0
BRDA:214,12,1,0
BRDA:236,13,0,0
BRDA:236,13,1,0
BRDA:243,14,0,0
BRDA:243,14,1,0
BRDA:250,15,0,0
BRDA:250,15,1,0
BRDA:275,16,0,0
BRDA:275,16,1,0
BRDA:275,16,2,0
BRDA:277,17,0,0
BRDA:277,17,1,0
BRDA:293,18,0,0
BRDA:293,18,1,0
BRDA:296,19,0,0
BRDA:296,19,1,0
BRDA:301,20,0,0
BRDA:301,20,1,0
BRDA:306,21,0,0
BRDA:306,21,1,0
BRDA:320,22,0,0
BRDA:320,22,1,0
BRDA:348,23,0,0
BRDA:348,23,1,0
BRDA:364,24,0,0
BRDA:364,24,1,0
BRDA:381,25,0,0
BRDA:381,25,1,0
BRDA:381,26,0,0
BRDA:381,26,1,0
BRDA:390,27,0,0
BRDA:390,27,1,0
BRDA:394,28,0,0
BRDA:394,28,1,0
BRDA:399,29,0,0
BRDA:399,29,1,0
BRDA:410,30,0,0
BRDA:410,30,1,0
BRDA:416,31,0,0
BRDA:416,31,1,0
BRF:67
BRH:0
end_of_record
TN:
SF:src\features\cash-register\cash-register.repository.ts
FN:11,findOpenSession
FN:23,findAllOpenSessions
FN:31,deleteCashSession
FN:35,insertSession
FN:49,findSessionById
FN:56,findAllSessions
FN:68,findMovementsBySession
FNF:7
FNH:0
FNDA:0,findOpenSession
FNDA:0,findAllOpenSessions
FNDA:0,deleteCashSession
FNDA:0,insertSession
FNDA:0,findSessionById
FNDA:0,findAllSessions
FNDA:0,findMovementsBySession
DA:12,0
DA:24,0
DA:32,0
DA:36,0
DA:50,0
DA:57,0
DA:69,0
LF:7
LH:0
BRDA:13,0,0,0
BRDA:13,0,1,0
BRDA:43,1,0,0
BRDA:43,1,1,0
BRDA:44,2,0,0
BRDA:44,2,1,0
BRDA:58,3,0,0
BRDA:58,3,1,0
BRF:8
BRH:0
end_of_record
TN:
SF:src\features\cash-register\cash-register.schema.ts
FNF:0
FNH:0
DA:4,0
DA:8,0
DA:14,0
DA:20,0
DA:27,0
DA:31,0
DA:35,0
LF:7
LH:0
BRF:0
BRH:0
end_of_record
TN:
SF:src\features\cash-register\server.ts
FN:20,(anonymous_0)
FN:21,(anonymous_1)
FN:27,(anonymous_2)
FN:33,(anonymous_3)
FN:34,(anonymous_4)
FN:62,(anonymous_5)
FN:63,(anonymous_6)
FN:68,(anonymous_7)
FN:126,(anonymous_8)
FN:127,(anonymous_9)
FN:132,(anonymous_10)
FN:169,(anonymous_11)
FN:170,(anonymous_12)
FN:180,(anonymous_13)
FN:181,(anonymous_14)
FN:187,(anonymous_15)
FN:188,(anonymous_16)
FNF:17
FNH:0
FNDA:0,(anonymous_0)
FNDA:0,(anonymous_1)
FNDA:0,(anonymous_2)
FNDA:0,(anonymous_3)
FNDA:0,(anonymous_4)
FNDA:0,(anonymous_5)
FNDA:0,(anonymous_6)
FNDA:0,(anonymous_7)
FNDA:0,(anonymous_8)
FNDA:0,(anonymous_9)
FNDA:0,(anonymous_10)
FNDA:0,(anonymous_11)
FNDA:0,(anonymous_12)
FNDA:0,(anonymous_13)
FNDA:0,(anonymous_14)
FNDA:0,(anonymous_15)
FNDA:0,(anonymous_16)
DA:19,0
DA:20,0
DA:22,0
DA:23,0
DA:26,0
DA:28,0
DA:29,0
DA:32,0
DA:33,0
DA:35,0
DA:39,0
DA:40,0
DA:41,0
DA:44,0
DA:49,0
DA:58,0
DA:61,0
DA:62,0
DA:64,0
DA:68,0
DA:69,0
DA:75,0
DA:76,0
DA:79,0
DA:84,0
DA:85,0
DA:86,0
DA:87,0
DA:91,0
DA:92,0
DA:94,0
DA:107,0
DA:110,0
DA:122,0
DA:125,0
DA:126,0
DA:128,0
DA:132,0
DA:133,0
DA:138,0
DA:139,0
DA:142,0
DA:153,0
DA:156,0
DA:165,0
DA:168,0
DA:169,0
DA:171,0
DA:172,0
DA:176,0
DA:179,0
DA:180,0
DA:182,0
DA:183,0
DA:186,0
DA:187,0
DA:189,0
DA:191,0
DA:192,0
DA:194,0
DA:196,0
LF:61
LH:0
BRDA:23,0,0,0
BRDA:23,0,1,0
BRDA:40,1,0,0
BRDA:40,1,1,0
BRDA:70,2,0,0
BRDA:70,2,1,0
BRDA:75,3,0,0
BRDA:75,3,1,0
BRDA:86,4,0,0
BRDA:86,4,1,0
BRDA:87,5,0,0
BRDA:87,5,1,0
BRDA:103,6,0,0
BRDA:103,6,1,0
BRDA:134,7,0,0
BRDA:134,7,1,0
BRDA:138,8,0,0
BRDA:138,8,1,0
BRDA:192,9,0,0
BRDA:192,9,1,0
BRDA:201,10,0,0
BRDA:201,10,1,0
BRF:22
BRH:0
end_of_record
TN:
SF:src\features\cash-register\components\cash-register-close-dialog.tsx
FN:26,CashRegisterCloseDialog
FN:61,(anonymous_1)
FN:72,(anonymous_2)
FN:77,(anonymous_3)
FNF:4
FNH:0
FNDA:0,CashRegisterCloseDialog
FNDA:0,(anonymous_1)
FNDA:0,(anonymous_2)
FNDA:0,(anonymous_3)
DA:37,0
DA:61,0
DA:72,0
DA:77,0
LF:4
LH:0
BRF:0
BRH:0
end_of_record
TN:
SF:src\features\cash-register\components\cash-register-history-detail-dialog.tsx
FN:43,CashRegisterHistoryDetailDialog
FN:112,(anonymous_1)
FNF:2
FNH:0
FNDA:0,CashRegisterHistoryDetailDialog
FNDA:0,(anonymous_1)
DA:49,0
DA:113,0
DA:114,0
LF:3
LH:0
BRDA:55,0,0,0
BRDA:55,0,1,0
BRDA:61,1,0,0
BRDA:61,1,1,0
BRDA:69,2,0,0
BRDA:69,2,1,0
BRDA:81,3,0,0
BRDA:81,3,1,0
BRDA:87,4,0,0
BRDA:87,4,1,0
BRDA:93,5,0,0
BRDA:93,5,1,0
BRDA:124,6,0,0
BRDA:124,6,1,0
BRDA:134,7,0,0
BRDA:134,7,1,0
BRDA:135,8,0,0
BRDA:135,8,1,0
BRF:18
BRH:0
end_of_record
TN:
SF:src\features\cash-register\components\cash-register-history-table.tsx
FN:29,CashRegisterHistoryTable
FN:56,(anonymous_1)
FN:81,(anonymous_2)
FNF:3
FNH:0
FNDA:0,CashRegisterHistoryTable
FNDA:0,(anonymous_1)
FNDA:0,(anonymous_2)
DA:30,0
DA:31,0
DA:36,0
DA:37,0
DA:42,0
DA:57,0
DA:58,0
DA:81,0
LF:8
LH:0
BRDA:30,0,0,0
BRDA:30,0,1,0
BRDA:36,1,0,0
BRDA:36,1,1,0
BRDA:57,2,0,0
BRDA:57,2,1,0
BRDA:62,3,0,0
BRDA:62,3,1,0
BRDA:65,4,0,0
BRDA:65,4,1,0
BRDA:66,5,0,0
BRDA:66,5,1,0
BRDA:68,6,0,0
BRDA:68,6,1,0
BRDA:69,7,0,0
BRDA:69,7,1,0
BRDA:71,8,0,0
BRDA:71,8,1,0
BRF:18
BRH:0
end_of_record
TN:
SF:src\features\cash-register\components\cash-register-movement-dialog.tsx
FN:25,CashRegisterMovementDialog
FN:52,(anonymous_1)
FN:65,(anonymous_2)
FN:75,(anonymous_3)
FN:80,(anonymous_4)
FNF:5
FNH:0
FNDA:0,CashRegisterMovementDialog
FNDA:0,(anonymous_1)
FNDA:0,(anonymous_2)
FNDA:0,(anonymous_3)
FNDA:0,(anonymous_4)
DA:37,0
DA:52,0
DA:65,0
DA:75,0
DA:80,0
LF:5
LH:0
BRF:0
BRH:0
end_of_record
TN:
SF:src\features\cash-register\components\cash-register-movements-table.tsx
FN:27,CashRegisterMovementsTable
FN:56,(anonymous_1)
FNF:2
FNH:0
FNDA:0,CashRegisterMovementsTable
FNDA:0,(anonymous_1)
DA:28,0
DA:29,0
DA:36,0
DA:37,0
DA:44,0
DA:57,0
DA:58,0
LF:7
LH:0
BRDA:28,0,0,0
BRDA:28,0,1,0
BRDA:36,1,0,0
BRDA:36,1,1,0
BRDA:36,2,0,0
BRDA:36,2,1,0
BRDA:70,3,0,0
BRDA:70,3,1,0
BRDA:80,4,0,0
BRDA:80,4,1,0
BRDA:81,5,0,0
BRDA:81,5,1,0
BRF:12
BRH:0
end_of_record
TN:
SF:src\features\cash-register\components\cash-register-open-dialog.tsx
FN:24,CashRegisterOpenDialog
FN:50,(anonymous_1)
FN:60,(anonymous_2)
FN:65,(anonymous_3)
FNF:4
FNH:0
FNDA:0,CashRegisterOpenDialog
FNDA:0,(anonymous_1)
FNDA:0,(anonymous_2)
FNDA:0,(anonymous_3)
DA:34,0
DA:50,0
DA:60,0
DA:65,0
LF:4
LH:0
BRF:0
BRH:0
end_of_record
TN:
SF:src\features\cash-register\hooks\use-cash-register.ts
FN:15,useCashRegister
FN:39,(anonymous_1)
FN:45,(anonymous_2)
FN:51,(anonymous_3)
FN:57,(anonymous_4)
FN:63,(anonymous_5)
FN:69,(anonymous_6)
FN:76,(anonymous_7)
FN:82,(anonymous_8)
FN:87,(anonymous_9)
FN:97,(anonymous_10)
FN:102,(anonymous_11)
FN:111,(anonymous_12)
FN:116,(anonymous_13)
FN:123,(anonymous_14)
FN:127,(anonymous_15)
FN:130,(anonymous_16)
FN:139,(anonymous_17)
FN:140,(anonymous_18)
FN:143,(anonymous_19)
FN:144,(anonymous_20)
FNF:21
FNH:0
FNDA:0,useCashRegister
FNDA:0,(anonymous_1)
FNDA:0,(anonymous_2)
FNDA:0,(anonymous_3)
FNDA:0,(anonymous_4)
FNDA:0,(anonymous_5)
FNDA:0,(anonymous_6)
FNDA:0,(anonymous_7)
FNDA:0,(anonymous_8)
FNDA:0,(anonymous_9)
FNDA:0,(anonymous_10)
FNDA:0,(anonymous_11)
FNDA:0,(anonymous_12)
FNDA:0,(anonymous_13)
FNDA:0,(anonymous_14)
FNDA:0,(anonymous_15)
FNDA:0,(anonymous_16)
FNDA:0,(anonymous_17)
FNDA:0,(anonymous_18)
FNDA:0,(anonymous_19)
FNDA:0,(anonymous_20)
DA:16,0
DA:19,0
DA:20,0
DA:21,0
DA:22,0
DA:23,0
DA:24,0
DA:25,0
DA:28,0
DA:29,0
DA:30,0
DA:31,0
DA:32,0
DA:33,0
DA:34,0
DA:37,0
DA:39,0
DA:43,0
DA:45,0
DA:49,0
DA:51,0
DA:55,0
DA:57,0
DA:61,0
DA:63,0
DA:67,0
DA:69,0
DA:74,0
DA:77,0
DA:78,0
DA:79,0
DA:80,0
DA:82,0
DA:85,0
DA:88,0
DA:89,0
DA:90,0
DA:91,0
DA:92,0
DA:93,0
DA:94,0
DA:95,0
DA:97,0
DA:100,0
DA:103,0
DA:106,0
DA:107,0
DA:108,0
DA:109,0
DA:111,0
DA:114,0
DA:117,0
DA:118,0
DA:119,0
DA:120,0
DA:121,0
DA:123,0
DA:127,0
DA:128,0
DA:129,0
DA:130,0
DA:131,0
DA:132,0
DA:135,0
DA:138,0
DA:139,0
DA:140,0
DA:142,0
DA:143,0
DA:144,0
DA:146,0
DA:148,0
LF:72
LH:0
BRDA:43,0,0,0
BRDA:55,1,0,0
BRDA:58,2,0,0
BRDA:58,2,1,0
BRDA:82,3,0,0
BRDA:82,3,1,0
BRDA:97,4,0,0
BRDA:97,4,1,0
BRDA:111,5,0,0
BRDA:111,5,1,0
BRDA:123,6,0,0
BRDA:123,6,1,0
BRDA:128,7,0,0
BRDA:128,7,1,0
BRDA:128,8,0,0
BRDA:128,8,1,0
BRDA:131,9,0,0
BRDA:131,9,1,0
BRDA:132,10,0,0
BRDA:132,10,1,0
BRDA:138,11,0,0
BRDA:138,11,1,0
BRDA:142,12,0,0
BRDA:142,12,1,0
BRDA:146,13,0,0
BRDA:146,13,1,0
BRF:26
BRH:0
end_of_record
TN:
SF:src\features\check-ins\check-ins-page.tsx
FN:27,CheckInsPage
FN:33,(anonymous_1)
FN:35,(anonymous_2)
FN:42,(anonymous_3)
FN:49,(anonymous_4)
FN:55,(anonymous_5)
FN:61,(anonymous_6)
FN:66,(anonymous_7)
FN:74,(anonymous_8)
FN:122,(anonymous_9)
FN:166,(anonymous_10)
FN:203,(anonymous_11)
FN:238,(anonymous_12)
FNF:13
FNH:0
FNDA:0,CheckInsPage
FNDA:0,(anonymous_1)
FNDA:0,(anonymous_2)
FNDA:0,(anonymous_3)
FNDA:0,(anonymous_4)
FNDA:0,(anonymous_5)
FNDA:0,(anonymous_6)
FNDA:0,(anonymous_7)
FNDA:0,(anonymous_8)
FNDA:0,(anonymous_9)
FNDA:0,(anonymous_10)
FNDA:0,(anonymous_11)
FNDA:0,(anonymous_12)
DA:28,0
DA:30,0
DA:31,0
DA:33,0
DA:34,0
DA:35,0
DA:38,0
DA:40,0
DA:42,0
DA:47,0
DA:49,0
DA:53,0
DA:56,0
DA:57,0
DA:58,0
DA:59,0
DA:61,0
DA:64,0
DA:66,0
DA:67,0
DA:68,0
DA:69,0
DA:71,0
DA:74,0
DA:75,0
DA:76,0
DA:77,0
DA:81,0
DA:123,0
DA:124,0
DA:126,0
DA:128,0
DA:167,0
DA:204,0
DA:238,0
LF:35
LH:0
BRDA:40,0,0,0
BRDA:47,1,0,0
BRDA:67,2,0,0
BRDA:67,2,1,0
BRDA:75,3,0,0
BRDA:75,3,1,0
BRDA:107,4,0,0
BRDA:107,4,1,0
BRDA:112,5,0,0
BRDA:112,5,1,0
BRDA:114,6,0,0
BRDA:114,6,1,0
BRDA:126,7,0,0
BRDA:126,7,1,0
BRDA:147,8,0,0
BRDA:147,8,1,0
BRDA:165,9,0,0
BRDA:165,9,1,0
BRDA:193,10,0,0
BRDA:193,10,1,0
BRDA:195,11,0,0
BRDA:195,11,1,0
BRDA:220,12,0,0
BRDA:220,12,1,0
BRDA:225,13,0,0
BRDA:225,13,1,0
BRF:26
BRH:0
end_of_record
TN:
SF:src\features\check-ins\server.ts
FN:23,validateCheckIn
FN:77,(anonymous_1)
FN:139,(anonymous_2)
FN:140,(anonymous_3)
FN:167,(anonymous_4)
FN:168,(anonymous_5)
FN:196,(anonymous_6)
FNF:7
FNH:1
FNDA:8,validateCheckIn
FNDA:0,(anonymous_1)
FNDA:0,(anonymous_2)
FNDA:0,(anonymous_3)
FNDA:0,(anonymous_4)
FNDA:0,(anonymous_5)
FNDA:0,(anonymous_6)
DA:27,8
DA:30,8
DA:31,7
DA:32,7
DA:33,6
DA:34,6
DA:37,5
DA:38,5
DA:49,5
DA:50,2
DA:51,2
DA:52,1
DA:56,4
DA:58,2
DA:65,2
DA:66,1
DA:68,1
DA:72,2
DA:73,2
DA:75,2
DA:76,0
DA:77,0
DA:78,0
DA:80,0
DA:81,0
DA:88,0
DA:89,0
DA:90,0
DA:91,0
DA:92,0
DA:97,0
DA:98,0
DA:106,2
DA:107,0
DA:108,0
DA:110,0
DA:122,0
DA:123,0
DA:131,2
DA:134,1
DA:138,1
DA:139,0
DA:141,0
DA:142,0
DA:145,0
DA:158,1
DA:166,1
DA:167,0
DA:169,0
DA:173,0
DA:175,0
DA:187,0
DA:196,0
DA:198,0
LF:54
LH:26
BRDA:30,0,0,1
BRDA:30,0,1,7
BRDA:31,1,0,1
BRDA:31,1,1,6
BRDA:33,2,0,1
BRDA:33,2,1,5
BRDA:49,3,0,2
BRDA:49,3,1,3
BRDA:51,4,0,1
BRDA:51,4,1,1
BRDA:56,5,0,2
BRDA:56,5,1,2
BRDA:65,6,0,1
BRDA:65,6,1,1
BRDA:65,7,0,2
BRDA:65,7,1,1
BRDA:73,8,0,2
BRDA:73,8,1,0
BRDA:75,9,0,0
BRDA:75,9,1,2
BRDA:75,10,0,2
BRDA:75,10,1,2
BRDA:80,11,0,0
BRDA:80,11,1,0
BRDA:89,12,0,0
BRDA:89,12,1,0
BRDA:90,13,0,0
BRDA:90,13,1,0
BRDA:91,14,0,0
BRDA:91,14,1,0
BRDA:91,15,0,0
BRDA:91,15,1,0
BRDA:97,16,0,0
BRDA:97,16,1,0
BRDA:97,17,0,0
BRDA:97,17,1,0
BRDA:106,18,0,0
BRDA:106,18,1,2
BRDA:106,19,0,2
BRDA:106,19,1,0
BRDA:122,20,0,0
BRDA:122,20,1,0
BRDA:142,21,0,0
BRDA:142,21,1,0
BRDA:183,22,0,0
BRDA:183,22,1,0
BRF:46
BRH:22
end_of_record
TN:
SF:src\features\classes\classes-page.tsx
FN:97,(anonymous_0)
FN:119,ClassesPage
FN:155,(anonymous_2)
FN:161,(anonymous_3)
FN:176,(anonymous_4)
FN:187,(anonymous_5)
FN:188,(anonymous_6)
FN:189,(anonymous_7)
FN:198,(anonymous_8)
FN:203,(anonymous_9)
FN:208,(anonymous_10)
FN:213,(anonymous_11)
FN:218,(anonymous_12)
FN:223,(anonymous_13)
FN:228,(anonymous_14)
FN:239,(anonymous_15)
FN:244,(anonymous_16)
FN:249,(anonymous_17)
FN:254,(anonymous_18)
FN:259,(anonymous_19)
FN:264,(anonymous_20)
FN:269,(anonymous_21)
FN:272,handleOpenClassDialog
FN:293,handleClassSubmit
FN:304,handleDeleteClass
FN:310,handleOpenScheduleDialog
FN:315,handleAddSchedule
FN:328,handleRemoveSchedule
FN:332,handleConfirmRemoveSchedule
FN:339,handleOpenBookingDialog
FN:368,(anonymous_30)
FN:383,(anonymous_31)
FN:424,(anonymous_32)
FN:465,(anonymous_33)
FN:559,(anonymous_34)
FN:566,(anonymous_35)
FN:581,(anonymous_36)
FN:618,(anonymous_37)
FN:620,(anonymous_38)
FN:638,(anonymous_39)
FN:666,(anonymous_40)
FN:674,(anonymous_41)
FN:683,(anonymous_42)
FN:714,(anonymous_43)
FN:724,(anonymous_44)
FN:729,(anonymous_45)
FN:738,(anonymous_46)
FN:762,(anonymous_47)
FN:814,(anonymous_48)
FN:843,(anonymous_49)
FN:855,(anonymous_50)
FN:898,(anonymous_51)
FN:909,(anonymous_52)
FN:918,(anonymous_53)
FN:928,(anonymous_54)
FN:941,(anonymous_55)
FN:954,(anonymous_56)
FN:983,(anonymous_57)
FN:1008,(anonymous_58)
FN:1033,(anonymous_59)
FN:1049,(anonymous_60)
FN:1057,(anonymous_61)
FN:1069,(anonymous_62)
FN:1083,(anonymous_63)
FN:1096,(anonymous_64)
FN:1140,(anonymous_65)
FN:1163,(anonymous_66)
FN:1175,(anonymous_67)
FNF:68
FNH:0
FNDA:0,(anonymous_0)
FNDA:0,ClassesPage
FNDA:0,(anonymous_2)
FNDA:0,(anonymous_3)
FNDA:0,(anonymous_4)
FNDA:0,(anonymous_5)
FNDA:0,(anonymous_6)
FNDA:0,(anonymous_7)
FNDA:0,(anonymous_8)
FNDA:0,(anonymous_9)
FNDA:0,(anonymous_10)
FNDA:0,(anonymous_11)
FNDA:0,(anonymous_12)
FNDA:0,(anonymous_13)
FNDA:0,(anonymous_14)
FNDA:0,(anonymous_15)
FNDA:0,(anonymous_16)
FNDA:0,(anonymous_17)
FNDA:0,(anonymous_18)
FNDA:0,(anonymous_19)
FNDA:0,(anonymous_20)
FNDA:0,(anonymous_21)
FNDA:0,handleOpenClassDialog
FNDA:0,handleClassSubmit
FNDA:0,handleDeleteClass
FNDA:0,handleOpenScheduleDialog
FNDA:0,handleAddSchedule
FNDA:0,handleRemoveSchedule
FNDA:0,handleConfirmRemoveSchedule
FNDA:0,handleOpenBookingDialog
FNDA:0,(anonymous_30)
FNDA:0,(anonymous_31)
FNDA:0,(anonymous_32)
FNDA:0,(anonymous_33)
FNDA:0,(anonymous_34)
FNDA:0,(anonymous_35)
FNDA:0,(anonymous_36)
FNDA:0,(anonymous_37)
FNDA:0,(anonymous_38)
FNDA:0,(anonymous_39)
FNDA:0,(anonymous_40)
FNDA:0,(anonymous_41)
FNDA:0,(anonymous_42)
FNDA:0,(anonymous_43)
FNDA:0,(anonymous_44)
FNDA:0,(anonymous_45)
FNDA:0,(anonymous_46)
FNDA:0,(anonymous_47)
FNDA:0,(anonymous_48)
FNDA:0,(anonymous_49)
FNDA:0,(anonymous_50)
FNDA:0,(anonymous_51)
FNDA:0,(anonymous_52)
FNDA:0,(anonymous_53)
FNDA:0,(anonymous_54)
FNDA:0,(anonymous_55)
FNDA:0,(anonymous_56)
FNDA:0,(anonymous_57)
FNDA:0,(anonymous_58)
FNDA:0,(anonymous_59)
FNDA:0,(anonymous_60)
FNDA:0,(anonymous_61)
FNDA:0,(anonymous_62)
FNDA:0,(anonymous_63)
FNDA:0,(anonymous_64)
FNDA:0,(anonymous_65)
FNDA:0,(anonymous_66)
FNDA:0,(anonymous_67)
DA:75,0
DA:86,0
DA:87,0
DA:97,0
DA:98,0
DA:99,0
DA:105,0
DA:111,0
DA:120,0
DA:121,0
DA:122,0
DA:123,0
DA:125,0
DA:126,0
DA:133,0
DA:134,0
DA:136,0
DA:137,0
DA:144,0
DA:145,0
DA:149,0
DA:150,0
DA:151,0
DA:153,0
DA:155,0
DA:159,0
DA:161,0
DA:165,0
DA:168,0
DA:171,0
DA:174,0
DA:176,0
DA:185,0
DA:187,0
DA:189,0
DA:190,0
DA:196,0
DA:199,0
DA:200,0
DA:201,0
DA:203,0
DA:206,0
DA:209,0
DA:210,0
DA:211,0
DA:213,0
DA:216,0
DA:219,0
DA:220,0
DA:221,0
DA:223,0
DA:226,0
DA:229,0
DA:230,0
DA:231,0
DA:232,0
DA:239,0
DA:242,0
DA:245,0
DA:246,0
DA:247,0
DA:249,0
DA:252,0
DA:255,0
DA:256,0
DA:257,0
DA:259,0
DA:262,0
DA:265,0
DA:266,0
DA:267,0
DA:269,0
DA:273,0
DA:274,0
DA:275,0
DA:282,0
DA:283,0
DA:290,0
DA:294,0
DA:295,0
DA:296,0
DA:300,0
DA:305,0
DA:306,0
DA:311,0
DA:312,0
DA:316,0
DA:317,0
DA:329,0
DA:333,0
DA:334,0
DA:335,0
DA:340,0
DA:341,0
DA:344,0
DA:368,0
DA:383,0
DA:424,0
DA:465,0
DA:559,0
DA:567,0
DA:581,0
DA:619,0
DA:621,0
DA:639,0
DA:666,0
DA:674,0
DA:684,0
DA:685,0
DA:715,0
DA:725,0
DA:730,0
DA:739,0
DA:742,0
DA:745,0
DA:746,0
DA:749,0
DA:750,0
DA:762,0
DA:815,0
DA:844,0
DA:856,0
DA:899,0
DA:910,0
DA:919,0
DA:928,0
DA:942,0
DA:954,0
DA:983,0
DA:1009,0
DA:1033,0
DA:1050,0
DA:1058,0
DA:1070,0
DA:1084,0
DA:1097,0
DA:1141,0
DA:1164,0
DA:1176,0
LF:139
LH:0
BRDA:153,0,0,0
BRDA:159,1,0,0
BRDA:174,2,0,0
BRDA:179,3,0,0
BRDA:179,3,1,0
BRDA:180,4,0,0
BRDA:180,4,1,0
BRDA:185,5,0,0
BRDA:273,6,0,0
BRDA:273,6,1,0
BRDA:277,7,0,0
BRDA:277,7,1,0
BRDA:278,8,0,0
BRDA:278,8,1,0
BRDA:295,9,0,0
BRDA:295,9,1,0
BRDA:305,10,0,0
BRDA:305,10,1,0
BRDA:316,11,0,0
BRDA:316,11,1,0
BRDA:323,12,0,0
BRDA:323,12,1,0
BRDA:333,13,0,0
BRDA:333,13,1,0
BRDA:359,14,0,0
BRDA:359,14,1,0
BRDA:361,15,0,0
BRDA:361,15,1,0
BRDA:366,16,0,0
BRDA:366,16,1,0
BRDA:366,16,2,0
BRDA:386,17,0,0
BRDA:386,17,1,0
BRDA:394,18,0,0
BRDA:394,18,1,0
BRDA:402,19,0,0
BRDA:402,19,1,0
BRDA:413,20,0,0
BRDA:413,20,1,0
BRDA:427,21,0,0
BRDA:427,21,1,0
BRDA:435,22,0,0
BRDA:435,22,1,0
BRDA:443,23,0,0
BRDA:443,23,1,0
BRDA:454,24,0,0
BRDA:454,24,1,0
BRDA:468,25,0,0
BRDA:468,25,1,0
BRDA:476,26,0,0
BRDA:476,26,1,0
BRDA:484,27,0,0
BRDA:484,27,1,0
BRDA:495,28,0,0
BRDA:495,28,1,0
BRDA:547,29,0,0
BRDA:547,29,1,0
BRDA:600,30,0,0
BRDA:600,30,1,0
BRDA:611,31,0,0
BRDA:611,31,1,0
BRDA:617,32,0,0
BRDA:617,32,1,0
BRDA:627,33,0,0
BRDA:627,33,1,0
BRDA:650,34,0,0
BRDA:650,34,1,0
BRDA:657,35,0,0
BRDA:657,35,1,0
BRDA:660,36,0,0
BRDA:660,36,1,0
BRDA:679,37,0,0
BRDA:679,37,1,0
BRDA:705,38,0,0
BRDA:705,38,1,0
BRDA:749,39,0,0
BRDA:749,39,1,0
BRDA:770,40,0,0
BRDA:770,40,1,0
BRDA:785,41,0,0
BRDA:785,41,1,0
BRDA:797,42,0,0
BRDA:797,42,1,0
BRDA:803,43,0,0
BRDA:803,43,1,0
BRDA:817,44,0,0
BRDA:817,44,1,0
BRDA:821,45,0,0
BRDA:821,45,1,0
BRDA:831,46,0,0
BRDA:831,46,1,0
BRDA:835,47,0,0
BRDA:835,47,1,0
BRDA:838,48,0,0
BRDA:838,48,1,0
BRDA:883,49,0,0
BRDA:883,49,1,0
BRDA:886,50,0,0
BRDA:886,50,1,0
BRDA:923,51,0,0
BRDA:923,51,1,0
BRDA:961,52,0,0
BRDA:961,52,1,0
BRDA:993,53,0,0
BRDA:993,53,1,0
BRDA:1003,54,0,0
BRDA:1003,54,1,0
BRDA:1023,55,0,0
BRDA:1023,55,1,0
BRDA:1111,56,0,0
BRDA:1111,56,1,0
BRDA:1124,57,0,0
BRDA:1124,57,1,0
BRDA:1135,58,0,0
BRDA:1135,58,1,0
BRDA:1155,59,0,0
BRDA:1155,59,1,0
BRDA:1158,60,0,0
BRDA:1158,60,1,0
BRF:119
BRH:0
end_of_record
TN:
SF:src\features\classes\server.ts
FN:21,(anonymous_0)
FN:31,(anonymous_1)
FN:32,(anonymous_2)
FN:49,(anonymous_3)
FN:50,(anonymous_4)
FN:83,(anonymous_5)
FN:84,(anonymous_6)
FN:112,(anonymous_7)
FN:113,(anonymous_8)
FN:135,(anonymous_9)
FN:136,(anonymous_10)
FN:163,(anonymous_11)
FN:164,(anonymous_12)
FN:185,(anonymous_13)
FN:186,(anonymous_14)
FN:199,(anonymous_15)
FN:231,(anonymous_16)
FN:232,(anonymous_17)
FN:279,(anonymous_18)
FN:280,(anonymous_19)
FN:300,(anonymous_20)
FN:308,(anonymous_21)
FN:309,(anonymous_22)
FN:332,(anonymous_23)
FN:342,(anonymous_24)
FN:350,(anonymous_25)
FN:365,(anonymous_26)
FN:366,(anonymous_27)
FN:414,(anonymous_28)
FN:415,(anonymous_29)
FN:438,(anonymous_30)
FNF:31
FNH:0
FNDA:0,(anonymous_0)
FNDA:0,(anonymous_1)
FNDA:0,(anonymous_2)
FNDA:0,(anonymous_3)
FNDA:0,(anonymous_4)
FNDA:0,(anonymous_5)
FNDA:0,(anonymous_6)
FNDA:0,(anonymous_7)
FNDA:0,(anonymous_8)
FNDA:0,(anonymous_9)
FNDA:0,(anonymous_10)
FNDA:0,(anonymous_11)
FNDA:0,(anonymous_12)
FNDA:0,(anonymous_13)
FNDA:0,(anonymous_14)
FNDA:0,(anonymous_15)
FNDA:0,(anonymous_16)
FNDA:0,(anonymous_17)
FNDA:0,(anonymous_18)
FNDA:0,(anonymous_19)
FNDA:0,(anonymous_20)
FNDA:0,(anonymous_21)
FNDA:0,(anonymous_22)
FNDA:0,(anonymous_23)
FNDA:0,(anonymous_24)
FNDA:0,(anonymous_25)
FNDA:0,(anonymous_26)
FNDA:0,(anonymous_27)
FNDA:0,(anonymous_28)
FNDA:0,(anonymous_29)
FNDA:0,(anonymous_30)
DA:17,0
DA:22,0
DA:23,0
DA:30,0
DA:31,0
DA:33,0
DA:34,0
DA:40,0
DA:48,0
DA:49,0
DA:51,0
DA:54,0
DA:64,0
DA:71,0
DA:74,0
DA:82,0
DA:83,0
DA:85,0
DA:88,0
DA:99,0
DA:106,0
DA:109,0
DA:111,0
DA:112,0
DA:114,0
DA:115,0
DA:116,0
DA:123,0
DA:126,0
DA:134,0
DA:135,0
DA:137,0
DA:140,0
DA:150,0
DA:157,0
DA:160,0
DA:162,0
DA:163,0
DA:165,0
DA:168,0
DA:169,0
DA:176,0
DA:179,0
DA:184,0
DA:185,0
DA:187,0
DA:188,0
DA:190,0
DA:191,0
DA:195,0
DA:196,0
DA:199,0
DA:204,0
DA:205,0
DA:213,0
DA:225,0
DA:230,0
DA:231,0
DA:233,0
DA:237,0
DA:241,0
DA:243,0
DA:253,0
DA:254,0
DA:257,0
DA:265,0
DA:273,0
DA:276,0
DA:278,0
DA:279,0
DA:281,0
DA:284,0
DA:289,0
DA:298,0
DA:300,0
DA:302,0
DA:305,0
DA:307,0
DA:308,0
DA:310,0
DA:313,0
DA:318,0
DA:325,0
DA:328,0
DA:333,0
DA:335,0
DA:341,0
DA:342,0
DA:348,0
DA:351,0
DA:352,0
DA:359,0
DA:364,0
DA:365,0
DA:367,0
DA:370,0
DA:374,0
DA:376,0
DA:386,0
DA:387,0
DA:392,0
DA:400,0
DA:408,0
DA:411,0
DA:413,0
DA:414,0
DA:416,0
DA:417,0
DA:421,0
DA:428,0
DA:436,0
DA:439,0
DA:441,0
DA:446,0
DA:449,0
DA:453,0
DA:455,0
DA:465,0
DA:468,0
DA:474,0
DA:476,0
DA:484,0
LF:122
LH:0
BRDA:24,0,0,0
BRDA:24,0,1,0
BRDA:61,1,0,0
BRDA:61,1,1,0
BRDA:190,2,0,0
BRDA:190,2,1,0
BRDA:195,3,0,0
BRDA:195,3,1,0
BRDA:204,4,0,0
BRDA:204,4,1,0
BRDA:214,5,0,0
BRDA:214,5,1,0
BRDA:241,6,0,0
BRDA:241,6,1,0
BRDA:253,7,0,0
BRDA:253,7,1,0
BRDA:341,8,0,0
BRDA:341,8,1,0
BRDA:374,9,0,0
BRDA:374,9,1,0
BRDA:386,10,0,0
BRDA:386,10,1,0
BRDA:446,11,0,0
BRDA:446,11,1,0
BRDA:453,12,0,0
BRDA:453,12,1,0
BRDA:465,13,0,0
BRDA:465,13,1,0
BRF:28
BRH:0
end_of_record
TN:
SF:src\features\corporate-accounts\corporate-accounts-page.tsx
FN:50,CorporateAccountsPage
FN:60,(anonymous_1)
FN:64,(anonymous_2)
FN:68,(anonymous_3)
FN:69,(anonymous_4)
FN:73,(anonymous_5)
FN:78,(anonymous_6)
FN:83,(anonymous_7)
FN:88,(anonymous_8)
FN:93,(anonymous_9)
FN:98,(anonymous_10)
FN:114,(anonymous_11)
FN:166,(anonymous_12)
FN:187,(anonymous_13)
FN:198,(anonymous_14)
FN:208,(anonymous_15)
FN:218,(anonymous_16)
FN:235,(anonymous_17)
FN:243,(anonymous_18)
FN:256,(anonymous_19)
FN:269,(anonymous_20)
FN:284,(anonymous_21)
FN:295,(anonymous_22)
FN:302,(anonymous_23)
FN:305,(anonymous_24)
FN:312,(anonymous_25)
FN:325,(anonymous_26)
FN:331,(anonymous_27)
FN:339,CorporateAccountFormDialog
FN:362,(anonymous_29)
FN:390,(anonymous_30)
FN:395,(anonymous_31)
FN:399,(anonymous_32)
FN:404,(anonymous_33)
FN:408,(anonymous_34)
FN:412,(anonymous_35)
FN:416,(anonymous_36)
FN:421,(anonymous_37)
FN:434,Field
FN:447,CorporateAccountDetailDialog
FN:456,(anonymous_40)
FN:462,(anonymous_41)
FN:467,(anonymous_42)
FN:558,(anonymous_43)
FN:559,(anonymous_44)
FN:587,(anonymous_45)
FNF:46
FNH:0
FNDA:0,CorporateAccountsPage
FNDA:0,(anonymous_1)
FNDA:0,(anonymous_2)
FNDA:0,(anonymous_3)
FNDA:0,(anonymous_4)
FNDA:0,(anonymous_5)
FNDA:0,(anonymous_6)
FNDA:0,(anonymous_7)
FNDA:0,(anonymous_8)
FNDA:0,(anonymous_9)
FNDA:0,(anonymous_10)
FNDA:0,(anonymous_11)
FNDA:0,(anonymous_12)
FNDA:0,(anonymous_13)
FNDA:0,(anonymous_14)
FNDA:0,(anonymous_15)
FNDA:0,(anonymous_16)
FNDA:0,(anonymous_17)
FNDA:0,(anonymous_18)
FNDA:0,(anonymous_19)
FNDA:0,(anonymous_20)
FNDA:0,(anonymous_21)
FNDA:0,(anonymous_22)
FNDA:0,(anonymous_23)
FNDA:0,(anonymous_24)
FNDA:0,(anonymous_25)
FNDA:0,(anonymous_26)
FNDA:0,(anonymous_27)
FNDA:0,CorporateAccountFormDialog
FNDA:0,(anonymous_29)
FNDA:0,(anonymous_30)
FNDA:0,(anonymous_31)
FNDA:0,(anonymous_32)
FNDA:0,(anonymous_33)
FNDA:0,(anonymous_34)
FNDA:0,(anonymous_35)
FNDA:0,(anonymous_36)
FNDA:0,(anonymous_37)
FNDA:0,Field
FNDA:0,CorporateAccountDetailDialog
FNDA:0,(anonymous_40)
FNDA:0,(anonymous_41)
FNDA:0,(anonymous_42)
FNDA:0,(anonymous_43)
FNDA:0,(anonymous_44)
FNDA:0,(anonymous_45)
DA:51,0
DA:52,0
DA:53,0
DA:54,0
DA:55,0
DA:56,0
DA:58,0
DA:60,0
DA:63,0
DA:64,0
DA:67,0
DA:68,0
DA:69,0
DA:71,0
DA:74,0
DA:75,0
DA:76,0
DA:78,0
DA:81,0
DA:84,0
DA:85,0
DA:86,0
DA:88,0
DA:91,0
DA:94,0
DA:95,0
DA:96,0
DA:98,0
DA:101,0
DA:114,0
DA:167,0
DA:188,0
DA:199,0
DA:209,0
DA:219,0
DA:236,0
DA:243,0
DA:256,0
DA:269,0
DA:284,0
DA:295,0
DA:302,0
DA:305,0
DA:312,0
DA:325,0
DA:331,0
DA:354,0
DA:355,0
DA:356,0
DA:357,0
DA:358,0
DA:359,0
DA:360,0
DA:362,0
DA:363,0
DA:364,0
DA:365,0
DA:367,0
DA:379,0
DA:390,0
DA:395,0
DA:399,0
DA:404,0
DA:408,0
DA:412,0
DA:416,0
DA:421,0
DA:435,0
DA:454,0
DA:456,0
DA:460,0
DA:462,0
DA:466,0
DA:467,0
DA:559,0
DA:560,0
DA:587,0
LF:77
LH:0
BRDA:58,0,0,0
BRDA:63,1,0,0
BRDA:63,1,1,0
BRDA:64,2,0,0
BRDA:64,2,1,0
BRDA:175,3,0,0
BRDA:175,3,1,0
BRDA:189,4,0,0
BRDA:189,4,1,0
BRDA:190,5,0,0
BRDA:190,5,1,0
BRDA:191,6,0,0
BRDA:191,6,1,0
BRDA:222,7,0,0
BRDA:222,7,1,0
BRDA:227,8,0,0
BRDA:227,8,1,0
BRDA:302,9,0,0
BRDA:302,9,1,0
BRDA:315,10,0,0
BRDA:315,10,1,0
BRDA:331,11,0,0
BRDA:331,11,1,0
BRDA:354,12,0,0
BRDA:354,12,1,0
BRDA:355,13,0,0
BRDA:355,13,1,0
BRDA:356,14,0,0
BRDA:356,14,1,0
BRDA:357,15,0,0
BRDA:357,15,1,0
BRDA:358,16,0,0
BRDA:358,16,1,0
BRDA:359,17,0,0
BRDA:359,17,1,0
BRDA:360,18,0,0
BRDA:360,18,1,0
BRDA:363,19,0,0
BRDA:363,19,1,0
BRDA:369,20,0,0
BRDA:369,20,1,0
BRDA:370,21,0,0
BRDA:370,21,1,0
BRDA:371,22,0,0
BRDA:371,22,1,0
BRDA:372,23,0,0
BRDA:372,23,1,0
BRDA:373,24,0,0
BRDA:373,24,1,0
BRDA:374,25,0,0
BRDA:374,25,1,0
BRDA:375,26,0,0
BRDA:375,26,1,0
BRDA:426,27,0,0
BRDA:426,27,1,0
BRDA:438,28,0,0
BRDA:438,28,1,0
BRDA:467,29,0,0
BRDA:467,29,1,0
BRDA:472,30,0,0
BRDA:472,30,1,0
BRDA:472,31,0,0
BRDA:472,31,1,0
BRDA:476,32,0,0
BRDA:476,32,1,0
BRDA:478,33,0,0
BRDA:478,33,1,0
BRDA:482,34,0,0
BRDA:482,34,1,0
BRDA:488,35,0,0
BRDA:488,35,1,0
BRDA:494,36,0,0
BRDA:494,36,1,0
BRDA:500,37,0,0
BRDA:500,37,1,0
BRDA:506,38,0,0
BRDA:506,38,1,0
BRDA:512,39,0,0
BRDA:512,39,1,0
BRDA:521,40,0,0
BRDA:521,40,1,0
BRDA:552,41,0,0
BRDA:552,41,1,0
BRDA:565,42,0,0
BRDA:565,42,1,0
BRDA:566,43,0,0
BRDA:566,43,1,0
BRDA:566,44,0,0
BRDA:566,44,1,0
BRDA:571,45,0,0
BRDA:571,45,1,0
BRDA:573,46,0,0
BRDA:573,46,1,0
BRF:93
BRH:0
end_of_record
TN:
SF:src\features\corporate-accounts\server.ts
FN:17,(anonymous_0)
FN:26,(anonymous_1)
FN:39,(anonymous_2)
FN:60,(anonymous_3)
FN:61,(anonymous_4)
FN:78,(anonymous_5)
FN:99,(anonymous_6)
FN:100,(anonymous_7)
FN:140,(anonymous_8)
FN:141,(anonymous_9)
FN:171,(anonymous_10)
FN:172,(anonymous_11)
FN:199,(anonymous_12)
FN:200,(anonymous_13)
FN:212,(anonymous_14)
FNF:15
FNH:0
FNDA:0,(anonymous_0)
FNDA:0,(anonymous_1)
FNDA:0,(anonymous_2)
FNDA:0,(anonymous_3)
FNDA:0,(anonymous_4)
FNDA:0,(anonymous_5)
FNDA:0,(anonymous_6)
FNDA:0,(anonymous_7)
FNDA:0,(anonymous_8)
FNDA:0,(anonymous_9)
FNDA:0,(anonymous_10)
FNDA:0,(anonymous_11)
FNDA:0,(anonymous_12)
FNDA:0,(anonymous_13)
FNDA:0,(anonymous_14)
DA:16,0
DA:18,0
DA:19,0
DA:25,0
DA:27,0
DA:32,0
DA:37,0
DA:38,0
DA:39,0
DA:40,0
DA:49,0
DA:52,0
DA:56,0
DA:59,0
DA:60,0
DA:62,0
DA:63,0
DA:68,0
DA:71,0
DA:78,0
DA:84,0
DA:87,0
DA:98,0
DA:99,0
DA:101,0
DA:102,0
DA:116,0
DA:123,0
DA:126,0
DA:139,0
DA:140,0
DA:142,0
DA:143,0
DA:160,0
DA:167,0
DA:170,0
DA:171,0
DA:173,0
DA:176,0
DA:181,0
DA:186,0
DA:193,0
DA:198,0
DA:199,0
DA:201,0
DA:203,0
DA:208,0
DA:209,0
DA:212,0
DA:215,0
DA:225,0
DA:226,0
DA:228,0
LF:53
LH:0
BRDA:38,0,0,0
BRDA:38,0,1,0
BRDA:68,1,0,0
BRDA:68,1,1,0
BRDA:106,2,0,0
BRDA:106,2,1,0
BRDA:107,3,0,0
BRDA:107,3,1,0
BRDA:108,4,0,0
BRDA:108,4,1,0
BRDA:109,5,0,0
BRDA:109,5,1,0
BRDA:110,6,0,0
BRDA:110,6,1,0
BRDA:111,7,0,0
BRDA:111,7,1,0
BRDA:112,8,0,0
BRDA:112,8,1,0
BRDA:147,9,0,0
BRDA:147,9,1,0
BRDA:148,10,0,0
BRDA:148,10,1,0
BRDA:149,11,0,0
BRDA:149,11,1,0
BRDA:150,12,0,0
BRDA:150,12,1,0
BRDA:151,13,0,0
BRDA:151,13,1,0
BRDA:152,14,0,0
BRDA:152,14,1,0
BRDA:153,15,0,0
BRDA:153,15,1,0
BRDA:154,16,0,0
BRDA:154,16,1,0
BRDA:208,17,0,0
BRDA:208,17,1,0
BRDA:225,18,0,0
BRDA:225,18,1,0
BRDA:226,19,0,0
BRDA:226,19,1,0
BRDA:234,20,0,0
BRDA:234,20,1,0
BRF:42
BRH:0
end_of_record
TN:
SF:src\features\corporate-accounts\types.ts
FNF:0
FNH:0
LF:0
LH:0
BRF:0
BRH:0
end_of_record
TN:
SF:src\features\dashboard\dashboard-page.tsx
FN:19,DashboardPage
FN:24,(anonymous_1)
FNF:2
FNH:0
FNDA:0,DashboardPage
FNDA:0,(anonymous_1)
DA:20,0
DA:22,0
DA:24,0
DA:27,0
DA:28,0
DA:35,0
DA:36,0
DA:43,0
LF:8
LH:0
BRDA:24,0,0,0
BRDA:24,0,1,0
BRDA:27,1,0,0
BRDA:27,1,1,0
BRDA:35,2,0,0
BRDA:35,2,1,0
BRF:6
BRH:0
end_of_record
TN:
SF:src\features\dashboard\server.ts
FN:22,(anonymous_0)
FN:23,(anonymous_1)
FN:74,(anonymous_2)
FN:145,(anonymous_3)
FN:288,(anonymous_4)
FN:331,(anonymous_5)
FN:339,getAgeRange
FN:365,(anonymous_7)
FN:397,(anonymous_8)
FN:402,(anonymous_9)
FN:403,(anonymous_10)
FN:404,(anonymous_11)
FN:405,(anonymous_12)
FN:417,(anonymous_13)
FN:432,(anonymous_14)
FN:465,(anonymous_15)
FN:475,(anonymous_16)
FNF:17
FNH:0
FNDA:0,(anonymous_0)
FNDA:0,(anonymous_1)
FNDA:0,(anonymous_2)
FNDA:0,(anonymous_3)
FNDA:0,(anonymous_4)
FNDA:0,(anonymous_5)
FNDA:0,getAgeRange
FNDA:0,(anonymous_7)
FNDA:0,(anonymous_8)
FNDA:0,(anonymous_9)
FNDA:0,(anonymous_10)
FNDA:0,(anonymous_11)
FNDA:0,(anonymous_12)
FNDA:0,(anonymous_13)
FNDA:0,(anonymous_14)
FNDA:0,(anonymous_15)
FNDA:0,(anonymous_16)
DA:17,0
DA:21,0
DA:22,0
DA:24,0
DA:27,0
DA:28,0
DA:29,0
DA:38,0
DA:48,0
DA:57,0
DA:67,0
DA:70,0
DA:74,0
DA:77,0
DA:81,0
DA:82,0
DA:90,0
DA:92,0
DA:109,0
DA:111,0
DA:128,0
DA:130,0
DA:131,0
DA:132,0
DA:134,0
DA:145,0
DA:148,0
DA:149,0
DA:150,0
DA:168,0
DA:171,0
DA:172,0
DA:173,0
DA:174,0
DA:175,0
DA:177,0
DA:178,0
DA:193,0
DA:195,0
DA:212,0
DA:214,0
DA:226,0
DA:227,0
DA:228,0
DA:229,0
DA:230,0
DA:231,0
DA:233,0
DA:237,0
DA:238,0
DA:240,0
DA:241,0
DA:244,0
DA:248,0
DA:251,0
DA:257,0
DA:258,0
DA:259,0
DA:260,0
DA:261,0
DA:264,0
DA:286,0
DA:289,0
DA:292,0
DA:293,0
DA:308,0
DA:310,0
DA:319,0
DA:331,0
DA:342,0
DA:343,0
DA:344,0
DA:345,0
DA:346,0
DA:347,0
DA:350,0
DA:351,0
DA:352,0
DA:353,0
DA:354,0
DA:355,0
DA:356,0
DA:357,0
DA:358,0
DA:359,0
DA:360,0
DA:361,0
DA:364,0
DA:365,0
DA:366,0
DA:367,0
DA:371,0
DA:396,0
DA:398,0
DA:400,0
DA:402,0
DA:403,0
DA:404,0
DA:405,0
DA:406,0
DA:409,0
DA:411,0
DA:416,0
DA:418,0
DA:420,0
DA:421,0
DA:422,0
DA:423,0
DA:424,0
DA:431,0
DA:433,0
DA:440,0
DA:447,0
DA:448,0
DA:449,0
DA:451,0
DA:463,0
DA:464,0
DA:465,0
DA:466,0
DA:469,0
DA:474,0
DA:476,0
DA:478,0
DA:479,0
DA:481,0
DA:482,0
DA:483,0
DA:485,0
DA:488,0
DA:500,0
DA:511,0
DA:522,0
DA:530,0
LF:134
LH:0
BRDA:67,0,0,0
BRDA:67,0,1,0
BRDA:70,1,0,0
BRDA:70,1,1,0
BRDA:81,2,0,0
BRDA:81,2,1,0
BRDA:86,3,0,0
BRDA:86,3,1,0
BRDA:90,4,0,0
BRDA:90,4,1,0
BRDA:96,5,0,0
BRDA:96,5,1,0
BRDA:109,6,0,0
BRDA:109,6,1,0
BRDA:115,7,0,0
BRDA:115,7,1,0
BRDA:128,8,0,0
BRDA:128,8,1,0
BRDA:139,9,0,0
BRDA:139,9,1,0
BRDA:149,10,0,0
BRDA:149,10,1,0
BRDA:177,11,0,0
BRDA:177,11,1,0
BRDA:177,12,0,0
BRDA:177,12,1,0
BRDA:182,13,0,0
BRDA:182,13,1,0
BRDA:193,14,0,0
BRDA:193,14,1,0
BRDA:199,15,0,0
BRDA:199,15,1,0
BRDA:212,16,0,0
BRDA:212,16,1,0
BRDA:215,17,0,0
BRDA:215,17,1,0
BRDA:226,18,0,0
BRDA:226,18,1,0
BRDA:229,19,0,0
BRDA:229,19,1,0
BRDA:230,20,0,0
BRDA:230,20,1,0
BRDA:248,21,0,0
BRDA:248,21,1,0
BRDA:260,22,0,0
BRDA:260,22,1,0
BRDA:261,23,0,0
BRDA:261,23,1,0
BRDA:264,24,0,0
BRDA:264,24,1,0
BRDA:292,25,0,0
BRDA:292,25,1,0
BRDA:311,26,0,0
BRDA:311,26,1,0
BRDA:342,27,0,0
BRDA:342,27,1,0
BRDA:344,28,0,0
BRDA:344,28,1,0
BRDA:345,29,0,0
BRDA:345,29,1,0
BRDA:346,30,0,0
BRDA:346,30,1,0
BRDA:359,31,0,0
BRDA:359,31,1,0
BRDA:366,32,0,0
BRDA:366,32,1,0
BRDA:409,33,0,0
BRDA:409,33,1,0
BRDA:447,34,0,0
BRDA:447,34,1,0
BRDA:448,35,0,0
BRDA:448,35,1,0
BRDA:465,36,0,0
BRDA:465,36,1,0
BRDA:524,37,0,0
BRDA:524,37,1,0
BRDA:525,38,0,0
BRDA:525,38,1,0
BRDA:526,39,0,0
BRDA:526,39,1,0
BRF:80
BRH:0
end_of_record
TN:
SF:src\features\dashboard\components\biometric-readers.tsx
FN:5,BiometricReaders
FNF:1
FNH:0
FNDA:0,BiometricReaders
DA:6,0
LF:1
LH:0
BRF:0
BRH:0
end_of_record
TN:
SF:src\features\dashboard\components\churn-rate-widget.tsx
FN:13,ChurnRateWidget
FN:16,(anonymous_1)
FN:27,(anonymous_2)
FN:85,(anonymous_3)
FN:115,(anonymous_4)
FNF:5
FNH:0
FNDA:0,ChurnRateWidget
FNDA:0,(anonymous_1)
FNDA:0,(anonymous_2)
FNDA:0,(anonymous_3)
FNDA:0,(anonymous_4)
DA:6,0
DA:14,0
DA:16,0
DA:20,0
DA:21,0
DA:28,0
DA:36,0
DA:38,0
DA:40,0
DA:86,0
DA:87,0
DA:88,0
DA:89,0
DA:90,0
DA:116,0
LF:15
LH:0
BRDA:20,0,0,0
BRDA:20,0,1,0
BRDA:36,1,0,0
BRDA:36,1,1,0
BRDA:36,2,0,0
BRDA:36,2,1,0
BRDA:54,3,0,0
BRDA:54,3,1,0
BRDA:56,4,0,0
BRDA:56,4,1,0
BRDA:71,5,0,0
BRDA:71,5,1,0
BRDA:73,6,0,0
BRDA:73,6,1,0
BRDA:87,7,0,0
BRDA:87,7,1,0
BRDA:88,8,0,0
BRDA:88,8,1,0
BRDA:109,9,0,0
BRDA:109,9,1,0
BRF:20
BRH:0
end_of_record
TN:
SF:src\features\dashboard\components\expiring-memberships-banner.tsx
FN:8,ExpiringMembershipsBanner
FNF:1
FNH:0
FNDA:0,ExpiringMembershipsBanner
DA:11,0
DA:13,0
LF:2
LH:0
BRDA:11,0,0,0
BRDA:11,0,1,0
BRDA:22,1,0,0
BRDA:22,1,1,0
BRDA:23,2,0,0
BRDA:23,2,1,0
BRF:6
BRH:0
end_of_record
TN:
SF:src\features\dashboard\components\gender-distribution.tsx
FN:10,GenderDistribution
FNF:1
FNH:0
FNDA:0,GenderDistribution
DA:11,0
LF:1
LH:0
BRF:0
BRH:0
end_of_record
TN:
SF:src\features\dashboard\components\hourly-attendance-chart.tsx
FN:27,HourlyAttendanceChart
FN:35,(anonymous_1)
FN:39,(anonymous_2)
FNF:3
FNH:0
FNDA:0,HourlyAttendanceChart
FNDA:0,(anonymous_1)
FNDA:0,(anonymous_2)
DA:30,0
DA:31,0
DA:32,0
DA:35,0
DA:36,0
DA:39,0
DA:40,0
DA:41,0
DA:49,0
DA:51,0
DA:54,0
DA:57,0
DA:59,0
DA:61,0
DA:64,0
DA:67,0
LF:16
LH:0
BRDA:40,0,0,0
BRDA:40,0,1,0
BRDA:42,1,0,0
BRDA:42,1,1,0
BRDA:43,2,0,0
BRDA:43,2,1,0
BRDA:44,3,0,0
BRDA:44,3,1,0
BRDA:45,4,0,0
BRDA:45,4,1,0
BRDA:46,5,0,0
BRDA:46,5,1,0
BRDA:51,6,0,0
BRDA:51,6,1,0
BRDA:52,7,0,0
BRDA:52,7,1,0
BRDA:54,8,0,0
BRDA:54,8,1,0
BRDA:55,9,0,0
BRDA:55,9,1,0
BRDA:57,10,0,0
BRDA:57,10,1,0
BRDA:58,11,0,0
BRDA:58,11,1,0
BRDA:59,12,0,0
BRDA:59,12,1,0
BRDA:59,13,0,0
BRDA:59,13,1,0
BRDA:61,14,0,0
BRDA:61,14,1,0
BRDA:62,15,0,0
BRDA:62,15,1,0
BRDA:119,16,0,0
BRDA:119,16,1,0
BRF:34
BRH:0
end_of_record
TN:
SF:src\features\dashboard\components\insights-panel.tsx
FN:20,InsightsPanel
FN:23,(anonymous_1)
FN:45,(anonymous_2)
FNF:3
FNH:0
FNDA:0,InsightsPanel
FNDA:0,(anonymous_1)
FNDA:0,(anonymous_2)
DA:12,0
DA:21,0
DA:23,0
DA:27,0
DA:28,0
DA:36,0
DA:38,0
DA:46,0
DA:47,0
DA:48,0
LF:10
LH:0
BRDA:21,0,0,0
BRDA:27,1,0,0
BRDA:27,1,1,0
BRDA:36,2,0,0
BRDA:36,2,1,0
BRF:5
BRH:0
end_of_record
TN:
SF:src\features\dashboard\components\membership-trends-chart.tsx
FN:20,MembershipTrendsChart
FN:23,(anonymous_1)
FN:31,(anonymous_2)
FN:33,(anonymous_3)
FNF:4
FNH:0
FNDA:0,MembershipTrendsChart
FNDA:0,(anonymous_1)
FNDA:0,(anonymous_2)
FNDA:0,(anonymous_3)
DA:21,0
DA:23,0
DA:27,0
DA:28,0
DA:29,0
DA:31,0
DA:33,0
DA:34,0
DA:35,0
DA:37,0
DA:38,0
DA:47,0
DA:48,0
DA:58,0
DA:60,0
DA:61,0
DA:62,0
DA:63,0
DA:65,0
LF:19
LH:0
BRDA:34,0,0,0
BRDA:34,0,1,0
BRDA:35,1,0,0
BRDA:35,1,1,0
BRDA:35,2,0,0
BRDA:35,2,1,0
BRDA:35,3,0,0
BRDA:35,3,1,0
BRDA:35,4,0,0
BRDA:35,4,1,0
BRDA:35,5,0,0
BRDA:35,5,1,0
BRDA:39,6,0,0
BRDA:39,6,1,0
BRDA:39,7,0,0
BRDA:39,7,1,0
BRDA:40,8,0,0
BRDA:40,8,1,0
BRDA:40,9,0,0
BRDA:40,9,1,0
BRDA:41,10,0,0
BRDA:41,10,1,0
BRDA:41,11,0,0
BRDA:41,11,1,0
BRDA:42,12,0,0
BRDA:42,12,1,0
BRDA:42,13,0,0
BRDA:42,13,1,0
BRDA:43,14,0,0
BRDA:43,14,1,0
BRDA:43,15,0,0
BRDA:43,15,1,0
BRDA:47,16,0,0
BRDA:47,16,1,0
BRDA:58,17,0,0
BRDA:58,17,1,0
BRDA:58,18,0,0
BRDA:58,18,1,0
BRDA:61,19,0,0
BRDA:61,19,1,0
BRDA:62,20,0,0
BRDA:62,20,1,0
BRDA:86,21,0,0
BRDA:86,21,1,0
BRDA:89,22,0,0
BRDA:89,22,1,0
BRDA:90,23,0,0
BRDA:90,23,1,0
BRDA:112,24,0,0
BRDA:112,24,1,0
BRF:50
BRH:0
end_of_record
TN:
SF:src\features\dashboard\components\quick-actions-grid.tsx
FN:8,QuickActionsGrid
FNF:1
FNH:0
FNDA:0,QuickActionsGrid
DA:9,0
LF:1
LH:0
BRF:0
BRH:0
end_of_record
TN:
SF:src\features\dashboard\components\revenue-vs-goals-chart.tsx
FN:18,RevenueVsGoalsChart
FN:21,(anonymous_1)
FN:29,(anonymous_2)
FN:31,(anonymous_3)
FN:45,(anonymous_4)
FN:46,(anonymous_5)
FN:105,(anonymous_6)
FN:114,(anonymous_7)
FNF:8
FNH:0
FNDA:0,RevenueVsGoalsChart
FNDA:0,(anonymous_1)
FNDA:0,(anonymous_2)
FNDA:0,(anonymous_3)
FNDA:0,(anonymous_4)
FNDA:0,(anonymous_5)
FNDA:0,(anonymous_6)
FNDA:0,(anonymous_7)
DA:19,0
DA:21,0
DA:25,0
DA:26,0
DA:27,0
DA:29,0
DA:31,0
DA:32,0
DA:33,0
DA:35,0
DA:36,0
DA:45,0
DA:46,0
DA:47,0
DA:48,0
DA:50,0
DA:51,0
DA:61,0
DA:63,0
DA:105,0
DA:114,0
LF:21
LH:0
BRDA:32,0,0,0
BRDA:32,0,1,0
BRDA:33,1,0,0
BRDA:33,1,1,0
BRDA:33,2,0,0
BRDA:33,2,1,0
BRDA:33,3,0,0
BRDA:33,3,1,0
BRDA:33,4,0,0
BRDA:33,4,1,0
BRDA:33,5,0,0
BRDA:33,5,1,0
BRDA:37,6,0,0
BRDA:37,6,1,0
BRDA:37,7,0,0
BRDA:37,7,1,0
BRDA:38,8,0,0
BRDA:38,8,1,0
BRDA:38,9,0,0
BRDA:38,9,1,0
BRDA:39,10,0,0
BRDA:39,10,1,0
BRDA:39,11,0,0
BRDA:39,11,1,0
BRDA:40,12,0,0
BRDA:40,12,1,0
BRDA:40,13,0,0
BRDA:40,13,1,0
BRDA:41,14,0,0
BRDA:41,14,1,0
BRDA:41,15,0,0
BRDA:41,15,1,0
BRDA:45,16,0,0
BRDA:45,16,1,0
BRDA:46,17,0,0
BRDA:46,17,1,0
BRDA:47,18,0,0
BRDA:47,18,1,0
BRDA:47,19,0,0
BRDA:47,19,1,0
BRDA:48,20,0,0
BRDA:48,20,1,0
BRDA:50,21,0,0
BRDA:50,21,1,0
BRDA:61,22,0,0
BRDA:61,22,1,0
BRDA:61,23,0,0
BRDA:61,23,1,0
BRDA:75,24,0,0
BRDA:75,24,1,0
BRDA:114,25,0,0
BRDA:114,25,1,0
BRDA:114,26,0,0
BRDA:114,26,1,0
BRDA:114,27,0,0
BRDA:114,27,1,0
BRDA:115,28,0,0
BRDA:115,28,1,0
BRDA:123,29,0,0
BRDA:123,29,1,0
BRDA:124,30,0,0
BRDA:124,30,1,0
BRDA:127,31,0,0
BRDA:127,31,1,0
BRF:64
BRH:0
end_of_record
TN:
SF:src\features\dashboard\components\top-products.tsx
FN:14,TopProducts
FN:32,(anonymous_1)
FNF:2
FNH:0
FNDA:0,TopProducts
FNDA:0,(anonymous_1)
DA:15,0
DA:33,0
LF:2
LH:0
BRDA:34,0,0,0
BRDA:34,0,1,0
BRF:2
BRH:0
end_of_record
TN:
SF:src\features\employees\attendance-page.tsx
FN:42,StatChip
FN:53,EmployeeRow
FN:76,(anonymous_2)
FN:103,(anonymous_3)
FN:123,(anonymous_4)
FN:133,(anonymous_5)
FN:148,HistoryDialog
FN:157,(anonymous_7)
FN:165,(anonymous_8)
FN:185,(anonymous_9)
FN:207,AttendancePage
FN:223,(anonymous_11)
FN:227,(anonymous_12)
FN:232,(anonymous_13)
FN:236,(anonymous_14)
FN:241,(anonymous_15)
FN:245,(anonymous_16)
FN:250,(anonymous_17)
FN:257,handleClockIn
FN:261,handleClockOut
FN:265,handleMarkAbsent
FN:385,(anonymous_21)
FN:393,(anonymous_22)
FN:425,(anonymous_23)
FN:437,(anonymous_24)
FNF:25
FNH:0
FNDA:0,StatChip
FNDA:0,EmployeeRow
FNDA:0,(anonymous_2)
FNDA:0,(anonymous_3)
FNDA:0,(anonymous_4)
FNDA:0,(anonymous_5)
FNDA:0,HistoryDialog
FNDA:0,(anonymous_7)
FNDA:0,(anonymous_8)
FNDA:0,(anonymous_9)
FNDA:0,AttendancePage
FNDA:0,(anonymous_11)
FNDA:0,(anonymous_12)
FNDA:0,(anonymous_13)
FNDA:0,(anonymous_14)
FNDA:0,(anonymous_15)
FNDA:0,(anonymous_16)
FNDA:0,(anonymous_17)
FNDA:0,handleClockIn
FNDA:0,handleClockOut
FNDA:0,handleMarkAbsent
FNDA:0,(anonymous_21)
FNDA:0,(anonymous_22)
FNDA:0,(anonymous_23)
FNDA:0,(anonymous_24)
DA:43,0
DA:68,0
DA:69,0
DA:70,0
DA:72,0
DA:76,0
DA:103,0
DA:123,0
DA:133,0
DA:155,0
DA:157,0
DA:161,0
DA:163,0
DA:165,0
DA:186,0
DA:208,0
DA:209,0
DA:210,0
DA:212,0
DA:218,0
DA:219,0
DA:221,0
DA:224,0
DA:225,0
DA:227,0
DA:230,0
DA:233,0
DA:234,0
DA:236,0
DA:239,0
DA:242,0
DA:243,0
DA:245,0
DA:248,0
DA:250,0
DA:252,0
DA:258,0
DA:262,0
DA:266,0
DA:267,0
DA:271,0
DA:272,0
DA:294,0
DA:385,0
DA:394,0
DA:425,0
DA:437,0
LF:47
LH:0
BRDA:68,0,0,0
BRDA:68,0,1,0
BRDA:69,1,0,0
BRDA:69,1,1,0
BRDA:70,2,0,0
BRDA:70,2,1,0
BRDA:82,3,0,0
BRDA:82,3,1,0
BRDA:82,4,0,0
BRDA:82,4,1,0
BRDA:82,5,0,0
BRDA:82,5,1,0
BRDA:89,6,0,0
BRDA:89,6,1,0
BRDA:95,7,0,0
BRDA:95,7,1,0
BRDA:111,8,0,0
BRDA:111,8,1,0
BRDA:115,9,0,0
BRDA:115,9,1,0
BRDA:161,10,0,0
BRDA:161,10,1,0
BRDA:175,11,0,0
BRDA:175,11,1,0
BRDA:181,12,0,0
BRDA:181,12,1,0
BRDA:181,13,0,0
BRDA:181,13,1,0
BRDA:190,14,0,0
BRDA:190,14,1,0
BRDA:218,15,0,0
BRDA:218,15,1,0
BRDA:248,16,0,0
BRDA:248,16,1,0
BRDA:248,16,2,0
BRDA:252,17,0,0
BRDA:252,17,1,0
BRDA:252,17,2,0
BRDA:266,18,0,0
BRDA:266,18,1,0
BRDA:271,19,0,0
BRDA:271,19,1,0
BRDA:311,20,0,0
BRDA:311,20,1,0
BRDA:319,21,0,0
BRDA:319,21,1,0
BRDA:320,22,0,0
BRDA:320,22,1,0
BRDA:321,23,0,0
BRDA:321,23,1,0
BRDA:322,24,0,0
BRDA:322,24,1,0
BRDA:324,25,0,0
BRDA:324,25,1,0
BRDA:344,26,0,0
BRDA:344,26,1,0
BRDA:353,27,0,0
BRDA:353,27,1,0
BRDA:376,28,0,0
BRDA:376,28,1,0
BRDA:377,29,0,0
BRDA:377,29,1,0
BRDA:405,30,0,0
BRDA:405,30,1,0
BRDA:405,30,2,0
BRDA:428,31,0,0
BRDA:428,31,1,0
BRDA:434,32,0,0
BRDA:434,32,1,0
BRF:69
BRH:0
end_of_record
TN:
SF:src\features\employees\attendance-server.ts
FN:16,(anonymous_0)
FN:17,(anonymous_1)
FN:71,(anonymous_2)
FN:77,(anonymous_3)
FN:131,(anonymous_4)
FN:137,(anonymous_5)
FN:165,(anonymous_6)
FN:168,(anonymous_7)
FN:210,(anonymous_8)
FN:228,(anonymous_9)
FN:229,(anonymous_10)
FN:247,(anonymous_11)
FN:248,(anonymous_12)
FN:249,(anonymous_13)
FN:252,(anonymous_14)
FN:262,(anonymous_15)
FN:268,(anonymous_16)
FN:286,(anonymous_17)
FN:291,(anonymous_18)
FN:318,(anonymous_19)
FN:321,(anonymous_20)
FN:327,(anonymous_21)
FN:328,(anonymous_22)
FN:329,(anonymous_23)
FN:330,(anonymous_24)
FNF:25
FNH:0
FNDA:0,(anonymous_0)
FNDA:0,(anonymous_1)
FNDA:0,(anonymous_2)
FNDA:0,(anonymous_3)
FNDA:0,(anonymous_4)
FNDA:0,(anonymous_5)
FNDA:0,(anonymous_6)
FNDA:0,(anonymous_7)
FNDA:0,(anonymous_8)
FNDA:0,(anonymous_9)
FNDA:0,(anonymous_10)
FNDA:0,(anonymous_11)
FNDA:0,(anonymous_12)
FNDA:0,(anonymous_13)
FNDA:0,(anonymous_14)
FNDA:0,(anonymous_15)
FNDA:0,(anonymous_16)
FNDA:0,(anonymous_17)
FNDA:0,(anonymous_18)
FNDA:0,(anonymous_19)
FNDA:0,(anonymous_20)
FNDA:0,(anonymous_21)
FNDA:0,(anonymous_22)
FNDA:0,(anonymous_23)
FNDA:0,(anonymous_24)
DA:15,0
DA:16,0
DA:18,0
DA:20,0
DA:21,0
DA:24,0
DA:31,0
DA:32,0
DA:33,0
DA:35,0
DA:39,0
DA:40,0
DA:41,0
DA:43,0
DA:53,0
DA:57,0
DA:65,0
DA:70,0
DA:72,0
DA:78,0
DA:80,0
DA:81,0
DA:83,0
DA:90,0
DA:91,0
DA:93,0
DA:94,0
DA:98,0
DA:99,0
DA:100,0
DA:102,0
DA:113,0
DA:117,0
DA:125,0
DA:130,0
DA:132,0
DA:138,0
DA:140,0
DA:151,0
DA:159,0
DA:164,0
DA:166,0
DA:169,0
DA:171,0
DA:172,0
DA:174,0
DA:181,0
DA:182,0
DA:185,0
DA:196,0
DA:204,0
DA:209,0
DA:211,0
DA:213,0
DA:214,0
DA:216,0
DA:222,0
DA:228,0
DA:229,0
DA:230,0
DA:245,0
DA:247,0
DA:248,0
DA:250,0
DA:252,0
DA:255,0
DA:261,0
DA:263,0
DA:269,0
DA:271,0
DA:272,0
DA:274,0
DA:285,0
DA:287,0
DA:292,0
DA:294,0
DA:295,0
DA:297,0
DA:303,0
DA:304,0
DA:305,0
DA:306,0
DA:307,0
DA:308,0
DA:309,0
DA:310,0
DA:311,0
DA:314,0
DA:318,0
DA:320,0
DA:321,0
DA:327,0
DA:328,0
DA:329,0
DA:330,0
LF:95
LH:0
BRDA:31,0,0,0
BRDA:31,0,1,0
BRDA:32,1,0,0
BRDA:32,1,1,0
BRDA:41,2,0,0
BRDA:41,2,1,0
BRDA:41,2,2,0
BRDA:49,3,0,0
BRDA:49,3,1,0
BRDA:62,4,0,0
BRDA:62,4,1,0
BRDA:62,5,0,0
BRDA:62,5,1,0
BRDA:90,6,0,0
BRDA:90,6,1,0
BRDA:93,7,0,0
BRDA:93,7,1,0
BRDA:99,8,0,0
BRDA:99,8,1,0
BRDA:100,9,0,0
BRDA:100,9,1,0
BRDA:107,10,0,0
BRDA:107,10,1,0
BRDA:122,11,0,0
BRDA:122,11,1,0
BRDA:145,12,0,0
BRDA:145,12,1,0
BRDA:181,13,0,0
BRDA:181,13,1,0
BRDA:237,14,0,0
BRDA:237,14,1,0
BRDA:238,15,0,0
BRDA:238,15,1,0
BRDA:239,16,0,0
BRDA:239,16,1,0
BRDA:240,17,0,0
BRDA:240,17,1,0
BRDA:250,18,0,0
BRDA:250,18,1,0
BRDA:306,19,0,0
BRDA:306,19,1,0
BRDA:308,20,0,0
BRDA:308,20,1,0
BRDA:309,21,0,0
BRDA:309,21,1,0
BRDA:318,22,0,0
BRDA:318,22,1,0
BRDA:329,23,0,0
BRDA:329,23,1,0
BRF:49
BRH:0
end_of_record
TN:
SF:src\features\employees\attendance-types.ts
FNF:0
FNH:0
DA:8,0
DA:16,0
LF:2
LH:0
BRF:0
BRH:0
end_of_record
TN:
SF:src\features\employees\bonus-server.ts
FN:14,(anonymous_0)
FN:17,(anonymous_1)
FN:41,(anonymous_2)
FN:42,(anonymous_3)
FN:71,(anonymous_4)
FN:72,(anonymous_5)
FNF:6
FNH:0
FNDA:0,(anonymous_0)
FNDA:0,(anonymous_1)
FNDA:0,(anonymous_2)
FNDA:0,(anonymous_3)
FNDA:0,(anonymous_4)
FNDA:0,(anonymous_5)
DA:13,0
DA:15,0
DA:18,0
DA:19,0
DA:23,0
DA:32,0
DA:40,0
DA:41,0
DA:43,0
DA:45,0
DA:57,0
DA:65,0
DA:70,0
DA:71,0
DA:73,0
DA:74,0
DA:79,0
DA:87,0
LF:18
LH:0
BRDA:19,0,0,0
BRDA:19,0,1,0
BRDA:52,1,0,0
BRDA:52,1,1,0
BRF:4
BRH:0
end_of_record
TN:
SF:src\features\employees\commission-server.ts
FN:46,(anonymous_0)
FN:107,(anonymous_1)
FN:108,(anonymous_2)
FN:144,(anonymous_3)
FN:189,(anonymous_4)
FN:195,(anonymous_5)
FN:202,(anonymous_6)
FN:214,(anonymous_7)
FN:218,(anonymous_8)
FN:223,(anonymous_9)
FN:251,(anonymous_10)
FN:259,(anonymous_11)
FN:269,(anonymous_12)
FN:270,(anonymous_13)
FN:272,(anonymous_14)
FN:273,(anonymous_15)
FN:280,(anonymous_16)
FN:281,(anonymous_17)
FN:300,(anonymous_18)
FN:301,(anonymous_19)
FN:309,(anonymous_20)
FN:310,(anonymous_21)
FN:312,(anonymous_22)
FNF:23
FNH:0
FNDA:0,(anonymous_0)
FNDA:0,(anonymous_1)
FNDA:0,(anonymous_2)
FNDA:0,(anonymous_3)
FNDA:0,(anonymous_4)
FNDA:0,(anonymous_5)
FNDA:0,(anonymous_6)
FNDA:0,(anonymous_7)
FNDA:0,(anonymous_8)
FNDA:0,(anonymous_9)
FNDA:0,(anonymous_10)
FNDA:0,(anonymous_11)
FNDA:0,(anonymous_12)
FNDA:0,(anonymous_13)
FNDA:0,(anonymous_14)
FNDA:0,(anonymous_15)
FNDA:0,(anonymous_16)
FNDA:0,(anonymous_17)
FNDA:0,(anonymous_18)
FNDA:0,(anonymous_19)
FNDA:0,(anonymous_20)
FNDA:0,(anonymous_21)
FNDA:0,(anonymous_22)
DA:45,0
DA:47,0
DA:50,0
DA:56,0
DA:66,0
DA:67,0
DA:68,0
DA:79,0
DA:81,0
DA:82,0
DA:83,0
DA:84,0
DA:86,0
DA:96,0
DA:101,0
DA:106,0
DA:107,0
DA:109,0
DA:111,0
DA:112,0
DA:115,0
DA:121,0
DA:131,0
DA:132,0
DA:133,0
DA:137,0
DA:139,0
DA:140,0
DA:141,0
DA:142,0
DA:144,0
DA:145,0
DA:147,0
DA:148,0
DA:149,0
DA:159,0
DA:162,0
DA:165,0
DA:177,0
DA:189,0
DA:194,0
DA:196,0
DA:203,0
DA:205,0
DA:208,0
DA:213,0
DA:214,0
DA:218,0
DA:220,0
DA:221,0
DA:223,0
DA:228,0
DA:229,0
DA:230,0
DA:238,0
DA:241,0
DA:249,0
DA:251,0
DA:258,0
DA:260,0
DA:263,0
DA:268,0
DA:269,0
DA:270,0
DA:271,0
DA:272,0
DA:273,0
DA:276,0
DA:277,0
DA:280,0
DA:281,0
DA:283,0
DA:294,0
DA:299,0
DA:300,0
DA:302,0
DA:305,0
DA:309,0
DA:310,0
DA:311,0
DA:312,0
DA:314,0
LF:82
LH:0
BRDA:68,0,0,0
BRDA:68,0,1,0
BRDA:82,1,0,0
BRDA:82,1,1,0
BRDA:84,2,0,0
BRDA:84,2,1,0
BRDA:89,3,0,0
BRDA:89,3,1,0
BRDA:91,4,0,0
BRDA:91,4,1,0
BRDA:92,5,0,0
BRDA:92,5,1,0
BRDA:133,6,0,0
BRDA:133,6,1,0
BRDA:140,7,0,0
BRDA:140,7,1,0
BRDA:142,8,0,0
BRDA:142,8,1,0
BRDA:144,9,0,0
BRDA:144,9,1,0
BRDA:145,10,0,0
BRDA:145,10,1,0
BRDA:148,11,0,0
BRDA:148,11,1,0
BRDA:159,12,0,0
BRDA:159,12,1,0
BRDA:213,13,0,0
BRDA:213,13,1,0
BRDA:218,14,0,0
BRDA:218,14,1,0
BRDA:220,15,0,0
BRDA:220,15,1,0
BRDA:270,16,0,0
BRDA:270,16,1,0
BRDA:273,17,0,0
BRDA:273,17,1,0
BRDA:281,18,0,0
BRDA:281,18,1,0
BRF:38
BRH:0
end_of_record
TN:
SF:src\features\employees\contracts-server.ts
FN:25,(anonymous_0)
FN:26,(anonymous_1)
FN:49,(anonymous_2)
FN:50,(anonymous_3)
FN:60,(anonymous_4)
FN:61,(anonymous_5)
FNF:6
FNH:0
FNDA:0,(anonymous_0)
FNDA:0,(anonymous_1)
FNDA:0,(anonymous_2)
FNDA:0,(anonymous_3)
FNDA:0,(anonymous_4)
FNDA:0,(anonymous_5)
DA:9,0
DA:24,0
DA:25,0
DA:27,0
DA:29,0
DA:45,0
DA:48,0
DA:49,0
DA:51,0
DA:53,0
DA:59,0
DA:60,0
DA:62,0
DA:63,0
DA:64,0
LF:15
LH:0
BRDA:35,0,0,0
BRDA:35,0,1,0
BRF:2
BRH:0
end_of_record
TN:
SF:src\features\employees\documents-server.ts
FN:25,(anonymous_0)
FN:26,(anonymous_1)
FN:41,(anonymous_2)
FN:42,(anonymous_3)
FN:53,(anonymous_4)
FN:54,(anonymous_5)
FNF:6
FNH:0
FNDA:0,(anonymous_0)
FNDA:0,(anonymous_1)
FNDA:0,(anonymous_2)
FNDA:0,(anonymous_3)
FNDA:0,(anonymous_4)
FNDA:0,(anonymous_5)
DA:9,0
DA:14,0
DA:24,0
DA:25,0
DA:27,0
DA:29,0
DA:37,0
DA:40,0
DA:41,0
DA:43,0
DA:45,0
DA:52,0
DA:53,0
DA:55,0
DA:56,0
DA:57,0
LF:16
LH:0
BRF:0
BRH:0
end_of_record
TN:
SF:src\features\employees\employees-page.tsx
FN:70,StatCard
FN:98,EmptyState
FN:159,EmployeeFormDialog
FN:174,(anonymous_3)
FN:178,(anonymous_4)
FN:200,(anonymous_5)
FN:208,(anonymous_6)
FN:213,(anonymous_7)
FN:218,(anonymous_8)
FN:223,(anonymous_9)
FN:226,handleChange
FN:227,(anonymous_11)
FN:230,handleSubmit
FN:250,(anonymous_13)
FN:280,(anonymous_14)
FN:288,(anonymous_15)
FN:297,(anonymous_16)
FN:305,(anonymous_17)
FN:324,(anonymous_18)
FN:330,(anonymous_19)
FN:339,(anonymous_20)
FN:345,(anonymous_21)
FN:354,(anonymous_22)
FN:371,(anonymous_23)
FN:391,(anonymous_24)
FN:399,(anonymous_25)
FN:414,(anonymous_26)
FN:422,(anonymous_27)
FN:441,(anonymous_28)
FN:449,(anonymous_29)
FN:457,(anonymous_30)
FN:474,(anonymous_31)
FN:505,Field
FN:527,EmployeesPage
FN:546,(anonymous_34)
FN:550,(anonymous_35)
FN:553,(anonymous_36)
FN:561,handleAdd
FN:566,handleEdit
FN:571,handleDelete
FN:581,(anonymous_40)
FN:588,(anonymous_41)
FN:597,(anonymous_42)
FN:602,(anonymous_43)
FN:617,(anonymous_44)
FN:626,(anonymous_45)
FN:755,(anonymous_46)
FN:770,(anonymous_47)
FN:771,(anonymous_48)
FN:772,(anonymous_49)
FN:780,(anonymous_50)
FN:790,(anonymous_51)
FNF:52
FNH:0
FNDA:0,StatCard
FNDA:0,EmptyState
FNDA:0,EmployeeFormDialog
FNDA:0,(anonymous_3)
FNDA:0,(anonymous_4)
FNDA:0,(anonymous_5)
FNDA:0,(anonymous_6)
FNDA:0,(anonymous_7)
FNDA:0,(anonymous_8)
FNDA:0,(anonymous_9)
FNDA:0,handleChange
FNDA:0,(anonymous_11)
FNDA:0,handleSubmit
FNDA:0,(anonymous_13)
FNDA:0,(anonymous_14)
FNDA:0,(anonymous_15)
FNDA:0,(anonymous_16)
FNDA:0,(anonymous_17)
FNDA:0,(anonymous_18)
FNDA:0,(anonymous_19)
FNDA:0,(anonymous_20)
FNDA:0,(anonymous_21)
FNDA:0,(anonymous_22)
FNDA:0,(anonymous_23)
FNDA:0,(anonymous_24)
FNDA:0,(anonymous_25)
FNDA:0,(anonymous_26)
FNDA:0,(anonymous_27)
FNDA:0,(anonymous_28)
FNDA:0,(anonymous_29)
FNDA:0,(anonymous_30)
FNDA:0,(anonymous_31)
FNDA:0,Field
FNDA:0,EmployeesPage
FNDA:0,(anonymous_34)
FNDA:0,(anonymous_35)
FNDA:0,(anonymous_36)
FNDA:0,handleAdd
FNDA:0,handleEdit
FNDA:0,handleDelete
FNDA:0,(anonymous_40)
FNDA:0,(anonymous_41)
FNDA:0,(anonymous_42)
FNDA:0,(anonymous_43)
FNDA:0,(anonymous_44)
FNDA:0,(anonymous_45)
FNDA:0,(anonymous_46)
FNDA:0,(anonymous_47)
FNDA:0,(anonymous_48)
FNDA:0,(anonymous_49)
FNDA:0,(anonymous_50)
FNDA:0,(anonymous_51)
DA:66,0
DA:81,0
DA:99,0
DA:140,0
DA:168,0
DA:169,0
DA:170,0
DA:171,0
DA:174,0
DA:175,0
DA:176,0
DA:177,0
DA:179,0
DA:180,0
DA:200,0
DA:202,0
DA:206,0
DA:209,0
DA:210,0
DA:211,0
DA:213,0
DA:216,0
DA:219,0
DA:220,0
DA:221,0
DA:223,0
DA:227,0
DA:231,0
DA:232,0
DA:233,0
DA:234,0
DA:236,0
DA:237,0
DA:238,0
DA:240,0
DA:241,0
DA:243,0
DA:247,0
DA:249,0
DA:250,0
DA:280,0
DA:288,0
DA:297,0
DA:305,0
DA:324,0
DA:331,0
DA:339,0
DA:346,0
DA:354,0
DA:371,0
DA:391,0
DA:399,0
DA:414,0
DA:422,0
DA:441,0
DA:449,0
DA:457,0
DA:474,0
DA:514,0
DA:528,0
DA:529,0
DA:530,0
DA:531,0
DA:532,0
DA:534,0
DA:539,0
DA:544,0
DA:547,0
DA:548,0
DA:550,0
DA:553,0
DA:555,0
DA:562,0
DA:563,0
DA:567,0
DA:568,0
DA:572,0
DA:573,0
DA:577,0
DA:582,0
DA:588,0
DA:597,0
DA:603,0
DA:618,0
DA:626,0
DA:630,0
DA:631,0
DA:655,0
DA:755,0
DA:770,0
DA:771,0
DA:772,0
DA:781,0
DA:782,0
DA:790,0
LF:95
LH:0
BRDA:175,0,0,0
BRDA:175,0,1,0
BRDA:175,1,0,0
BRDA:175,1,1,0
BRDA:179,2,0,0
BRDA:179,2,1,0
BRDA:182,3,0,0
BRDA:182,3,1,0
BRDA:183,4,0,0
BRDA:183,4,1,0
BRDA:184,5,0,0
BRDA:184,5,1,0
BRDA:186,6,0,0
BRDA:186,6,1,0
BRDA:189,7,0,0
BRDA:189,7,1,0
BRDA:190,8,0,0
BRDA:190,8,1,0
BRDA:191,9,0,0
BRDA:191,9,1,0
BRDA:192,10,0,0
BRDA:192,10,1,0
BRDA:193,11,0,0
BRDA:193,11,1,0
BRDA:194,12,0,0
BRDA:194,12,1,0
BRDA:195,13,0,0
BRDA:195,13,1,0
BRDA:196,14,0,0
BRDA:196,14,1,0
BRDA:232,15,0,0
BRDA:232,15,1,0
BRDA:236,16,0,0
BRDA:236,16,1,0
BRDA:240,17,0,0
BRDA:240,17,1,0
BRDA:247,18,0,0
BRDA:247,18,1,0
BRDA:250,19,0,0
BRDA:250,19,1,0
BRDA:254,20,0,0
BRDA:254,20,1,0
BRDA:257,21,0,0
BRDA:257,21,1,0
BRDA:263,22,0,0
BRDA:263,22,1,0
BRDA:495,23,0,0
BRDA:495,23,1,0
BRDA:518,24,0,0
BRDA:518,24,1,0
BRDA:555,25,0,0
BRDA:555,25,1,0
BRDA:555,25,2,0
BRDA:555,25,3,0
BRDA:572,26,0,0
BRDA:572,26,1,0
BRDA:597,27,0,0
BRDA:597,27,1,0
BRDA:619,28,0,0
BRDA:619,28,1,0
BRDA:619,29,0,0
BRDA:619,29,1,0
BRDA:626,30,0,0
BRDA:626,30,1,0
BRDA:630,31,0,0
BRDA:630,31,1,0
BRDA:690,32,0,0
BRDA:690,32,1,0
BRDA:696,33,0,0
BRDA:696,33,1,0
BRDA:702,34,0,0
BRDA:702,34,1,0
BRDA:708,35,0,0
BRDA:708,35,1,0
BRDA:708,36,0,0
BRDA:708,36,1,0
BRDA:727,37,0,0
BRDA:727,37,1,0
BRDA:736,38,0,0
BRDA:736,38,1,0
BRDA:736,39,0,0
BRDA:736,39,1,0
BRDA:747,40,0,0
BRDA:747,40,1,0
BRDA:747,41,0,0
BRDA:747,41,1,0
BRDA:747,42,0,0
BRDA:747,42,1,0
BRDA:748,43,0,0
BRDA:748,43,1,0
BRDA:768,44,0,0
BRDA:768,44,1,0
BRDA:790,45,0,0
BRDA:790,45,1,0
BRF:94
BRH:0
end_of_record
TN:
SF:src\features\employees\index.ts
FNF:0
FNH:0
LF:0
LH:0
BRF:0
BRH:0
end_of_record
TN:
SF:src\features\employees\payroll-page.tsx
FN:56,GeneratePayrollDialog
FN:71,(anonymous_1)
FN:74,(anonymous_2)
FN:75,(anonymous_3)
FN:79,(anonymous_4)
FN:82,handleSubmit
FN:98,(anonymous_6)
FN:101,(anonymous_7)
FN:113,(anonymous_8)
FN:117,(anonymous_9)
FN:127,(anonymous_10)
FN:136,(anonymous_11)
FN:141,(anonymous_12)
FN:143,(anonymous_13)
FN:161,(anonymous_14)
FN:194,CreateBonusDialog
FN:209,(anonymous_16)
FN:215,(anonymous_17)
FN:218,handleSubmit_2
FN:228,(anonymous_19)
FN:244,(anonymous_20)
FN:244,(anonymous_21)
FN:253,(anonymous_22)
FN:262,(anonymous_23)
FN:271,(anonymous_24)
FN:275,(anonymous_25)
FN:292,PayrollPage
FN:298,(anonymous_27)
FN:310,(anonymous_28)
FN:315,(anonymous_29)
FN:325,(anonymous_30)
FN:341,(anonymous_31)
FN:346,(anonymous_32)
FN:351,(anonymous_33)
FN:355,(anonymous_34)
FN:358,(anonymous_35)
FN:365,(anonymous_36)
FN:387,(anonymous_37)
FN:394,(anonymous_38)
FN:477,(anonymous_39)
FN:496,(anonymous_40)
FN:525,(anonymous_41)
FN:555,(anonymous_42)
FN:563,(anonymous_43)
FN:570,(anonymous_44)
FN:604,(anonymous_45)
FN:604,(anonymous_46)
FN:611,(anonymous_47)
FN:611,(anonymous_48)
FN:617,(anonymous_49)
FN:648,(anonymous_50)
FN:653,(anonymous_51)
FN:664,(anonymous_52)
FN:665,(anonymous_53)
FNF:54
FNH:0
FNDA:0,GeneratePayrollDialog
FNDA:0,(anonymous_1)
FNDA:0,(anonymous_2)
FNDA:0,(anonymous_3)
FNDA:0,(anonymous_4)
FNDA:0,handleSubmit
FNDA:0,(anonymous_6)
FNDA:0,(anonymous_7)
FNDA:0,(anonymous_8)
FNDA:0,(anonymous_9)
FNDA:0,(anonymous_10)
FNDA:0,(anonymous_11)
FNDA:0,(anonymous_12)
FNDA:0,(anonymous_13)
FNDA:0,(anonymous_14)
FNDA:0,CreateBonusDialog
FNDA:0,(anonymous_16)
FNDA:0,(anonymous_17)
FNDA:0,handleSubmit_2
FNDA:0,(anonymous_19)
FNDA:0,(anonymous_20)
FNDA:0,(anonymous_21)
FNDA:0,(anonymous_22)
FNDA:0,(anonymous_23)
FNDA:0,(anonymous_24)
FNDA:0,(anonymous_25)
FNDA:0,PayrollPage
FNDA:0,(anonymous_27)
FNDA:0,(anonymous_28)
FNDA:0,(anonymous_29)
FNDA:0,(anonymous_30)
FNDA:0,(anonymous_31)
FNDA:0,(anonymous_32)
FNDA:0,(anonymous_33)
FNDA:0,(anonymous_34)
FNDA:0,(anonymous_35)
FNDA:0,(anonymous_36)
FNDA:0,(anonymous_37)
FNDA:0,(anonymous_38)
FNDA:0,(anonymous_39)
FNDA:0,(anonymous_40)
FNDA:0,(anonymous_41)
FNDA:0,(anonymous_42)
FNDA:0,(anonymous_43)
FNDA:0,(anonymous_44)
FNDA:0,(anonymous_45)
FNDA:0,(anonymous_46)
FNDA:0,(anonymous_47)
FNDA:0,(anonymous_48)
FNDA:0,(anonymous_49)
FNDA:0,(anonymous_50)
FNDA:0,(anonymous_51)
FNDA:0,(anonymous_52)
FNDA:0,(anonymous_53)
DA:57,0
DA:58,0
DA:59,0
DA:60,0
DA:61,0
DA:62,0
DA:64,0
DA:69,0
DA:72,0
DA:73,0
DA:74,0
DA:75,0
DA:76,0
DA:77,0
DA:79,0
DA:83,0
DA:84,0
DA:85,0
DA:86,0
DA:88,0
DA:98,0
DA:100,0
DA:101,0
DA:113,0
DA:117,0
DA:127,0
DA:137,0
DA:142,0
DA:143,0
DA:161,0
DA:185,0
DA:195,0
DA:196,0
DA:197,0
DA:198,0
DA:199,0
DA:200,0
DA:202,0
DA:207,0
DA:210,0
DA:211,0
DA:212,0
DA:213,0
DA:215,0
DA:219,0
DA:220,0
DA:221,0
DA:222,0
DA:224,0
DA:227,0
DA:228,0
DA:244,0
DA:245,0
DA:253,0
DA:263,0
DA:271,0
DA:275,0
DA:293,0
DA:294,0
DA:295,0
DA:296,0
DA:297,0
DA:298,0
DA:299,0
DA:300,0
DA:301,0
DA:302,0
DA:308,0
DA:310,0
DA:313,0
DA:315,0
DA:318,0
DA:323,0
DA:325,0
DA:334,0
DA:339,0
DA:342,0
DA:343,0
DA:344,0
DA:346,0
DA:349,0
DA:352,0
DA:353,0
DA:355,0
DA:358,0
DA:360,0
DA:365,0
DA:367,0
DA:372,0
DA:387,0
DA:394,0
DA:477,0
DA:497,0
DA:526,0
DA:527,0
DA:556,0
DA:563,0
DA:571,0
DA:572,0
DA:604,0
DA:611,0
DA:618,0
DA:648,0
DA:653,0
DA:664,0
DA:665,0
LF:106
LH:0
BRDA:76,0,0,0
BRDA:76,0,1,0
BRDA:84,1,0,0
BRDA:84,1,1,0
BRDA:84,2,0,0
BRDA:84,2,1,0
BRDA:92,3,0,0
BRDA:92,3,1,0
BRDA:98,4,0,0
BRDA:98,4,1,0
BRDA:101,5,0,0
BRDA:101,5,1,0
BRDA:134,6,0,0
BRDA:134,6,1,0
BRDA:142,7,0,0
BRDA:142,7,1,0
BRDA:220,8,0,0
BRDA:220,8,1,0
BRDA:220,9,0,0
BRDA:220,9,1,0
BRDA:220,9,2,0
BRDA:228,10,0,0
BRDA:228,10,1,0
BRDA:358,11,0,0
BRDA:358,11,1,0
BRDA:360,12,0,0
BRDA:360,12,1,0
BRDA:360,12,2,0
BRDA:365,13,0,0
BRDA:365,13,1,0
BRDA:367,14,0,0
BRDA:367,14,1,0
BRDA:367,14,2,0
BRDA:402,15,0,0
BRDA:402,15,1,0
BRDA:425,16,0,0
BRDA:425,16,1,0
BRDA:483,17,0,0
BRDA:483,17,1,0
BRDA:488,18,0,0
BRDA:488,18,1,0
BRDA:488,19,0,0
BRDA:488,19,1,0
BRDA:500,20,0,0
BRDA:500,20,1,0
BRDA:503,21,0,0
BRDA:503,21,1,0
BRDA:504,22,0,0
BRDA:504,22,1,0
BRDA:507,23,0,0
BRDA:507,23,1,0
BRDA:507,24,0,0
BRDA:507,24,1,0
BRDA:518,25,0,0
BRDA:518,25,1,0
BRDA:521,26,0,0
BRDA:521,26,1,0
BRDA:526,27,0,0
BRDA:526,27,1,0
BRDA:542,28,0,0
BRDA:542,28,1,0
BRDA:547,29,0,0
BRDA:547,29,1,0
BRDA:547,30,0,0
BRDA:547,30,1,0
BRDA:561,31,0,0
BRDA:561,31,1,0
BRDA:563,32,0,0
BRDA:563,32,1,0
BRDA:571,33,0,0
BRDA:571,33,1,0
BRDA:586,34,0,0
BRDA:586,34,1,0
BRDA:591,35,0,0
BRDA:591,35,1,0
BRDA:591,36,0,0
BRDA:591,36,1,0
BRDA:628,37,0,0
BRDA:628,37,1,0
BRF:79
BRH:0
end_of_record
TN:
SF:src\features\employees\payroll-server.ts
FN:18,(anonymous_0)
FN:19,(anonymous_1)
FN:43,(anonymous_2)
FN:44,(anonymous_3)
FN:57,(anonymous_4)
FN:91,(anonymous_5)
FN:136,(anonymous_6)
FN:172,(anonymous_7)
FN:187,(anonymous_8)
FN:188,(anonymous_9)
FN:216,(anonymous_10)
FN:220,(anonymous_11)
FN:221,(anonymous_12)
FN:227,(anonymous_13)
FN:228,(anonymous_14)
FNF:15
FNH:0
FNDA:0,(anonymous_0)
FNDA:0,(anonymous_1)
FNDA:0,(anonymous_2)
FNDA:0,(anonymous_3)
FNDA:0,(anonymous_4)
FNDA:0,(anonymous_5)
FNDA:0,(anonymous_6)
FNDA:0,(anonymous_7)
FNDA:0,(anonymous_8)
FNDA:0,(anonymous_9)
FNDA:0,(anonymous_10)
FNDA:0,(anonymous_11)
FNDA:0,(anonymous_12)
FNDA:0,(anonymous_13)
FNDA:0,(anonymous_14)
DA:15,0
DA:17,0
DA:18,0
DA:20,0
DA:22,0
DA:23,0
DA:24,0
DA:26,0
DA:35,0
DA:42,0
DA:43,0
DA:45,0
DA:47,0
DA:48,0
DA:51,0
DA:56,0
DA:57,0
DA:61,0
DA:62,0
DA:63,0
DA:64,0
DA:67,0
DA:68,0
DA:72,0
DA:74,0
DA:75,0
DA:78,0
DA:91,0
DA:94,0
DA:95,0
DA:98,0
DA:99,0
DA:102,0
DA:112,0
DA:113,0
DA:119,0
DA:123,0
DA:124,0
DA:135,0
DA:136,0
DA:138,0
DA:139,0
DA:146,0
DA:159,0
DA:167,0
DA:172,0
DA:175,0
DA:180,0
DA:186,0
DA:187,0
DA:189,0
DA:191,0
DA:203,0
DA:211,0
DA:216,0
DA:217,0
DA:219,0
DA:220,0
DA:221,0
DA:223,0
DA:227,0
DA:228,0
LF:62
LH:0
BRDA:23,0,0,0
BRDA:23,0,1,0
BRDA:24,1,0,0
BRDA:24,1,1,0
BRDA:27,2,0,0
BRDA:27,2,1,0
BRDA:56,3,0,0
BRDA:56,3,1,0
BRDA:56,4,0,0
BRDA:56,4,1,0
BRDA:62,5,0,0
BRDA:62,5,1,0
BRDA:75,6,0,0
BRDA:75,6,1,0
BRDA:91,7,0,0
BRDA:91,7,1,0
BRDA:94,8,0,0
BRDA:94,8,1,0
BRDA:112,9,0,0
BRDA:112,9,1,0
BRDA:123,10,0,0
BRDA:123,10,1,0
BRDA:123,11,0,0
BRDA:123,11,1,0
BRDA:138,12,0,0
BRDA:138,12,1,0
BRDA:172,13,0,0
BRDA:172,13,1,0
BRDA:227,14,0,0
BRDA:227,14,1,0
BRDA:228,15,0,0
BRDA:228,15,1,0
BRF:32
BRH:0
end_of_record
TN:
SF:src\features\employees\performance-server.ts
FN:26,(anonymous_0)
FN:27,(anonymous_1)
FN:42,(anonymous_2)
FN:43,(anonymous_3)
FN:54,(anonymous_4)
FN:55,(anonymous_5)
FNF:6
FNH:0
FNDA:0,(anonymous_0)
FNDA:0,(anonymous_1)
FNDA:0,(anonymous_2)
FNDA:0,(anonymous_3)
FNDA:0,(anonymous_4)
[...]
FN:97,(anonymous_5)
FN:98,(anonymous_6)
FN:104,(anonymous_7)
FN:127,(anonymous_8)
FN:128,(anonymous_9)
FN:130,(anonymous_10)
FNF:11
FNH:4
FNDA:0,(anonymous_0)
FNDA:30,(anonymous_1)
FNDA:0,(anonymous_2)
FNDA:0,(anonymous_3)
FNDA:30,(anonymous_4)
FNDA:0,(anonymous_5)
FNDA:0,(anonymous_6)
FNDA:30,(anonymous_7)
FNDA:0,(anonymous_8)
FNDA:0,(anonymous_9)
FNDA:30,(anonymous_10)
DA:16,30
DA:29,30
DA:35,0
DA:43,30
DA:51,30
DA:65,30
DA:69,0
DA:71,0
DA:75,30
DA:80,30
DA:93,30
DA:97,0
DA:98,0
DA:105,30
DA:112,30
DA:123,30
DA:127,0
DA:128,0
DA:131,30
LF:19
LH:12
BRF:0
BRH:0
end_of_record
TN:
SF:src\shared\db\schema\member-branches.ts
FN:11,(anonymous_0)
FN:14,(anonymous_1)
FN:16,(anonymous_2)
FNF:3
FNH:1
FNDA:0,(anonymous_0)
FNDA:0,(anonymous_1)
FNDA:30,(anonymous_2)
DA:5,30
DA:11,0
DA:14,0
DA:17,30
LF:4
LH:2
BRF:0
BRH:0
end_of_record
TN:
SF:src\shared\db\schema\member-evaluations.ts
FN:18,(anonymous_0)
FN:21,(anonymous_1)
FN:45,(anonymous_2)
FN:46,(anonymous_3)
FNF:4
FNH:1
FNDA:0,(anonymous_0)
FNDA:0,(anonymous_1)
FNDA:0,(anonymous_2)
FNDA:30,(anonymous_3)
DA:12,30
DA:18,0
DA:21,0
DA:45,0
DA:47,30
LF:5
LH:2
BRF:0
BRH:0
end_of_record
TN:
SF:src\shared\db\schema\member-payment-methods.ts
FN:17,(anonymous_0)
FN:30,(anonymous_1)
FN:31,(anonymous_2)
FNF:3
FNH:1
FNDA:0,(anonymous_0)
FNDA:0,(anonymous_1)
FNDA:30,(anonymous_2)
DA:11,30
DA:17,0
DA:30,0
DA:32,30
LF:4
LH:2
BRF:0
BRH:0
end_of_record
TN:
SF:src\shared\db\schema\members.ts
FN:23,(anonymous_0)
FN:38,(anonymous_1)
FN:39,(anonymous_2)
FNF:3
FNH:2
FNDA:0,(anonymous_0)
FNDA:9,(anonymous_1)
FNDA:30,(anonymous_2)
DA:11,30
DA:23,0
DA:38,9
DA:40,30
LF:4
LH:3
BRF:0
BRH:0
end_of_record
TN:
SF:src\shared\db\schema\membership-freezes.ts
FN:11,(anonymous_0)
FN:14,(anonymous_1)
FN:21,(anonymous_2)
FNF:3
FNH:1
FNDA:0,(anonymous_0)
FNDA:0,(anonymous_1)
FNDA:30,(anonymous_2)
DA:5,30
DA:11,0
DA:14,0
DA:22,30
LF:4
LH:2
BRF:0
BRH:0
end_of_record
TN:
SF:src\shared\db\schema\membership-payments.ts
FN:20,(anonymous_0)
FN:23,(anonymous_1)
FN:31,(anonymous_2)
FN:33,(anonymous_3)
FNF:4
FNH:1
FNDA:0,(anonymous_0)
FNDA:0,(anonymous_1)
FNDA:0,(anonymous_2)
FNDA:30,(anonymous_3)
DA:14,30
DA:20,0
DA:23,0
DA:31,0
DA:34,30
LF:5
LH:2
BRF:0
BRH:0
end_of_record
TN:
SF:src\shared\db\schema\notifications.ts
FNF:0
FNH:0
DA:10,30
DA:18,30
LF:2
LH:2
BRF:0
BRH:0
end_of_record
TN:
SF:src\shared\db\schema\nutrition-plans.ts
FN:24,(anonymous_0)
FN:42,(anonymous_1)
FN:47,(anonymous_2)
FN:48,(anonymous_3)
FNF:4
FNH:1
FNDA:0,(anonymous_0)
FNDA:0,(anonymous_1)
FNDA:0,(anonymous_2)
FNDA:30,(anonymous_3)
DA:18,30
DA:24,0
DA:42,0
DA:47,0
DA:49,30
LF:5
LH:2
BRF:0
BRH:0
end_of_record
TN:
SF:src\shared\db\schema\packages.ts
FN:34,(anonymous_0)
FN:41,(anonymous_1)
FN:50,(anonymous_2)
FN:60,(anonymous_3)
FN:63,(anonymous_4)
FNF:5
FNH:2
FNDA:5,(anonymous_0)
FNDA:0,(anonymous_1)
FNDA:0,(anonymous_2)
FNDA:0,(anonymous_3)
FNDA:30,(anonymous_4)
DA:13,30
DA:34,5
DA:37,30
DA:41,0
DA:46,30
DA:50,0
DA:56,30
DA:60,0
DA:63,30
LF:9
LH:6
BRF:0
BRH:0
end_of_record
TN:
SF:src\shared\db\schema\payroll.ts
FN:23,(anonymous_0)
FN:38,(anonymous_1)
FNF:2
FNH:1
FNDA:0,(anonymous_0)
FNDA:30,(anonymous_1)
DA:17,30
DA:23,0
DA:39,30
LF:3
LH:2
BRF:0
BRH:0
end_of_record
TN:
SF:src\shared\db\schema\product-categories.ts
FN:21,(anonymous_0)
FN:22,(anonymous_1)
FNF:2
FNH:2
FNDA:1,(anonymous_0)
FNDA:30,(anonymous_1)
DA:10,30
DA:21,1
DA:23,30
LF:3
LH:3
BRF:0
BRH:0
end_of_record
TN:
SF:src\shared\db\schema\product-stock.ts
FN:17,(anonymous_0)
FN:20,(anonymous_1)
FN:28,(anonymous_2)
FN:29,(anonymous_3)
FNF:4
FNH:2
FNDA:0,(anonymous_0)
FNDA:0,(anonymous_1)
FNDA:1,(anonymous_2)
FNDA:30,(anonymous_3)
DA:11,30
DA:17,0
DA:20,0
DA:28,1
DA:30,30
LF:5
LH:3
BRF:0
BRH:0
end_of_record
TN:
SF:src\shared\db\schema\products.ts
FN:22,(anonymous_0)
FN:33,(anonymous_1)
FN:34,(anonymous_2)
FNF:3
FNH:1
FNDA:0,(anonymous_0)
FNDA:0,(anonymous_1)
FNDA:30,(anonymous_2)
DA:12,30
DA:22,0
DA:33,0
DA:35,30
LF:4
LH:2
BRF:0
BRH:0
end_of_record
TN:
SF:src\shared\db\schema\promotions.ts
FNF:0
FNH:0
DA:19,30
LF:1
LH:1
BRF:0
BRH:0
end_of_record
TN:
SF:src\shared\db\schema\purchases.ts
FN:21,(anonymous_0)
FN:29,(anonymous_1)
FN:31,(anonymous_2)
FN:44,(anonymous_3)
FN:47,(anonymous_4)
FN:51,(anonymous_5)
FNF:6
FNH:2
FNDA:0,(anonymous_0)
FNDA:0,(anonymous_1)
FNDA:30,(anonymous_2)
FNDA:0,(anonymous_3)
FNDA:0,(anonymous_4)
FNDA:30,(anonymous_5)
DA:14,30
DA:21,0
DA:29,0
DA:32,30
DA:38,30
DA:44,0
DA:47,0
DA:52,30
LF:8
LH:4
BRF:0
BRH:0
end_of_record
TN:
SF:src\shared\db\schema\push-subscriptions.ts
FN:10,(anonymous_0)
FN:14,(anonymous_1)
FNF:2
FNH:1
FNDA:0,(anonymous_0)
FNDA:30,(anonymous_1)
DA:4,30
DA:10,0
DA:15,30
LF:3
LH:2
BRF:0
BRH:0
end_of_record
TN:
SF:src\shared\db\schema\relations.ts
FN:59,(anonymous_0)
FN:66,(anonymous_1)
FN:70,(anonymous_2)
FN:74,(anonymous_3)
FN:78,(anonymous_4)
FN:108,(anonymous_5)
FN:124,(anonymous_6)
FN:141,(anonymous_7)
FN:153,(anonymous_8)
FN:159,(anonymous_9)
FN:170,(anonymous_10)
FN:181,(anonymous_11)
FN:184,(anonymous_12)
FN:196,(anonymous_13)
FN:207,(anonymous_14)
FN:213,(anonymous_15)
FN:222,(anonymous_16)
FN:236,(anonymous_17)
FN:250,(anonymous_18)
FN:257,(anonymous_19)
FN:262,(anonymous_20)
FN:273,(anonymous_21)
FN:285,(anonymous_22)
FN:297,(anonymous_23)
FN:311,(anonymous_24)
FN:320,(anonymous_25)
FN:328,(anonymous_26)
FN:341,(anonymous_27)
FN:347,(anonymous_28)
FN:355,(anonymous_29)
FN:362,(anonymous_30)
FN:369,(anonymous_31)
FN:377,(anonymous_32)
FN:388,(anonymous_33)
FN:399,(anonymous_34)
FN:413,(anonymous_35)
FN:428,(anonymous_36)
FN:441,(anonymous_37)
FN:452,(anonymous_38)
FN:454,(anonymous_39)
FN:461,(anonymous_40)
FN:463,(anonymous_41)
FN:470,(anonymous_42)
FN:472,(anonymous_43)
FN:483,(anonymous_44)
FN:485,(anonymous_45)
FN:496,(anonymous_46)
FN:499,(anonymous_47)
FN:510,(anonymous_48)
FN:525,(anonymous_49)
FN:538,(anonymous_50)
FN:553,(anonymous_51)
FN:560,(anonymous_52)
FN:567,(anonymous_53)
FN:574,(anonymous_54)
FN:585,(anonymous_55)
FN:594,(anonymous_56)
FN:607,(anonymous_57)
FN:614,(anonymous_58)
FN:621,(anonymous_59)
FN:628,(anonymous_60)
FN:635,(anonymous_61)
FN:642,(anonymous_62)
FN:653,(anonymous_63)
FN:660,(anonymous_64)
FNF:65
FNH:65
FNDA:30,(anonymous_0)
FNDA:30,(anonymous_1)
FNDA:30,(anonymous_2)
FNDA:30,(anonymous_3)
FNDA:30,(anonymous_4)
FNDA:30,(anonymous_5)
FNDA:30,(anonymous_6)
FNDA:30,(anonymous_7)
FNDA:30,(anonymous_8)
FNDA:30,(anonymous_9)
FNDA:30,(anonymous_10)
FNDA:30,(anonymous_11)
FNDA:30,(anonymous_12)
FNDA:30,(anonymous_13)
FNDA:30,(anonymous_14)
FNDA:30,(anonymous_15)
FNDA:30,(anonymous_16)
FNDA:30,(anonymous_17)
FNDA:30,(anonymous_18)
FNDA:30,(anonymous_19)
FNDA:30,(anonymous_20)
FNDA:30,(anonymous_21)
FNDA:30,(anonymous_22)
FNDA:30,(anonymous_23)
FNDA:30,(anonymous_24)
FNDA:30,(anonymous_25)
FNDA:30,(anonymous_26)
FNDA:30,(anonymous_27)
FNDA:30,(anonymous_28)
FNDA:30,(anonymous_29)
FNDA:30,(anonymous_30)
FNDA:30,(anonymous_31)
FNDA:30,(anonymous_32)
FNDA:30,(anonymous_33)
FNDA:30,(anonymous_34)
FNDA:30,(anonymous_35)
FNDA:30,(anonymous_36)
FNDA:30,(anonymous_37)
FNDA:30,(anonymous_38)
FNDA:30,(anonymous_39)
FNDA:30,(anonymous_40)
FNDA:30,(anonymous_41)
FNDA:30,(anonymous_42)
FNDA:30,(anonymous_43)
FNDA:30,(anonymous_44)
FNDA:30,(anonymous_45)
FNDA:30,(anonymous_46)
FNDA:30,(anonymous_47)
FNDA:30,(anonymous_48)
FNDA:30,(anonymous_49)
FNDA:30,(anonymous_50)
FNDA:30,(anonymous_51)
FNDA:30,(anonymous_52)
FNDA:30,(anonymous_53)
FNDA:30,(anonymous_54)
FNDA:30,(anonymous_55)
FNDA:30,(anonymous_56)
FNDA:30,(anonymous_57)
FNDA:30,(anonymous_58)
FNDA:30,(anonymous_59)
FNDA:30,(anonymous_60)
FNDA:30,(anonymous_61)
FNDA:30,(anonymous_62)
FNDA:30,(anonymous_63)
FNDA:30,(anonymous_64)
DA:59,30
DA:66,30
DA:70,30
DA:74,30
DA:78,30
DA:107,30
DA:109,30
DA:123,30
DA:125,30
DA:141,30
DA:152,30
DA:154,30
DA:159,30
DA:170,30
DA:181,30
DA:184,30
DA:196,30
DA:207,30
DA:213,30
DA:221,30
DA:223,30
DA:235,30
DA:237,30
DA:250,30
DA:257,30
DA:261,30
DA:263,30
DA:273,30
DA:284,30
DA:286,30
DA:296,30
DA:298,30
DA:310,30
DA:312,30
DA:320,30
DA:327,30
DA:329,30
DA:341,30
DA:347,30
DA:355,30
DA:362,30
DA:369,30
DA:376,30
DA:378,30
DA:388,30
DA:399,30
DA:412,30
DA:414,30
DA:428,30
DA:441,30
DA:452,30
DA:454,30
DA:461,30
DA:463,30
DA:470,30
DA:472,30
DA:483,30
DA:485,30
DA:496,30
DA:498,30
DA:500,30
DA:509,30
DA:511,30
DA:524,30
DA:526,30
DA:538,30
DA:553,30
DA:560,30
DA:567,30
DA:574,30
DA:585,30
DA:594,30
DA:607,30
DA:614,30
DA:621,30
DA:628,30
DA:635,30
DA:642,30
DA:653,30
DA:660,30
LF:80
LH:80
BRF:0
BRH:0
end_of_record
TN:
SF:src\shared\db\schema\roles.ts
FNF:0
FNH:0
DA:3,30
LF:1
LH:1
BRF:0
BRH:0
end_of_record
TN:
SF:src\shared\db\schema\sales.ts
FN:20,(anonymous_0)
FN:24,(anonymous_1)
FN:36,(anonymous_2)
FN:52,(anonymous_3)
FN:55,(anonymous_4)
FN:59,(anonymous_5)
FNF:6
FNH:2
FNDA:0,(anonymous_0)
FNDA:0,(anonymous_1)
FNDA:30,(anonymous_2)
FNDA:0,(anonymous_3)
FNDA:0,(anonymous_4)
FNDA:30,(anonymous_5)
DA:15,30
DA:20,0
DA:24,0
DA:37,30
DA:46,30
DA:52,0
DA:55,0
DA:60,30
LF:8
LH:4
BRF:0
BRH:0
end_of_record
TN:
SF:src\shared\db\schema\settings.ts
FN:73,(anonymous_0)
FNF:1
FNH:1
FNDA:30,(anonymous_0)
DA:13,30
DA:74,30
LF:2
LH:2
BRF:0
BRH:0
end_of_record
TN:
SF:src\shared\db\schema\subscriptions.ts
FN:12,(anonymous_0)
FN:13,(anonymous_1)
FN:23,(anonymous_2)
FN:24,(anonymous_3)
FNF:4
FNH:2
FNDA:0,(anonymous_0)
FNDA:0,(anonymous_1)
FNDA:1,(anonymous_2)
FNDA:30,(anonymous_3)
DA:6,30
DA:12,0
DA:13,0
DA:23,1
DA:25,30
LF:5
LH:3
BRF:0
BRH:0
end_of_record
TN:
SF:src\shared\db\schema\suppliers.ts
FN:15,(anonymous_0)
FNF:1
FNH:1
FNDA:6,(anonymous_0)
DA:3,30
DA:15,6
LF:2
LH:2
BRF:0
BRH:0
end_of_record
TN:
SF:src\shared\db\schema\trainers.ts
FN:21,(anonymous_0)
FN:33,(anonymous_1)
FN:34,(anonymous_2)
FN:44,(anonymous_3)
FN:47,(anonymous_4)
FN:50,(anonymous_5)
FN:63,(anonymous_6)
FN:66,(anonymous_7)
FN:69,(anonymous_8)
FN:82,(anonymous_9)
FN:86,(anonymous_10)
FNF:11
FNH:4
FNDA:0,(anonymous_0)
FNDA:0,(anonymous_1)
FNDA:30,(anonymous_2)
FNDA:0,(anonymous_3)
FNDA:0,(anonymous_4)
FNDA:30,(anonymous_5)
FNDA:0,(anonymous_6)
FNDA:0,(anonymous_7)
FNDA:30,(anonymous_8)
FNDA:0,(anonymous_9)
FNDA:30,(anonymous_10)
DA:14,30
DA:21,0
DA:33,0
DA:35,30
DA:38,30
DA:44,0
DA:47,0
DA:51,30
DA:57,30
DA:63,0
DA:66,0
DA:70,30
DA:76,30
DA:82,0
DA:87,30
LF:15
LH:8
BRF:0
BRH:0
end_of_record
TN:
SF:src\shared\db\schema\tv-media.ts
FNF:0
FNH:0
DA:3,30
DA:12,30
LF:2
LH:2
BRF:0
BRH:0
end_of_record
TN:
SF:src\shared\db\schema\user-devices.ts
FN:10,(anonymous_0)
FN:20,(anonymous_1)
FNF:2
FNH:1
FNDA:0,(anonymous_0)
FNDA:30,(anonymous_1)
DA:4,30
DA:10,0
DA:21,30
LF:3
LH:2
BRF:0
BRH:0
end_of_record
TN:
SF:src\shared\db\schema\weight-history.ts
FN:22,(anonymous_0)
FN:36,(anonymous_1)
FN:39,(anonymous_2)
FNF:3
FNH:1
FNDA:0,(anonymous_0)
FNDA:0,(anonymous_1)
FNDA:30,(anonymous_2)
DA:16,30
DA:22,0
DA:36,0
DA:40,30
LF:4
LH:2
BRF:0
BRH:0
end_of_record
TN:
SF:src\shared\hooks\use-current-branch.ts
FN:7,useCurrentBranch
FN:9,(anonymous_1)
FN:18,(anonymous_2)
FN:21,(anonymous_3)
FN:27,(anonymous_4)
FN:34,(anonymous_5)
FN:44,(anonymous_6)
FNF:7
FNH:0
FNDA:0,useCurrentBranch
FNDA:0,(anonymous_1)
FNDA:0,(anonymous_2)
FNDA:0,(anonymous_3)
FNDA:0,(anonymous_4)
FNDA:0,(anonymous_5)
FNDA:0,(anonymous_6)
DA:5,0
DA:8,0
DA:9,0
DA:10,0
DA:11,0
DA:12,0
DA:13,0
DA:15,0
DA:18,0
DA:19,0
DA:21,0
DA:22,0
DA:23,0
DA:26,0
DA:27,0
DA:28,0
DA:32,0
DA:34,0
DA:38,0
DA:44,0
DA:45,0
DA:46,0
DA:49,0
LF:23
LH:0
BRDA:10,0,0,0
BRDA:10,0,1,0
BRDA:12,1,0,0
BRDA:12,1,1,0
BRDA:12,2,0,0
BRDA:12,2,1,0
BRDA:23,3,0,0
BRDA:23,3,1,0
BRDA:23,4,0,0
BRDA:23,4,1,0
BRDA:32,5,0,0
BRDA:38,6,0,0
BRDA:38,6,1,0
BRDA:39,7,0,0
BRDA:39,7,1,0
BRDA:39,7,2,0
BRF:16
BRH:0
end_of_record
TN:
SF:src\shared\hooks\use-debounce.ts
FN:3,useDebounce
FN:6,(anonymous_1)
FN:7,(anonymous_2)
FN:8,(anonymous_3)
FNF:4
FNH:0
FNDA:0,useDebounce
FNDA:0,(anonymous_1)
FNDA:0,(anonymous_2)
FNDA:0,(anonymous_3)
DA:4,0
DA:6,0
DA:7,0
DA:8,0
DA:11,0
LF:5
LH:0
BRDA:3,0,0,0
BRF:1
BRH:0
end_of_record
TN:
SF:src\shared\hooks\use-persisted-state.ts
FN:10,usePersistedState
FN:15,(anonymous_1)
FN:26,(anonymous_2)
FN:28,(anonymous_3)
FNF:4
FNH:0
FNDA:0,usePersistedState
FNDA:0,(anonymous_1)
FNDA:0,(anonymous_2)
FNDA:0,(anonymous_3)
DA:15,0
DA:16,0
DA:17,0
DA:18,0
DA:19,0
DA:20,0
DA:22,0
DA:26,0
DA:28,0
DA:29,0
DA:30,0
DA:31,0
DA:35,0
DA:41,0
LF:14
LH:0
BRDA:18,0,0,0
BRDA:18,0,1,0
BRDA:20,1,0,0
BRDA:20,1,1,0
BRDA:29,2,0,0
BRDA:29,2,1,0
BRF:6
BRH:0
end_of_record
TN:
SF:src\shared\lib\ai.ts
FN:5,getGroq
FN:17,generateDescriptionForCategory
FNF:2
FNH:1
FNDA:1,getGroq
FNDA:0,generateDescriptionForCategory
DA:3,1
DA:6,1
DA:7,1
DA:8,0
DA:10,1
DA:12,1
DA:15,1
DA:18,0
DA:19,0
DA:36,0
DA:37,0
LF:11
LH:6
BRDA:6,0,0,1
BRDA:6,0,1,0
BRDA:7,1,0,0
BRDA:7,1,1,1
BRDA:15,2,0,1
BRDA:15,2,1,0
BRDA:36,3,0,0
BRDA:36,3,1,0
BRF:8
BRH:3
end_of_record
TN:
SF:src\shared\lib\audit-context.ts
FN:1,getAuditContext
FNF:1
FNH:1
FNDA:5,getAuditContext
DA:4,5
DA:5,2
DA:7,3
LF:3
LH:3
BRDA:4,0,0,2
BRDA:4,0,1,3
BRDA:8,1,0,3
BRDA:8,1,1,1
BRDA:9,2,0,5
BRDA:9,2,1,1
BRDA:10,3,0,5
BRDA:10,3,1,2
BRF:8
BRH:8
end_of_record
TN:
SF:src\shared\lib\audit.ts
FN:4,createAuditLog
FNF:1
FNH:0
FNDA:0,createAuditLog
DA:15,0
DA:16,0
DA:29,0
LF:3
LH:0
BRDA:17,0,0,0
BRDA:17,0,1,0
BRDA:18,1,0,0
BRDA:18,1,1,0
BRDA:19,2,0,0
BRDA:19,2,1,0
BRDA:23,3,0,0
BRDA:23,3,1,0
BRDA:25,4,0,0
BRDA:25,4,1,0
BRDA:26,5,0,0
BRDA:26,5,1,0
BRDA:31,6,0,0
BRDA:31,6,1,0
BRF:14
BRH:0
end_of_record
TN:
SF:src\shared\lib\auth-client.ts
FNF:0
FNH:0
DA:4,0
LF:1
LH:0
BRF:0
BRH:0
end_of_record
TN:
SF:src\shared\lib\auth.ts
FN:76,(anonymous_0)
FN:94,sendOTP
FNF:2
FNH:0
FNDA:0,(anonymous_0)
FNDA:0,sendOTP
DA:8,5
DA:23,5
DA:38,5
DA:77,0
DA:81,0
DA:82,0
LF:6
LH:3
BRDA:81,0,0,0
BRDA:81,0,1,0
BRF:2
BRH:0
end_of_record
TN:
SF:src\shared\lib\email.ts
FN:5,sendEmail
FN:31,expirationEmailHtml
FN:50,classReminderEmailHtml
FN:71,inactiveEmailHtml
FN:88,birthdayEmailHtml
FN:103,expiredEmailHtml
FNF:6
FNH:0
FNDA:0,sendEmail
FNDA:0,expirationEmailHtml
FNDA:0,classReminderEmailHtml
FNDA:0,inactiveEmailHtml
FNDA:0,birthdayEmailHtml
FNDA:0,expiredEmailHtml
DA:14,0
DA:15,0
DA:16,0
DA:17,0
DA:19,0
DA:20,0
DA:22,0
DA:23,0
DA:25,0
DA:27,0
DA:40,0
DA:61,0
DA:78,0
DA:93,0
DA:110,0
LF:15
LH:0
BRDA:17,0,0,0
BRDA:17,0,1,0
BRDA:19,1,0,0
BRDA:19,1,1,0
BRDA:23,2,0,0
BRDA:23,2,1,0
BRDA:43,3,0,0
BRDA:43,3,1,0
BRDA:64,4,0,0
BRDA:64,4,1,0
BRDA:113,5,0,0
BRDA:113,5,1,0
BRF:12
BRH:0
end_of_record
TN:
SF:src\shared\lib\export-utils.ts
FN:1,downloadCSV
FN:14,downloadExcel
FNF:2
FNH:0
FNDA:0,downloadCSV
FNDA:0,downloadExcel
DA:2,0
DA:3,0
DA:4,0
DA:5,0
DA:6,0
DA:7,0
DA:8,0
DA:9,0
DA:10,0
DA:11,0
DA:15,0
DA:16,0
DA:17,0
DA:18,0
DA:19,0
DA:20,0
DA:21,0
DA:22,0
DA:23,0
DA:24,0
DA:25,0
DA:26,0
DA:27,0
DA:28,0
LF:24
LH:0
BRF:0
BRH:0
end_of_record
TN:
SF:src\shared\lib\formatters.ts
FN:1,formatCurrency
FN:10,formatDate
FN:20,formatDateTime
FN:32,parseNumeric
FN:37,capitalize
FN:42,capitalizeWords
FN:44,(anonymous_6)
FN:47,getInitials
FN:50,(anonymous_8)
FN:56,formatRelativeTime
FNF:10
FNH:0
FNDA:0,formatCurrency
FNDA:0,formatDate
FNDA:0,formatDateTime
FNDA:0,parseNumeric
FNDA:0,capitalize
FNDA:0,capitalizeWords
FNDA:0,(anonymous_6)
FNDA:0,getInitials
FNDA:0,(anonymous_8)
FNDA:0,formatRelativeTime
DA:2,0
DA:3,0
DA:11,0
DA:12,0
DA:13,0
DA:21,0
DA:22,0
DA:23,0
DA:33,0
DA:34,0
DA:38,0
DA:39,0
DA:43,0
DA:44,0
DA:48,0
DA:50,0
DA:57,0
DA:58,0
DA:59,0
DA:60,0
DA:61,0
DA:62,0
DA:63,0
DA:64,0
DA:66,0
DA:67,0
DA:68,0
DA:69,0
DA:70,0
LF:29
LH:0
BRDA:2,0,0,0
BRDA:2,0,1,0
BRDA:11,1,0,0
BRDA:11,1,1,0
BRDA:12,2,0,0
BRDA:12,2,1,0
BRDA:21,3,0,0
BRDA:21,3,1,0
BRDA:22,4,0,0
BRDA:22,4,1,0
BRDA:33,5,0,0
BRDA:33,5,1,0
BRDA:38,6,0,0
BRDA:38,6,1,0
BRDA:43,7,0,0
BRDA:43,7,1,0
BRDA:57,8,0,0
BRDA:57,8,1,0
BRDA:58,9,0,0
BRDA:58,9,1,0
BRDA:66,10,0,0
BRDA:66,10,1,0
BRDA:67,11,0,0
BRDA:67,11,1,0
BRDA:67,12,0,0
BRDA:67,12,1,0
BRDA:68,13,0,0
BRDA:68,13,1,0
BRDA:68,14,0,0
BRDA:68,14,1,0
BRDA:69,15,0,0
BRDA:69,15,1,0
BRDA:69,16,0,0
BRDA:69,16,1,0
BRF:34
BRH:0
end_of_record
TN:
SF:src\shared\lib\permissions.ts
FN:160,hasPermission
FN:164,hasAnyPermission
FN:168,(anonymous_2)
FNF:3
FNH:3
FNDA:89,hasPermission
FNDA:4,hasAnyPermission
FNDA:6,(anonymous_2)
DA:59,6
DA:161,89
DA:168,6
LF:3
LH:3
BRF:0
BRH:0
end_of_record
TN:
SF:src\shared\lib\push.ts
FN:15,sendPushToToken
FN:34,sendPushToMultipleTokens
FNF:2
FNH:0
FNDA:0,sendPushToToken
FNDA:0,sendPushToMultipleTokens
DA:3,0
DA:19,0
DA:20,0
DA:21,0
DA:24,0
DA:26,0
DA:28,0
DA:30,0
DA:42,0
DA:43,0
DA:46,0
DA:47,0
DA:48,0
DA:50,0
DA:51,0
DA:52,0
DA:53,0
DA:55,0
DA:56,0
DA:57,0
DA:62,0
LF:21
LH:0
BRDA:5,0,0,0
BRDA:5,0,1,0
BRDA:6,1,0,0
BRDA:6,1,1,0
BRDA:26,2,0,0
BRDA:26,2,1,0
BRDA:26,3,0,0
BRDA:26,3,1,0
BRDA:42,4,0,0
BRDA:42,4,1,0
BRDA:52,5,0,0
BRDA:52,5,1,0
BRDA:56,6,0,0
BRDA:56,6,1,0
BRF:14
BRH:0
end_of_record
TN:
SF:src\shared\lib\schemas.ts
FN:4,isValidDate
FNF:1
FNH:1
FNDA:20,isValidDate
DA:5,20
DA:6,20
DA:7,20
DA:17,5
DA:20,5
DA:25,5
DA:28,5
DA:36,5
DA:39,5
DA:42,5
DA:47,5
DA:50,5
DA:53,5
DA:56,5
DA:59,5
DA:64,5
DA:69,5
DA:70,5
LF:18
LH:18
BRDA:8,0,0,20
BRDA:8,0,1,13
BRDA:8,0,2,6
BRF:3
BRH:3
end_of_record
TN:
SF:src\shared\lib\server-utils.ts
FN:7,(anonymous_0)
FN:16,(anonymous_1)
FN:17,(anonymous_2)
FN:39,(anonymous_3)
FN:40,(anonymous_4)
FNF:5
FNH:0
FNDA:0,(anonymous_0)
FNDA:0,(anonymous_1)
FNDA:0,(anonymous_2)
FNDA:0,(anonymous_3)
FNDA:0,(anonymous_4)
DA:6,5
DA:8,0
DA:9,0
DA:10,0
DA:11,0
DA:15,5
DA:16,0
DA:18,0
DA:19,0
DA:20,0
DA:21,0
DA:22,0
DA:26,0
DA:27,0
DA:28,0
DA:29,0
DA:31,0
DA:38,5
DA:39,0
DA:41,0
DA:42,0
DA:43,0
DA:44,0
DA:45,0
DA:49,0
DA:50,0
DA:51,0
DA:52,0
DA:54,0
LF:29
LH:3
BRDA:21,0,0,0
BRDA:21,0,1,0
BRDA:27,1,0,0
BRDA:27,1,1,0
BRDA:28,2,0,0
BRDA:28,2,1,0
BRDA:44,3,0,0
BRDA:44,3,1,0
BRDA:50,4,0,0
BRDA:50,4,1,0
BRDA:51,5,0,0
BRDA:51,5,1,0
BRF:12
BRH:0
end_of_record
TN:
SF:src\shared\lib\stripe.ts
FN:5,getStripeClient
FN:21,getPublishableKey
FN:25,getWebhookSecret
FNF:3
FNH:0
FNDA:0,getStripeClient
FNDA:0,getPublishableKey
FNDA:0,getWebhookSecret
DA:3,0
DA:6,0
DA:8,0
DA:9,0
DA:10,0
DA:15,0
DA:18,0
DA:22,0
DA:26,0
LF:9
LH:0
BRDA:6,0,0,0
BRDA:6,0,1,0
BRDA:9,1,0,0
BRDA:9,1,1,0
BRDA:22,2,0,0
BRDA:22,2,1,0
BRDA:26,3,0,0
BRDA:26,3,1,0
BRF:8
BRH:0
end_of_record
TN:
SF:src\shared\lib\subscription-utils.ts
FN:1,isExpired
FN:6,isExpiringThisWeek
FN:17,getActiveSubscription
FN:23,isSubscriptionActive
FN:39,getPaymentMethodLabel
FNF:5
FNH:0
FNDA:0,isExpired
FNDA:0,isExpiringThisWeek
FNDA:0,getActiveSubscription
FNDA:0,isSubscriptionActive
FNDA:0,getPaymentMethodLabel
DA:2,0
DA:3,0
DA:9,0
DA:10,0
DA:11,0
DA:12,0
DA:13,0
DA:14,0
DA:20,0
DA:26,0
DA:27,0
DA:32,0
DA:40,0
LF:13
LH:0
BRDA:2,0,0,0
BRDA:2,0,1,0
BRDA:9,1,0,0
BRDA:9,1,1,0
BRDA:14,2,0,0
BRDA:14,2,1,0
BRDA:26,3,0,0
BRDA:26,3,1,0
BRDA:27,4,0,0
BRDA:27,4,1,0
BRDA:40,5,0,0
BRDA:40,5,1,0
BRF:12
BRH:0
end_of_record
TN:
SF:src\shared\lib\twilio.ts
FN:7,getClient
FN:14,formatWhatsAppNumber
FN:20,sendWhatsApp
FN:53,sendWhatsAppTemplate
FN:95,templateVars_expiration
FN:109,templateVars_expired
FN:121,templateVars_birthday
FN:131,templateVars_inactive
FN:143,templateVars_classReminder
FN:161,sendSMS
FNF:10
FNH:0
FNDA:0,getClient
FNDA:0,formatWhatsAppNumber
FNDA:0,sendWhatsApp
FNDA:0,sendWhatsAppTemplate
FNDA:0,templateVars_expiration
FNDA:0,templateVars_expired
FNDA:0,templateVars_birthday
FNDA:0,templateVars_inactive
FNDA:0,templateVars_classReminder
FNDA:0,sendSMS
DA:8,0
DA:9,0
DA:11,0
DA:15,0
DA:27,0
DA:28,0
DA:29,0
DA:30,0
DA:31,0
DA:32,0
DA:34,0
DA:39,0
DA:41,0
DA:64,0
DA:66,0
DA:67,0
DA:70,0
DA:71,0
DA:72,0
DA:73,0
DA:74,0
DA:76,0
DA:82,0
DA:85,0
DA:86,0
DA:88,0
DA:101,0
DA:114,0
DA:125,0
DA:136,0
DA:150,0
DA:168,0
DA:169,0
DA:170,0
DA:171,0
DA:172,0
DA:174,0
DA:175,0
DA:177,0
DA:178,0
DA:181,0
DA:183,0
DA:189,0
DA:191,0
LF:44
LH:0
BRDA:8,0,0,0
BRDA:8,0,1,0
BRDA:8,1,0,0
BRDA:8,1,1,0
BRDA:15,2,0,0
BRDA:15,2,1,0
BRDA:30,3,0,0
BRDA:30,3,1,0
BRDA:32,4,0,0
BRDA:32,4,1,0
BRDA:66,5,0,0
BRDA:66,5,1,0
BRDA:72,6,0,0
BRDA:72,6,1,0
BRDA:74,7,0,0
BRDA:74,7,1,0
BRDA:174,8,0,0
BRDA:174,8,1,0
BRDA:174,9,0,0
BRDA:174,9,1,0
BRDA:177,10,0,0
BRDA:177,10,1,0
BRF:22
BRH:0
end_of_record
TN:
SF:src\shared\lib\utils.ts
FN:5,cn
FNF:1
FNH:1
FNDA:15,cn
DA:6,15
LF:1
LH:1
BRF:0
BRH:0
end_of_record
